[2022-06-02 12:17:27.660] INFO  AbstractTestContextBootstrapper.getDefaultTestExecutionListenerClassNames(AbstractTestContextBootstrapper.java:245) - Loaded default TestExecutionListener class names from location [META-INF/spring.factories]: [org.springframework.test.context.web.ServletTestExecutionListener, org.springframework.test.context.support.DirtiesContextBeforeModesTestExecutionListener, org.springframework.test.context.event.ApplicationEventsTestExecutionListener, org.springframework.test.context.support.DependencyInjectionTestExecutionListener, org.springframework.test.context.support.DirtiesContextTestExecutionListener, org.springframework.test.context.transaction.TransactionalTestExecutionListener, org.springframework.test.context.jdbc.SqlScriptsTestExecutionListener, org.springframework.test.context.event.EventPublishingTestExecutionListener]
[2022-06-02 12:17:27.679] INFO  AbstractTestContextBootstrapper.getTestExecutionListeners(AbstractTestContextBootstrapper.java:174) - Using TestExecutionListeners: [org.springframework.test.context.support.DirtiesContextBeforeModesTestExecutionListener@1a677343, org.springframework.test.context.event.ApplicationEventsTestExecutionListener@15de0b3c, org.springframework.test.context.support.DependencyInjectionTestExecutionListener@489115ef, org.springframework.test.context.support.DirtiesContextTestExecutionListener@3857f613, org.springframework.test.context.transaction.TransactionalTestExecutionListener@198b6731, org.springframework.test.context.jdbc.SqlScriptsTestExecutionListener@7c6908d7, org.springframework.test.context.event.EventPublishingTestExecutionListener@3c9754d8]
[2022-06-02 12:17:28.017] DEBUG SonySpeaker.<init>(SonySpeaker.java:12) - SonySpeaker 생성자 호출
[2022-06-02 12:17:28.048] DEBUG SamsungTV.<init>(SamsungTV.java:33) - 삼성 TV인자 2개 생성자 호출
[2022-06-02 12:17:28.049] DEBUG SamsungTV.<init>(SamsungTV.java:34) - price200000000
[2022-06-02 12:17:28.050] DEBUG SamsungTV.initMethod(SamsungTV.java:39) - 삼성 TV initMethod()
[2022-06-02 12:17:28.089] DEBUG JTvPcwk.setUp(JTvPcwk.java:32) - -----------------------
[2022-06-02 12:17:28.090] DEBUG JTvPcwk.setUp(JTvPcwk.java:33) - 0.setUp()
[2022-06-02 12:17:28.091] DEBUG JTvPcwk.setUp(JTvPcwk.java:34) - -----------------------
[2022-06-02 12:17:28.095] DEBUG JTvPcwk.setUp(JTvPcwk.java:38) - context : org.springframework.context.support.GenericApplicationContext@ed7f8b4, started on Thu Jun 02 12:17:27 KST 2022
[2022-06-02 12:17:28.095] DEBUG JTvPcwk.setUp(JTvPcwk.java:39) - tv01 : com.pcwk.ehr.SamsungTV@147e2ae7
[2022-06-02 12:17:28.095] DEBUG JTvPcwk.setUp(JTvPcwk.java:40) - tv02 : com.pcwk.ehr.SamsungTV@147e2ae7
[2022-06-02 12:17:28.097] DEBUG JTvPcwk.tvTest(JTvPcwk.java:56) - -----------------------
[2022-06-02 12:17:28.097] DEBUG JTvPcwk.tvTest(JTvPcwk.java:57) - tvTest()
[2022-06-02 12:17:28.098] DEBUG JTvPcwk.tvTest(JTvPcwk.java:58) - -----------------------
[2022-06-02 12:17:28.098] DEBUG SamsungTV.powerOn(SamsungTV.java:50) - 삼성 TV 전원을 켠다
[2022-06-02 12:17:28.098] DEBUG SonySpeaker.volumeUp(SonySpeaker.java:15) - SonySpeaker volumeUp 호출
[2022-06-02 12:17:28.099] DEBUG SonySpeaker.volumeDown(SonySpeaker.java:18) - SonySpeaker volumeDown 호출
[2022-06-02 12:17:28.099] DEBUG SamsungTV.powerOff(SamsungTV.java:55) - 삼성 TV 전원을 끈다
[2022-06-02 12:17:28.103] DEBUG JTvPcwk.tearDown(JTvPcwk.java:49) - -----------------------
[2022-06-02 12:17:28.103] DEBUG JTvPcwk.tearDown(JTvPcwk.java:50) - 9.tearDown()
[2022-06-02 12:17:28.103] DEBUG JTvPcwk.tearDown(JTvPcwk.java:51) - -----------------------
[2022-06-02 12:17:28.110] DEBUG SamsungTV.destroyMethod(SamsungTV.java:45) - 삼성 TV destroyMethod()
[2022-06-02 12:26:35.593] INFO  AbstractTestContextBootstrapper.getDefaultTestExecutionListenerClassNames(AbstractTestContextBootstrapper.java:245) - Loaded default TestExecutionListener class names from location [META-INF/spring.factories]: [org.springframework.test.context.web.ServletTestExecutionListener, org.springframework.test.context.support.DirtiesContextBeforeModesTestExecutionListener, org.springframework.test.context.event.ApplicationEventsTestExecutionListener, org.springframework.test.context.support.DependencyInjectionTestExecutionListener, org.springframework.test.context.support.DirtiesContextTestExecutionListener, org.springframework.test.context.transaction.TransactionalTestExecutionListener, org.springframework.test.context.jdbc.SqlScriptsTestExecutionListener, org.springframework.test.context.event.EventPublishingTestExecutionListener]
[2022-06-02 12:26:35.612] INFO  AbstractTestContextBootstrapper.getTestExecutionListeners(AbstractTestContextBootstrapper.java:174) - Using TestExecutionListeners: [org.springframework.test.context.support.DirtiesContextBeforeModesTestExecutionListener@1a677343, org.springframework.test.context.event.ApplicationEventsTestExecutionListener@15de0b3c, org.springframework.test.context.support.DependencyInjectionTestExecutionListener@489115ef, org.springframework.test.context.support.DirtiesContextTestExecutionListener@3857f613, org.springframework.test.context.transaction.TransactionalTestExecutionListener@198b6731, org.springframework.test.context.jdbc.SqlScriptsTestExecutionListener@7c6908d7, org.springframework.test.context.event.EventPublishingTestExecutionListener@3c9754d8]
[2022-06-02 12:26:35.937] DEBUG SonySpeaker.<init>(SonySpeaker.java:12) - SonySpeaker 생성자 호출
[2022-06-02 12:26:35.970] DEBUG SamsungTV.<init>(SamsungTV.java:33) - 삼성 TV인자 2개 생성자 호출
[2022-06-02 12:26:35.970] DEBUG SamsungTV.<init>(SamsungTV.java:34) - price200000000
[2022-06-02 12:26:35.971] DEBUG SamsungTV.initMethod(SamsungTV.java:39) - 삼성 TV initMethod()
[2022-06-02 12:26:36.012] DEBUG JTvPcwk.setUp(JTvPcwk.java:32) - -----------------------
[2022-06-02 12:26:36.012] DEBUG JTvPcwk.setUp(JTvPcwk.java:33) - 0.setUp()
[2022-06-02 12:26:36.012] DEBUG JTvPcwk.setUp(JTvPcwk.java:34) - -----------------------
[2022-06-02 12:26:36.016] DEBUG JTvPcwk.setUp(JTvPcwk.java:38) - context : org.springframework.context.support.GenericApplicationContext@ed7f8b4, started on Thu Jun 02 12:26:35 KST 2022
[2022-06-02 12:26:36.016] DEBUG JTvPcwk.setUp(JTvPcwk.java:39) - tv01 : com.pcwk.ehr.SamsungTV@15d49048
[2022-06-02 12:26:36.016] DEBUG JTvPcwk.setUp(JTvPcwk.java:40) - tv02 : com.pcwk.ehr.SamsungTV@15d49048
[2022-06-02 12:26:36.017] DEBUG JTvPcwk.tvTest(JTvPcwk.java:56) - -----------------------
[2022-06-02 12:26:36.017] DEBUG JTvPcwk.tvTest(JTvPcwk.java:57) - tvTest()
[2022-06-02 12:26:36.018] DEBUG JTvPcwk.tvTest(JTvPcwk.java:58) - -----------------------
[2022-06-02 12:26:36.018] DEBUG SamsungTV.powerOn(SamsungTV.java:50) - 삼성 TV 전원을 켠다
[2022-06-02 12:26:36.018] DEBUG AppleSpeaker.volumeUp(AppleSpeaker.java:15) - Apple SpeakervolumeUp() 호출
[2022-06-02 12:26:36.018] DEBUG AppleSpeaker.volumeDown(AppleSpeaker.java:20) - Apple SpeakervolumeDown() 호출
[2022-06-02 12:26:36.018] DEBUG SamsungTV.powerOff(SamsungTV.java:55) - 삼성 TV 전원을 끈다
[2022-06-02 12:26:36.021] DEBUG JTvPcwk.tearDown(JTvPcwk.java:49) - -----------------------
[2022-06-02 12:26:36.021] DEBUG JTvPcwk.tearDown(JTvPcwk.java:50) - 9.tearDown()
[2022-06-02 12:26:36.021] DEBUG JTvPcwk.tearDown(JTvPcwk.java:51) - -----------------------
[2022-06-02 12:26:36.027] DEBUG SamsungTV.destroyMethod(SamsungTV.java:45) - 삼성 TV destroyMethod()
[2022-06-02 12:34:46.835] INFO  AbstractTestContextBootstrapper.getDefaultTestExecutionListenerClassNames(AbstractTestContextBootstrapper.java:245) - Loaded default TestExecutionListener class names from location [META-INF/spring.factories]: [org.springframework.test.context.web.ServletTestExecutionListener, org.springframework.test.context.support.DirtiesContextBeforeModesTestExecutionListener, org.springframework.test.context.event.ApplicationEventsTestExecutionListener, org.springframework.test.context.support.DependencyInjectionTestExecutionListener, org.springframework.test.context.support.DirtiesContextTestExecutionListener, org.springframework.test.context.transaction.TransactionalTestExecutionListener, org.springframework.test.context.jdbc.SqlScriptsTestExecutionListener, org.springframework.test.context.event.EventPublishingTestExecutionListener]
[2022-06-02 12:34:46.883] INFO  AbstractTestContextBootstrapper.getTestExecutionListeners(AbstractTestContextBootstrapper.java:174) - Using TestExecutionListeners: [org.springframework.test.context.support.DirtiesContextBeforeModesTestExecutionListener@79079097, org.springframework.test.context.event.ApplicationEventsTestExecutionListener@4d1c00d0, org.springframework.test.context.support.DependencyInjectionTestExecutionListener@4b2bac3f, org.springframework.test.context.support.DirtiesContextTestExecutionListener@4e08711f, org.springframework.test.context.transaction.TransactionalTestExecutionListener@bcec361, org.springframework.test.context.jdbc.SqlScriptsTestExecutionListener@26794848, org.springframework.test.context.event.EventPublishingTestExecutionListener@302552ec]
[2022-06-02 12:34:47.269] DEBUG SonySpeaker.<init>(SonySpeaker.java:12) - SonySpeaker 생성자 호출
[2022-06-02 12:34:47.315] DEBUG SamsungTV.<init>(SamsungTV.java:33) - 삼성 TV인자 2개 생성자 호출
[2022-06-02 12:34:47.315] DEBUG SamsungTV.<init>(SamsungTV.java:34) - price200000000
[2022-06-02 12:34:47.317] DEBUG SamsungTV.initMethod(SamsungTV.java:39) - 삼성 TV initMethod()
[2022-06-02 12:34:47.371] DEBUG JTvPcwk.setUp(JTvPcwk.java:32) - -----------------------
[2022-06-02 12:34:47.372] DEBUG JTvPcwk.setUp(JTvPcwk.java:33) - 0.setUp()
[2022-06-02 12:34:47.372] DEBUG JTvPcwk.setUp(JTvPcwk.java:34) - -----------------------
[2022-06-02 12:34:47.377] DEBUG JTvPcwk.setUp(JTvPcwk.java:38) - context : org.springframework.context.support.GenericApplicationContext@5c90e579, started on Thu Jun 02 12:34:47 KST 2022
[2022-06-02 12:34:47.378] DEBUG JTvPcwk.setUp(JTvPcwk.java:39) - tv01 : com.pcwk.ehr.SamsungTV@36804139
[2022-06-02 12:34:47.378] DEBUG JTvPcwk.setUp(JTvPcwk.java:40) - tv02 : com.pcwk.ehr.SamsungTV@36804139
[2022-06-02 12:34:47.380] DEBUG JTvPcwk.tvTest(JTvPcwk.java:56) - -----------------------
[2022-06-02 12:34:47.380] DEBUG JTvPcwk.tvTest(JTvPcwk.java:57) - tvTest()
[2022-06-02 12:34:47.381] DEBUG JTvPcwk.tvTest(JTvPcwk.java:58) - -----------------------
[2022-06-02 12:34:47.381] DEBUG SamsungTV.powerOn(SamsungTV.java:50) - 삼성 TV 전원을 켠다
[2022-06-02 12:34:47.381] DEBUG AppleSpeaker.volumeUp(AppleSpeaker.java:15) - Apple SpeakervolumeUp() 호출
[2022-06-02 12:34:47.382] DEBUG AppleSpeaker.volumeDown(AppleSpeaker.java:20) - Apple SpeakervolumeDown() 호출
[2022-06-02 12:34:47.382] DEBUG SamsungTV.powerOff(SamsungTV.java:55) - 삼성 TV 전원을 끈다
[2022-06-02 12:34:47.388] DEBUG JTvPcwk.tearDown(JTvPcwk.java:49) - -----------------------
[2022-06-02 12:34:47.389] DEBUG JTvPcwk.tearDown(JTvPcwk.java:50) - 9.tearDown()
[2022-06-02 12:34:47.389] DEBUG JTvPcwk.tearDown(JTvPcwk.java:51) - -----------------------
[2022-06-02 12:34:47.398] DEBUG SamsungTV.destroyMethod(SamsungTV.java:45) - 삼성 TV destroyMethod()
