[DEBUG], 2022-06-22 20:39:41 SpringJUnit4ClassRunner:139 - SpringJUnit4ClassRunner constructor called with [class com.pcwk.ehr.JunitUserControllerTest]
[DEBUG], 2022-06-22 20:39:41 BootstrapUtils:108 - Instantiating CacheAwareContextLoaderDelegate from class [org.springframework.test.context.cache.DefaultCacheAwareContextLoaderDelegate]
[DEBUG], 2022-06-22 20:39:41 BootstrapUtils:88 - Instantiating BootstrapContext using constructor [public org.springframework.test.context.support.DefaultBootstrapContext(java.lang.Class,org.springframework.test.context.CacheAwareContextLoaderDelegate)]
[DEBUG], 2022-06-22 20:39:41 BootstrapUtils:143 - Instantiating TestContextBootstrapper for test class [com.pcwk.ehr.JunitUserControllerTest] from class [org.springframework.test.context.web.WebTestContextBootstrapper]
[DEBUG], 2022-06-22 20:39:41 AbstractDelegatingSmartContextLoader:263 - Delegating to GenericXmlWebContextLoader to process context configuration [ContextConfigurationAttributes@7c7a06ec declaringClass = 'com.pcwk.ehr.JunitUserControllerTest', classes = '{}', locations = '{file:src/main/webapp/WEB-INF/spring/root-context.xml, file:src/main/webapp/WEB-INF/spring/appServlet/servlet-context.xml}', inheritLocations = true, initializers = '{}', inheritInitializers = true, name = [null], contextLoaderClass = 'org.springframework.test.context.ContextLoader'].
[DEBUG], 2022-06-22 20:39:41 ActiveProfilesUtils:79 - Could not find an 'annotation declaring class' for annotation type [org.springframework.test.context.ActiveProfiles] and class [com.pcwk.ehr.JunitUserControllerTest]
[DEBUG], 2022-06-22 20:39:41 WebTestContextBootstrapper:124 - @TestExecutionListeners is not present for class [com.pcwk.ehr.JunitUserControllerTest]: using defaults.
[INFO], 2022-06-22 20:39:41 WebTestContextBootstrapper:245 - Loaded default TestExecutionListener class names from location [META-INF/spring.factories]: [org.springframework.test.context.web.ServletTestExecutionListener, org.springframework.test.context.support.DirtiesContextBeforeModesTestExecutionListener, org.springframework.test.context.event.ApplicationEventsTestExecutionListener, org.springframework.test.context.support.DependencyInjectionTestExecutionListener, org.springframework.test.context.support.DirtiesContextTestExecutionListener, org.springframework.test.context.transaction.TransactionalTestExecutionListener, org.springframework.test.context.jdbc.SqlScriptsTestExecutionListener, org.springframework.test.context.event.EventPublishingTestExecutionListener]
[INFO], 2022-06-22 20:39:41 WebTestContextBootstrapper:174 - Using TestExecutionListeners: [org.springframework.test.context.web.ServletTestExecutionListener@37f1104d, org.springframework.test.context.support.DirtiesContextBeforeModesTestExecutionListener@55740540, org.springframework.test.context.event.ApplicationEventsTestExecutionListener@60015ef5, org.springframework.test.context.support.DependencyInjectionTestExecutionListener@2f54a33d, org.springframework.test.context.support.DirtiesContextTestExecutionListener@1018bde2, org.springframework.test.context.transaction.TransactionalTestExecutionListener@65b3f4a4, org.springframework.test.context.jdbc.SqlScriptsTestExecutionListener@f2ff811, org.springframework.test.context.event.EventPublishingTestExecutionListener@568ff82]
[DEBUG], 2022-06-22 20:39:41 ProfileValueUtils:70 - Retrieved @ProfileValueSourceConfiguration [null] for test class [com.pcwk.ehr.JunitUserControllerTest]
[DEBUG], 2022-06-22 20:39:41 ProfileValueUtils:83 - Retrieved ProfileValueSource type [class org.springframework.test.annotation.SystemProfileValueSource] for class [com.pcwk.ehr.JunitUserControllerTest]
[DEBUG], 2022-06-22 20:39:41 ProfileValueUtils:70 - Retrieved @ProfileValueSourceConfiguration [null] for test class [com.pcwk.ehr.JunitUserControllerTest]
[DEBUG], 2022-06-22 20:39:41 ProfileValueUtils:83 - Retrieved ProfileValueSource type [class org.springframework.test.annotation.SystemProfileValueSource] for class [com.pcwk.ehr.JunitUserControllerTest]
[DEBUG], 2022-06-22 20:39:41 ProfileValueUtils:70 - Retrieved @ProfileValueSourceConfiguration [null] for test class [com.pcwk.ehr.JunitUserControllerTest]
[DEBUG], 2022-06-22 20:39:41 ProfileValueUtils:83 - Retrieved ProfileValueSource type [class org.springframework.test.annotation.SystemProfileValueSource] for class [com.pcwk.ehr.JunitUserControllerTest]
[DEBUG], 2022-06-22 20:39:41 ProfileValueUtils:70 - Retrieved @ProfileValueSourceConfiguration [null] for test class [com.pcwk.ehr.JunitUserControllerTest]
[DEBUG], 2022-06-22 20:39:41 ProfileValueUtils:83 - Retrieved ProfileValueSource type [class org.springframework.test.annotation.SystemProfileValueSource] for class [com.pcwk.ehr.JunitUserControllerTest]
[DEBUG], 2022-06-22 20:39:41 ProfileValueUtils:70 - Retrieved @ProfileValueSourceConfiguration [null] for test class [com.pcwk.ehr.JunitUserControllerTest]
[DEBUG], 2022-06-22 20:39:41 ProfileValueUtils:83 - Retrieved ProfileValueSource type [class org.springframework.test.annotation.SystemProfileValueSource] for class [com.pcwk.ehr.JunitUserControllerTest]
[DEBUG], 2022-06-22 20:39:41 ProfileValueUtils:70 - Retrieved @ProfileValueSourceConfiguration [null] for test class [com.pcwk.ehr.JunitUserControllerTest]
[DEBUG], 2022-06-22 20:39:41 ProfileValueUtils:83 - Retrieved ProfileValueSource type [class org.springframework.test.annotation.SystemProfileValueSource] for class [com.pcwk.ehr.JunitUserControllerTest]
[DEBUG], 2022-06-22 20:39:41 AbstractDirtiesContextTestExecutionListener:143 - Before test class: context [DefaultTestContext@2525ff7e testClass = JunitUserControllerTest, testInstance = [null], testMethod = [null], testException = [null], mergedContextConfiguration = [WebMergedContextConfiguration@524d6d96 testClass = JunitUserControllerTest, locations = '{file:src/main/webapp/WEB-INF/spring/root-context.xml, file:src/main/webapp/WEB-INF/spring/appServlet/servlet-context.xml}', classes = '{}', contextInitializerClasses = '[]', activeProfiles = '{}', propertySourceLocations = '{}', propertySourceProperties = '{}', contextCustomizers = set[org.springframework.test.context.web.socket.MockServerContainerContextCustomizer@247bddad], resourceBasePath = 'src/main/webapp', contextLoader = 'org.springframework.test.context.web.WebDelegatingSmartContextLoader', parent = [null]], attributes = map[[empty]]], class annotated with @DirtiesContext [false] with mode [null].
[DEBUG], 2022-06-22 20:39:41 ProfileValueUtils:70 - Retrieved @ProfileValueSourceConfiguration [null] for test class [com.pcwk.ehr.JunitUserControllerTest]
[DEBUG], 2022-06-22 20:39:41 ProfileValueUtils:83 - Retrieved ProfileValueSource type [class org.springframework.test.annotation.SystemProfileValueSource] for class [com.pcwk.ehr.JunitUserControllerTest]
[DEBUG], 2022-06-22 20:39:41 AbstractDelegatingSmartContextLoader:273 - Delegating to GenericXmlWebContextLoader to load context from [WebMergedContextConfiguration@524d6d96 testClass = JunitUserControllerTest, locations = '{file:src/main/webapp/WEB-INF/spring/root-context.xml, file:src/main/webapp/WEB-INF/spring/appServlet/servlet-context.xml}', classes = '{}', contextInitializerClasses = '[]', activeProfiles = '{}', propertySourceLocations = '{}', propertySourceProperties = '{}', contextCustomizers = set[org.springframework.test.context.web.socket.MockServerContainerContextCustomizer@247bddad], resourceBasePath = 'src/main/webapp', contextLoader = 'org.springframework.test.context.web.WebDelegatingSmartContextLoader', parent = [null]].
[DEBUG], 2022-06-22 20:39:41 AbstractGenericWebContextLoader:111 - Loading WebApplicationContext for merged context configuration [WebMergedContextConfiguration@524d6d96 testClass = JunitUserControllerTest, locations = '{file:src/main/webapp/WEB-INF/spring/root-context.xml, file:src/main/webapp/WEB-INF/spring/appServlet/servlet-context.xml}', classes = '{}', contextInitializerClasses = '[]', activeProfiles = '{}', propertySourceLocations = '{}', propertySourceProperties = '{}', contextCustomizers = set[org.springframework.test.context.web.socket.MockServerContainerContextCustomizer@247bddad], resourceBasePath = 'src/main/webapp', contextLoader = 'org.springframework.test.context.web.WebDelegatingSmartContextLoader', parent = [null]].
[DEBUG], 2022-06-22 20:39:41 StandardServletEnvironment:302 - Activating profiles []
[DEBUG], 2022-06-22 20:39:41 XmlBeanDefinitionReader:393 - Loaded 11 bean definitions from URL [file:src/main/webapp/WEB-INF/spring/root-context.xml]
[DEBUG], 2022-06-22 20:39:42 ClassPathBeanDefinitionScanner:435 - Identified candidate component class: file [C:\DCOM_20220127\04_SPRING\workspace\mvc_practice\target\classes\com\pcwk\ehr\HomeController.class]
[DEBUG], 2022-06-22 20:39:42 ClassPathBeanDefinitionScanner:435 - Identified candidate component class: file [C:\DCOM_20220127\04_SPRING\workspace\mvc_practice\target\classes\com\pcwk\ehr\boot\controller\BootController.class]
[DEBUG], 2022-06-22 20:39:42 ClassPathBeanDefinitionScanner:435 - Identified candidate component class: file [C:\DCOM_20220127\04_SPRING\workspace\mvc_practice\target\classes\com\pcwk\ehr\user\controller\UserController.class]
[DEBUG], 2022-06-22 20:39:42 ClassPathBeanDefinitionScanner:435 - Identified candidate component class: file [C:\DCOM_20220127\04_SPRING\workspace\mvc_practice\target\classes\com\pcwk\ehr\user\dao\UserDaoImpl.class]
[DEBUG], 2022-06-22 20:39:42 ClassPathBeanDefinitionScanner:435 - Identified candidate component class: file [C:\DCOM_20220127\04_SPRING\workspace\mvc_practice\target\classes\com\pcwk\ehr\user\service\UserServiceImpl.class]
[DEBUG], 2022-06-22 20:39:42 XmlBeanDefinitionReader:393 - Loaded 35 bean definitions from URL [file:src/main/webapp/WEB-INF/spring/appServlet/servlet-context.xml]
[DEBUG], 2022-06-22 20:39:42 DefaultListableBeanFactory:225 - Creating shared instance of singleton bean 'org.springframework.context.annotation.internalConfigurationAnnotationProcessor'
[DEBUG], 2022-06-22 20:39:42 DefaultListableBeanFactory:225 - Creating shared instance of singleton bean 'org.springframework.context.support.PropertySourcesPlaceholderConfigurer#0'
[DEBUG], 2022-06-22 20:39:42 PropertySourcesPropertyResolver:115 - Found key 'jdbc.driver' in PropertySource 'localProperties' with value of type String
[DEBUG], 2022-06-22 20:39:42 PropertySourcesPropertyResolver:115 - Found key 'jdbc.url' in PropertySource 'localProperties' with value of type String
[DEBUG], 2022-06-22 20:39:42 PropertySourcesPropertyResolver:115 - Found key 'jdbc.username' in PropertySource 'localProperties' with value of type String
[DEBUG], 2022-06-22 20:39:42 PropertySourcesPropertyResolver:115 - Found key 'jdbc.password' in PropertySource 'localProperties' with value of type String
[DEBUG], 2022-06-22 20:39:42 PropertySourcesPropertyResolver:115 - Found key 'jdbc.maxActive' in PropertySource 'localProperties' with value of type String
[DEBUG], 2022-06-22 20:39:42 PropertySourcesPropertyResolver:115 - Found key 'jdbc.maxIdle' in PropertySource 'localProperties' with value of type String
[DEBUG], 2022-06-22 20:39:42 PropertySourcesPropertyResolver:115 - Found key 'jdbc.maxWait' in PropertySource 'localProperties' with value of type String
[DEBUG], 2022-06-22 20:39:42 PropertySourcesPropertyResolver:115 - Found key 'jdbc.removeAbandoned' in PropertySource 'localProperties' with value of type String
[DEBUG], 2022-06-22 20:39:42 PropertySourcesPropertyResolver:115 - Found key 'jdbc.removeAbandonedTimeout' in PropertySource 'localProperties' with value of type String
[DEBUG], 2022-06-22 20:39:42 DefaultListableBeanFactory:225 - Creating shared instance of singleton bean 'org.springframework.context.event.internalEventListenerProcessor'
[DEBUG], 2022-06-22 20:39:42 DefaultListableBeanFactory:225 - Creating shared instance of singleton bean 'org.springframework.context.event.internalEventListenerFactory'
[DEBUG], 2022-06-22 20:39:42 DefaultListableBeanFactory:225 - Creating shared instance of singleton bean 'org.springframework.context.annotation.internalAutowiredAnnotationProcessor'
[DEBUG], 2022-06-22 20:39:42 DefaultListableBeanFactory:225 - Creating shared instance of singleton bean 'org.springframework.context.annotation.internalCommonAnnotationProcessor'
[DEBUG], 2022-06-22 20:39:42 DefaultListableBeanFactory:225 - Creating shared instance of singleton bean 'org.springframework.aop.config.internalAutoProxyCreator'
[DEBUG], 2022-06-22 20:39:42 UiApplicationContextUtils:85 - Unable to locate ThemeSource with name 'themeSource': using default [org.springframework.ui.context.support.ResourceBundleThemeSource@4dd02341]
[DEBUG], 2022-06-22 20:39:42 DefaultListableBeanFactory:225 - Creating shared instance of singleton bean 'sqlSessionTemplate'
[DEBUG], 2022-06-22 20:39:42 DefaultListableBeanFactory:225 - Creating shared instance of singleton bean 'org.springframework.aop.support.DefaultBeanFactoryPointcutAdvisor#0'
[DEBUG], 2022-06-22 20:39:42 DefaultListableBeanFactory:225 - Creating shared instance of singleton bean 'sqlSessionFactoryBean'
[DEBUG], 2022-06-22 20:39:42 DefaultListableBeanFactory:225 - Creating shared instance of singleton bean 'dataSource'
[DEBUG], 2022-06-22 20:39:42 debug:372 - log4jdbc-logj2 properties initialization...
[DEBUG], 2022-06-22 20:39:42 debug:372 - Using logger: null
[DEBUG], 2022-06-22 20:39:42 debug:372 - x log4jdbc.debug.stack.prefix is not defined
[DEBUG], 2022-06-22 20:39:42 debug:372 - x log4jdbc.sqltiming.warn.threshold is not defined
[DEBUG], 2022-06-22 20:39:42 debug:372 - x log4jdbc.sqltiming.error.threshold is not defined
[DEBUG], 2022-06-22 20:39:42 debug:372 - x log4jdbc.dump.booleanastruefalse is not defined (using default value false)
[DEBUG], 2022-06-22 20:39:42 debug:372 - x log4jdbc.dump.sql.maxlinelength is not defined (using default of 90)
[DEBUG], 2022-06-22 20:39:42 debug:372 - x log4jdbc.dump.fulldebugstacktrace is not defined (using default value false)
[DEBUG], 2022-06-22 20:39:42 debug:372 - x log4jdbc.statement.warn is not defined (using default value false)
[DEBUG], 2022-06-22 20:39:42 debug:372 - x log4jdbc.dump.sql.select is not defined (using default value true)
[DEBUG], 2022-06-22 20:39:42 debug:372 - x log4jdbc.dump.sql.insert is not defined (using default value true)
[DEBUG], 2022-06-22 20:39:42 debug:372 - x log4jdbc.dump.sql.update is not defined (using default value true)
[DEBUG], 2022-06-22 20:39:42 debug:372 - x log4jdbc.dump.sql.delete is not defined (using default value true)
[DEBUG], 2022-06-22 20:39:42 debug:372 - x log4jdbc.dump.sql.create is not defined (using default value true)
[DEBUG], 2022-06-22 20:39:42 debug:372 - x log4jdbc.dump.sql.addsemicolon is not defined (using default value false)
[DEBUG], 2022-06-22 20:39:42 debug:372 - x log4jdbc.auto.load.popular.drivers is not defined (using default value true)
[DEBUG], 2022-06-22 20:39:42 debug:372 - x log4jdbc.drivers is not defined
[DEBUG], 2022-06-22 20:39:42 debug:372 - x log4jdbc.trim.sql is not defined (using default value true)
[DEBUG], 2022-06-22 20:39:42 debug:372 - x log4jdbc.trim.sql.extrablanklines is not defined (using default value true)
[DEBUG], 2022-06-22 20:39:42 debug:372 - x log4jdbc.suppress.generated.keys.exception is not defined (using default value false)
[DEBUG], 2022-06-22 20:39:42 debug:372 - log4jdbc-logj2 properties initialization done.
[DEBUG], 2022-06-22 20:39:42 debug:372 - DriverSpy intialization...
[DEBUG], 2022-06-22 20:39:42 debug:372 -   FOUND DRIVER oracle.jdbc.OracleDriver
[DEBUG], 2022-06-22 20:39:42 debug:372 -   FOUND DRIVER oracle.jdbc.driver.OracleDriver
[DEBUG], 2022-06-22 20:39:42 debug:372 - DriverSpy intialization done.
[DEBUG], 2022-06-22 20:39:42 LogFactory:105 - Logging initialized using 'class org.apache.ibatis.logging.log4j2.Log4j2Impl' adapter.
[DEBUG], 2022-06-22 20:39:42 DefaultListableBeanFactory:225 - Creating shared instance of singleton bean 'dummyMailSender'
[DEBUG], 2022-06-22 20:39:42 DefaultListableBeanFactory:225 - Creating shared instance of singleton bean 'mailSenderImpl'
[DEBUG], 2022-06-22 20:39:43 DefaultListableBeanFactory:225 - Creating shared instance of singleton bean 'transactionManager'
[DEBUG], 2022-06-22 20:39:43 DefaultListableBeanFactory:225 - Creating shared instance of singleton bean 'txAdvice'
[DEBUG], 2022-06-22 20:39:43 NameMatchTransactionAttributeSource:102 - Adding transactional method [do*] with attribute [PROPAGATION_REQUIRED,ISOLATION_DEFAULT,readOnly]
[DEBUG], 2022-06-22 20:39:43 NameMatchTransactionAttributeSource:102 - Adding transactional method [up*] with attribute [PROPAGATION_REQUIRED,ISOLATION_DEFAULT]
[DEBUG], 2022-06-22 20:39:43 DefaultListableBeanFactory:225 - Creating shared instance of singleton bean 'mvcContentNegotiationManager'
[DEBUG], 2022-06-22 20:39:43 DefaultListableBeanFactory:225 - Creating shared instance of singleton bean 'org.springframework.web.servlet.mvc.method.annotation.RequestMappingHandlerMapping'
[DEBUG], 2022-06-22 20:39:43 DefaultListableBeanFactory:225 - Creating shared instance of singleton bean 'mvcCorsConfigurations'
[DEBUG], 2022-06-22 20:39:43 DefaultListableBeanFactory:225 - Creating shared instance of singleton bean 'org.springframework.web.servlet.handler.MappedInterceptor#0'
[DEBUG], 2022-06-22 20:39:43 DefaultListableBeanFactory:225 - Creating shared instance of singleton bean 'org.springframework.format.support.FormattingConversionServiceFactoryBean#0'
[DEBUG], 2022-06-22 20:39:43 DefaultListableBeanFactory:225 - Creating shared instance of singleton bean 'org.springframework.web.servlet.handler.MappedInterceptor#1'
[DEBUG], 2022-06-22 20:39:43 RequestMappingHandlerMapping:367 - 11 mappings in 'org.springframework.web.servlet.mvc.method.annotation.RequestMappingHandlerMapping'
[DEBUG], 2022-06-22 20:39:43 DefaultListableBeanFactory:225 - Creating shared instance of singleton bean 'org.springframework.web.servlet.mvc.method.annotation.RequestMappingHandlerAdapter'
[DEBUG], 2022-06-22 20:39:43 RequestMappingHandlerAdapter:622 - ControllerAdvice beans: none
[DEBUG], 2022-06-22 20:39:43 DefaultListableBeanFactory:225 - Creating shared instance of singleton bean 'mvcUriComponentsContributor'
[DEBUG], 2022-06-22 20:39:43 RequestMappingHandlerAdapter:622 - ControllerAdvice beans: none
[DEBUG], 2022-06-22 20:39:43 DefaultListableBeanFactory:225 - Creating shared instance of singleton bean 'org.springframework.web.servlet.mvc.method.annotation.ExceptionHandlerExceptionResolver#0'
[DEBUG], 2022-06-22 20:39:43 ExceptionHandlerExceptionResolver:304 - ControllerAdvice beans: none
[DEBUG], 2022-06-22 20:39:43 DefaultListableBeanFactory:225 - Creating shared instance of singleton bean 'org.springframework.web.servlet.mvc.annotation.ResponseStatusExceptionResolver#0'
[DEBUG], 2022-06-22 20:39:43 DefaultListableBeanFactory:225 - Creating shared instance of singleton bean 'org.springframework.web.servlet.mvc.support.DefaultHandlerExceptionResolver#0'
[DEBUG], 2022-06-22 20:39:43 DefaultListableBeanFactory:225 - Creating shared instance of singleton bean 'org.springframework.web.servlet.handler.BeanNameUrlHandlerMapping'
[DEBUG], 2022-06-22 20:39:43 Mappings:86 - 'org.springframework.web.servlet.handler.BeanNameUrlHandlerMapping' {}
[DEBUG], 2022-06-22 20:39:43 DefaultListableBeanFactory:225 - Creating shared instance of singleton bean 'org.springframework.web.servlet.mvc.HttpRequestHandlerAdapter'
[DEBUG], 2022-06-22 20:39:43 DefaultListableBeanFactory:225 - Creating shared instance of singleton bean 'org.springframework.web.servlet.mvc.SimpleControllerHandlerAdapter'
[DEBUG], 2022-06-22 20:39:43 DefaultListableBeanFactory:225 - Creating shared instance of singleton bean 'localeResolver'
[DEBUG], 2022-06-22 20:39:43 DefaultListableBeanFactory:225 - Creating shared instance of singleton bean 'themeResolver'
[DEBUG], 2022-06-22 20:39:43 DefaultListableBeanFactory:225 - Creating shared instance of singleton bean 'viewNameTranslator'
[DEBUG], 2022-06-22 20:39:43 DefaultListableBeanFactory:225 - Creating shared instance of singleton bean 'flashMapManager'
[DEBUG], 2022-06-22 20:39:43 DefaultListableBeanFactory:225 - Creating shared instance of singleton bean 'mvcResourceUrlProvider'
[DEBUG], 2022-06-22 20:39:43 DefaultListableBeanFactory:225 - Creating shared instance of singleton bean 'mvcPathMatcher'
[DEBUG], 2022-06-22 20:39:43 DefaultListableBeanFactory:225 - Creating shared instance of singleton bean 'mvcUrlPathHelper'
[DEBUG], 2022-06-22 20:39:43 DefaultListableBeanFactory:225 - Creating shared instance of singleton bean 'org.springframework.web.servlet.resource.ResourceHttpRequestHandler#0'
[DEBUG], 2022-06-22 20:39:43 DefaultListableBeanFactory:225 - Creating shared instance of singleton bean 'org.springframework.web.servlet.handler.SimpleUrlHandlerMapping#0'
[DEBUG], 2022-06-22 20:39:43 Mappings:177 - 'org.springframework.web.servlet.handler.SimpleUrlHandlerMapping#0' {/resources/**=ResourceHttpRequestHandler [ServletContext [/resources/]]}
[DEBUG], 2022-06-22 20:39:43 DefaultListableBeanFactory:225 - Creating shared instance of singleton bean 'org.springframework.web.servlet.view.InternalResourceViewResolver#0'
[DEBUG], 2022-06-22 20:39:43 DefaultListableBeanFactory:225 - Creating shared instance of singleton bean 'homeController'
[DEBUG], 2022-06-22 20:39:43 DefaultListableBeanFactory:225 - Creating shared instance of singleton bean 'bootController'
[DEBUG], 2022-06-22 20:39:43 DefaultListableBeanFactory:225 - Creating shared instance of singleton bean 'userController'
[DEBUG], 2022-06-22 20:39:43 DefaultListableBeanFactory:225 - Creating shared instance of singleton bean 'userService'
[DEBUG], 2022-06-22 20:39:43 DefaultListableBeanFactory:225 - Creating shared instance of singleton bean 'userDao'
[DEBUG], 2022-06-22 20:39:43 DefaultCacheAwareContextLoaderDelegate:126 - Storing ApplicationContext [199449817] in cache under key [[WebMergedContextConfiguration@524d6d96 testClass = JunitUserControllerTest, locations = '{file:src/main/webapp/WEB-INF/spring/root-context.xml, file:src/main/webapp/WEB-INF/spring/appServlet/servlet-context.xml}', classes = '{}', contextInitializerClasses = '[]', activeProfiles = '{}', propertySourceLocations = '{}', propertySourceProperties = '{}', contextCustomizers = set[org.springframework.test.context.web.socket.MockServerContainerContextCustomizer@247bddad], resourceBasePath = 'src/main/webapp', contextLoader = 'org.springframework.test.context.web.WebDelegatingSmartContextLoader', parent = [null]]]
[DEBUG], 2022-06-22 20:39:43 cache:290 - Spring test ApplicationContext cache statistics: [DefaultContextCache@189b5fb1 size = 1, maxSize = 32, parentContextCount = 0, hitCount = 0, missCount = 1]
[DEBUG], 2022-06-22 20:39:43 ServletTestExecutionListener:200 - Setting up MockHttpServletRequest, MockHttpServletResponse, ServletWebRequest, and RequestContextHolder for test context [DefaultTestContext@2525ff7e testClass = JunitUserControllerTest, testInstance = com.pcwk.ehr.JunitUserControllerTest@13b13b5d, testMethod = [null], testException = [null], mergedContextConfiguration = [WebMergedContextConfiguration@524d6d96 testClass = JunitUserControllerTest, locations = '{file:src/main/webapp/WEB-INF/spring/root-context.xml, file:src/main/webapp/WEB-INF/spring/appServlet/servlet-context.xml}', classes = '{}', contextInitializerClasses = '[]', activeProfiles = '{}', propertySourceLocations = '{}', propertySourceProperties = '{}', contextCustomizers = set[org.springframework.test.context.web.socket.MockServerContainerContextCustomizer@247bddad], resourceBasePath = 'src/main/webapp', contextLoader = 'org.springframework.test.context.web.WebDelegatingSmartContextLoader', parent = [null]], attributes = map[[empty]]].
[DEBUG], 2022-06-22 20:39:43 DependencyInjectionTestExecutionListener:81 - Performing dependency injection for test context [[DefaultTestContext@2525ff7e testClass = JunitUserControllerTest, testInstance = com.pcwk.ehr.JunitUserControllerTest@13b13b5d, testMethod = [null], testException = [null], mergedContextConfiguration = [WebMergedContextConfiguration@524d6d96 testClass = JunitUserControllerTest, locations = '{file:src/main/webapp/WEB-INF/spring/root-context.xml, file:src/main/webapp/WEB-INF/spring/appServlet/servlet-context.xml}', classes = '{}', contextInitializerClasses = '[]', activeProfiles = '{}', propertySourceLocations = '{}', propertySourceProperties = '{}', contextCustomizers = set[org.springframework.test.context.web.socket.MockServerContainerContextCustomizer@247bddad], resourceBasePath = 'src/main/webapp', contextLoader = 'org.springframework.test.context.web.WebDelegatingSmartContextLoader', parent = [null]], attributes = map['org.springframework.test.context.web.ServletTestExecutionListener.populatedRequestContextHolder' -> true, 'org.springframework.test.context.web.ServletTestExecutionListener.resetRequestContextHolder' -> true, 'org.springframework.test.context.event.ApplicationEventsTestExecutionListener.recordApplicationEvents' -> false]]].
[DEBUG], 2022-06-22 20:39:43 DefaultCacheAwareContextLoaderDelegate:137 - Retrieved ApplicationContext [199449817] from cache with key [[WebMergedContextConfiguration@524d6d96 testClass = JunitUserControllerTest, locations = '{file:src/main/webapp/WEB-INF/spring/root-context.xml, file:src/main/webapp/WEB-INF/spring/appServlet/servlet-context.xml}', classes = '{}', contextInitializerClasses = '[]', activeProfiles = '{}', propertySourceLocations = '{}', propertySourceProperties = '{}', contextCustomizers = set[org.springframework.test.context.web.socket.MockServerContainerContextCustomizer@247bddad], resourceBasePath = 'src/main/webapp', contextLoader = 'org.springframework.test.context.web.WebDelegatingSmartContextLoader', parent = [null]]]
[DEBUG], 2022-06-22 20:39:43 cache:290 - Spring test ApplicationContext cache statistics: [DefaultContextCache@189b5fb1 size = 1, maxSize = 32, parentContextCount = 0, hitCount = 1, missCount = 1]
[DEBUG], 2022-06-22 20:39:43 DefaultCacheAwareContextLoaderDelegate:137 - Retrieved ApplicationContext [199449817] from cache with key [[WebMergedContextConfiguration@524d6d96 testClass = JunitUserControllerTest, locations = '{file:src/main/webapp/WEB-INF/spring/root-context.xml, file:src/main/webapp/WEB-INF/spring/appServlet/servlet-context.xml}', classes = '{}', contextInitializerClasses = '[]', activeProfiles = '{}', propertySourceLocations = '{}', propertySourceProperties = '{}', contextCustomizers = set[org.springframework.test.context.web.socket.MockServerContainerContextCustomizer@247bddad], resourceBasePath = 'src/main/webapp', contextLoader = 'org.springframework.test.context.web.WebDelegatingSmartContextLoader', parent = [null]]]
[DEBUG], 2022-06-22 20:39:43 cache:290 - Spring test ApplicationContext cache statistics: [DefaultContextCache@189b5fb1 size = 1, maxSize = 32, parentContextCount = 0, hitCount = 2, missCount = 1]
[DEBUG], 2022-06-22 20:39:43 AbstractDirtiesContextTestExecutionListener:108 - Before test method: context [DefaultTestContext@2525ff7e testClass = JunitUserControllerTest, testInstance = com.pcwk.ehr.JunitUserControllerTest@13b13b5d, testMethod = doRetrieve@JunitUserControllerTest, testException = [null], mergedContextConfiguration = [WebMergedContextConfiguration@524d6d96 testClass = JunitUserControllerTest, locations = '{file:src/main/webapp/WEB-INF/spring/root-context.xml, file:src/main/webapp/WEB-INF/spring/appServlet/servlet-context.xml}', classes = '{}', contextInitializerClasses = '[]', activeProfiles = '{}', propertySourceLocations = '{}', propertySourceProperties = '{}', contextCustomizers = set[org.springframework.test.context.web.socket.MockServerContainerContextCustomizer@247bddad], resourceBasePath = 'src/main/webapp', contextLoader = 'org.springframework.test.context.web.WebDelegatingSmartContextLoader', parent = [null]], attributes = map['org.springframework.test.context.web.ServletTestExecutionListener.populatedRequestContextHolder' -> true, 'org.springframework.test.context.web.ServletTestExecutionListener.resetRequestContextHolder' -> true, 'org.springframework.test.context.event.ApplicationEventsTestExecutionListener.recordApplicationEvents' -> false]], class annotated with @DirtiesContext [false] with mode [null], method annotated with @DirtiesContext [false] with mode [null].
[DEBUG], 2022-06-22 20:39:43 DefaultCacheAwareContextLoaderDelegate:137 - Retrieved ApplicationContext [199449817] from cache with key [[WebMergedContextConfiguration@524d6d96 testClass = JunitUserControllerTest, locations = '{file:src/main/webapp/WEB-INF/spring/root-context.xml, file:src/main/webapp/WEB-INF/spring/appServlet/servlet-context.xml}', classes = '{}', contextInitializerClasses = '[]', activeProfiles = '{}', propertySourceLocations = '{}', propertySourceProperties = '{}', contextCustomizers = set[org.springframework.test.context.web.socket.MockServerContainerContextCustomizer@247bddad], resourceBasePath = 'src/main/webapp', contextLoader = 'org.springframework.test.context.web.WebDelegatingSmartContextLoader', parent = [null]]]
[DEBUG], 2022-06-22 20:39:43 cache:290 - Spring test ApplicationContext cache statistics: [DefaultContextCache@189b5fb1 size = 1, maxSize = 32, parentContextCount = 0, hitCount = 3, missCount = 1]
[DEBUG], 2022-06-22 20:39:43 DefaultCacheAwareContextLoaderDelegate:137 - Retrieved ApplicationContext [199449817] from cache with key [[WebMergedContextConfiguration@524d6d96 testClass = JunitUserControllerTest, locations = '{file:src/main/webapp/WEB-INF/spring/root-context.xml, file:src/main/webapp/WEB-INF/spring/appServlet/servlet-context.xml}', classes = '{}', contextInitializerClasses = '[]', activeProfiles = '{}', propertySourceLocations = '{}', propertySourceProperties = '{}', contextCustomizers = set[org.springframework.test.context.web.socket.MockServerContainerContextCustomizer@247bddad], resourceBasePath = 'src/main/webapp', contextLoader = 'org.springframework.test.context.web.WebDelegatingSmartContextLoader', parent = [null]]]
[DEBUG], 2022-06-22 20:39:43 cache:290 - Spring test ApplicationContext cache statistics: [DefaultContextCache@189b5fb1 size = 1, maxSize = 32, parentContextCount = 0, hitCount = 4, missCount = 1]
[DEBUG], 2022-06-22 20:39:43 DefaultCacheAwareContextLoaderDelegate:137 - Retrieved ApplicationContext [199449817] from cache with key [[WebMergedContextConfiguration@524d6d96 testClass = JunitUserControllerTest, locations = '{file:src/main/webapp/WEB-INF/spring/root-context.xml, file:src/main/webapp/WEB-INF/spring/appServlet/servlet-context.xml}', classes = '{}', contextInitializerClasses = '[]', activeProfiles = '{}', propertySourceLocations = '{}', propertySourceProperties = '{}', contextCustomizers = set[org.springframework.test.context.web.socket.MockServerContainerContextCustomizer@247bddad], resourceBasePath = 'src/main/webapp', contextLoader = 'org.springframework.test.context.web.WebDelegatingSmartContextLoader', parent = [null]]]
[DEBUG], 2022-06-22 20:39:43 cache:290 - Spring test ApplicationContext cache statistics: [DefaultContextCache@189b5fb1 size = 1, maxSize = 32, parentContextCount = 0, hitCount = 5, missCount = 1]
[DEBUG], 2022-06-22 20:39:43 DefaultCacheAwareContextLoaderDelegate:137 - Retrieved ApplicationContext [199449817] from cache with key [[WebMergedContextConfiguration@524d6d96 testClass = JunitUserControllerTest, locations = '{file:src/main/webapp/WEB-INF/spring/root-context.xml, file:src/main/webapp/WEB-INF/spring/appServlet/servlet-context.xml}', classes = '{}', contextInitializerClasses = '[]', activeProfiles = '{}', propertySourceLocations = '{}', propertySourceProperties = '{}', contextCustomizers = set[org.springframework.test.context.web.socket.MockServerContainerContextCustomizer@247bddad], resourceBasePath = 'src/main/webapp', contextLoader = 'org.springframework.test.context.web.WebDelegatingSmartContextLoader', parent = [null]]]
[DEBUG], 2022-06-22 20:39:43 cache:290 - Spring test ApplicationContext cache statistics: [DefaultContextCache@189b5fb1 size = 1, maxSize = 32, parentContextCount = 0, hitCount = 6, missCount = 1]
[DEBUG], 2022-06-22 20:39:43 AbstractDirtiesContextTestExecutionListener:108 - After test method: context [DefaultTestContext@2525ff7e testClass = JunitUserControllerTest, testInstance = com.pcwk.ehr.JunitUserControllerTest@13b13b5d, testMethod = doRetrieve@JunitUserControllerTest, testException = java.lang.NullPointerException, mergedContextConfiguration = [WebMergedContextConfiguration@524d6d96 testClass = JunitUserControllerTest, locations = '{file:src/main/webapp/WEB-INF/spring/root-context.xml, file:src/main/webapp/WEB-INF/spring/appServlet/servlet-context.xml}', classes = '{}', contextInitializerClasses = '[]', activeProfiles = '{}', propertySourceLocations = '{}', propertySourceProperties = '{}', contextCustomizers = set[org.springframework.test.context.web.socket.MockServerContainerContextCustomizer@247bddad], resourceBasePath = 'src/main/webapp', contextLoader = 'org.springframework.test.context.web.WebDelegatingSmartContextLoader', parent = [null]], attributes = map['org.springframework.test.context.web.ServletTestExecutionListener.populatedRequestContextHolder' -> true, 'org.springframework.test.context.web.ServletTestExecutionListener.resetRequestContextHolder' -> true, 'org.springframework.test.context.event.ApplicationEventsTestExecutionListener.recordApplicationEvents' -> false]], class annotated with @DirtiesContext [false] with mode [null], method annotated with @DirtiesContext [false] with mode [null].
[DEBUG], 2022-06-22 20:39:43 ServletTestExecutionListener:166 - Resetting RequestContextHolder for test context [DefaultTestContext@2525ff7e testClass = JunitUserControllerTest, testInstance = com.pcwk.ehr.JunitUserControllerTest@13b13b5d, testMethod = doRetrieve@JunitUserControllerTest, testException = java.lang.NullPointerException, mergedContextConfiguration = [WebMergedContextConfiguration@524d6d96 testClass = JunitUserControllerTest, locations = '{file:src/main/webapp/WEB-INF/spring/root-context.xml, file:src/main/webapp/WEB-INF/spring/appServlet/servlet-context.xml}', classes = '{}', contextInitializerClasses = '[]', activeProfiles = '{}', propertySourceLocations = '{}', propertySourceProperties = '{}', contextCustomizers = set[org.springframework.test.context.web.socket.MockServerContainerContextCustomizer@247bddad], resourceBasePath = 'src/main/webapp', contextLoader = 'org.springframework.test.context.web.WebDelegatingSmartContextLoader', parent = [null]], attributes = map['org.springframework.test.context.web.ServletTestExecutionListener.populatedRequestContextHolder' -> true, 'org.springframework.test.context.web.ServletTestExecutionListener.resetRequestContextHolder' -> true, 'org.springframework.test.context.event.ApplicationEventsTestExecutionListener.recordApplicationEvents' -> false]].
[DEBUG], 2022-06-22 20:39:43 ProfileValueUtils:70 - Retrieved @ProfileValueSourceConfiguration [null] for test class [com.pcwk.ehr.JunitUserControllerTest]
[DEBUG], 2022-06-22 20:39:43 ProfileValueUtils:83 - Retrieved ProfileValueSource type [class org.springframework.test.annotation.SystemProfileValueSource] for class [com.pcwk.ehr.JunitUserControllerTest]
[DEBUG], 2022-06-22 20:39:43 DefaultCacheAwareContextLoaderDelegate:137 - Retrieved ApplicationContext [199449817] from cache with key [[WebMergedContextConfiguration@524d6d96 testClass = JunitUserControllerTest, locations = '{file:src/main/webapp/WEB-INF/spring/root-context.xml, file:src/main/webapp/WEB-INF/spring/appServlet/servlet-context.xml}', classes = '{}', contextInitializerClasses = '[]', activeProfiles = '{}', propertySourceLocations = '{}', propertySourceProperties = '{}', contextCustomizers = set[org.springframework.test.context.web.socket.MockServerContainerContextCustomizer@247bddad], resourceBasePath = 'src/main/webapp', contextLoader = 'org.springframework.test.context.web.WebDelegatingSmartContextLoader', parent = [null]]]
[DEBUG], 2022-06-22 20:39:43 cache:290 - Spring test ApplicationContext cache statistics: [DefaultContextCache@189b5fb1 size = 1, maxSize = 32, parentContextCount = 0, hitCount = 7, missCount = 1]
[DEBUG], 2022-06-22 20:39:43 ServletTestExecutionListener:200 - Setting up MockHttpServletRequest, MockHttpServletResponse, ServletWebRequest, and RequestContextHolder for test context [DefaultTestContext@2525ff7e testClass = JunitUserControllerTest, testInstance = com.pcwk.ehr.JunitUserControllerTest@2b0b4d53, testMethod = [null], testException = [null], mergedContextConfiguration = [WebMergedContextConfiguration@524d6d96 testClass = JunitUserControllerTest, locations = '{file:src/main/webapp/WEB-INF/spring/root-context.xml, file:src/main/webapp/WEB-INF/spring/appServlet/servlet-context.xml}', classes = '{}', contextInitializerClasses = '[]', activeProfiles = '{}', propertySourceLocations = '{}', propertySourceProperties = '{}', contextCustomizers = set[org.springframework.test.context.web.socket.MockServerContainerContextCustomizer@247bddad], resourceBasePath = 'src/main/webapp', contextLoader = 'org.springframework.test.context.web.WebDelegatingSmartContextLoader', parent = [null]], attributes = map['org.springframework.test.context.event.ApplicationEventsTestExecutionListener.recordApplicationEvents' -> false, 'org.springframework.test.context.support.DependencyInjectionTestExecutionListener.reinjectDependencies' -> true]].
[DEBUG], 2022-06-22 20:39:43 DependencyInjectionTestExecutionListener:81 - Performing dependency injection for test context [[DefaultTestContext@2525ff7e testClass = JunitUserControllerTest, testInstance = com.pcwk.ehr.JunitUserControllerTest@2b0b4d53, testMethod = [null], testException = [null], mergedContextConfiguration = [WebMergedContextConfiguration@524d6d96 testClass = JunitUserControllerTest, locations = '{file:src/main/webapp/WEB-INF/spring/root-context.xml, file:src/main/webapp/WEB-INF/spring/appServlet/servlet-context.xml}', classes = '{}', contextInitializerClasses = '[]', activeProfiles = '{}', propertySourceLocations = '{}', propertySourceProperties = '{}', contextCustomizers = set[org.springframework.test.context.web.socket.MockServerContainerContextCustomizer@247bddad], resourceBasePath = 'src/main/webapp', contextLoader = 'org.springframework.test.context.web.WebDelegatingSmartContextLoader', parent = [null]], attributes = map['org.springframework.test.context.web.ServletTestExecutionListener.populatedRequestContextHolder' -> true, 'org.springframework.test.context.web.ServletTestExecutionListener.resetRequestContextHolder' -> true, 'org.springframework.test.context.event.ApplicationEventsTestExecutionListener.recordApplicationEvents' -> false, 'org.springframework.test.context.support.DependencyInjectionTestExecutionListener.reinjectDependencies' -> true]]].
[DEBUG], 2022-06-22 20:39:43 DefaultCacheAwareContextLoaderDelegate:137 - Retrieved ApplicationContext [199449817] from cache with key [[WebMergedContextConfiguration@524d6d96 testClass = JunitUserControllerTest, locations = '{file:src/main/webapp/WEB-INF/spring/root-context.xml, file:src/main/webapp/WEB-INF/spring/appServlet/servlet-context.xml}', classes = '{}', contextInitializerClasses = '[]', activeProfiles = '{}', propertySourceLocations = '{}', propertySourceProperties = '{}', contextCustomizers = set[org.springframework.test.context.web.socket.MockServerContainerContextCustomizer@247bddad], resourceBasePath = 'src/main/webapp', contextLoader = 'org.springframework.test.context.web.WebDelegatingSmartContextLoader', parent = [null]]]
[DEBUG], 2022-06-22 20:39:43 cache:290 - Spring test ApplicationContext cache statistics: [DefaultContextCache@189b5fb1 size = 1, maxSize = 32, parentContextCount = 0, hitCount = 8, missCount = 1]
[DEBUG], 2022-06-22 20:39:43 DefaultCacheAwareContextLoaderDelegate:137 - Retrieved ApplicationContext [199449817] from cache with key [[WebMergedContextConfiguration@524d6d96 testClass = JunitUserControllerTest, locations = '{file:src/main/webapp/WEB-INF/spring/root-context.xml, file:src/main/webapp/WEB-INF/spring/appServlet/servlet-context.xml}', classes = '{}', contextInitializerClasses = '[]', activeProfiles = '{}', propertySourceLocations = '{}', propertySourceProperties = '{}', contextCustomizers = set[org.springframework.test.context.web.socket.MockServerContainerContextCustomizer@247bddad], resourceBasePath = 'src/main/webapp', contextLoader = 'org.springframework.test.context.web.WebDelegatingSmartContextLoader', parent = [null]]]
[DEBUG], 2022-06-22 20:39:43 cache:290 - Spring test ApplicationContext cache statistics: [DefaultContextCache@189b5fb1 size = 1, maxSize = 32, parentContextCount = 0, hitCount = 9, missCount = 1]
[DEBUG], 2022-06-22 20:39:43 AbstractDirtiesContextTestExecutionListener:108 - Before test method: context [DefaultTestContext@2525ff7e testClass = JunitUserControllerTest, testInstance = com.pcwk.ehr.JunitUserControllerTest@2b0b4d53, testMethod = addAndGet@JunitUserControllerTest, testException = [null], mergedContextConfiguration = [WebMergedContextConfiguration@524d6d96 testClass = JunitUserControllerTest, locations = '{file:src/main/webapp/WEB-INF/spring/root-context.xml, file:src/main/webapp/WEB-INF/spring/appServlet/servlet-context.xml}', classes = '{}', contextInitializerClasses = '[]', activeProfiles = '{}', propertySourceLocations = '{}', propertySourceProperties = '{}', contextCustomizers = set[org.springframework.test.context.web.socket.MockServerContainerContextCustomizer@247bddad], resourceBasePath = 'src/main/webapp', contextLoader = 'org.springframework.test.context.web.WebDelegatingSmartContextLoader', parent = [null]], attributes = map['org.springframework.test.context.web.ServletTestExecutionListener.populatedRequestContextHolder' -> true, 'org.springframework.test.context.web.ServletTestExecutionListener.resetRequestContextHolder' -> true, 'org.springframework.test.context.event.ApplicationEventsTestExecutionListener.recordApplicationEvents' -> false]], class annotated with @DirtiesContext [false] with mode [null], method annotated with @DirtiesContext [false] with mode [null].
[DEBUG], 2022-06-22 20:39:43 DefaultCacheAwareContextLoaderDelegate:137 - Retrieved ApplicationContext [199449817] from cache with key [[WebMergedContextConfiguration@524d6d96 testClass = JunitUserControllerTest, locations = '{file:src/main/webapp/WEB-INF/spring/root-context.xml, file:src/main/webapp/WEB-INF/spring/appServlet/servlet-context.xml}', classes = '{}', contextInitializerClasses = '[]', activeProfiles = '{}', propertySourceLocations = '{}', propertySourceProperties = '{}', contextCustomizers = set[org.springframework.test.context.web.socket.MockServerContainerContextCustomizer@247bddad], resourceBasePath = 'src/main/webapp', contextLoader = 'org.springframework.test.context.web.WebDelegatingSmartContextLoader', parent = [null]]]
[DEBUG], 2022-06-22 20:39:43 cache:290 - Spring test ApplicationContext cache statistics: [DefaultContextCache@189b5fb1 size = 1, maxSize = 32, parentContextCount = 0, hitCount = 10, missCount = 1]
[DEBUG], 2022-06-22 20:39:43 DefaultCacheAwareContextLoaderDelegate:137 - Retrieved ApplicationContext [199449817] from cache with key [[WebMergedContextConfiguration@524d6d96 testClass = JunitUserControllerTest, locations = '{file:src/main/webapp/WEB-INF/spring/root-context.xml, file:src/main/webapp/WEB-INF/spring/appServlet/servlet-context.xml}', classes = '{}', contextInitializerClasses = '[]', activeProfiles = '{}', propertySourceLocations = '{}', propertySourceProperties = '{}', contextCustomizers = set[org.springframework.test.context.web.socket.MockServerContainerContextCustomizer@247bddad], resourceBasePath = 'src/main/webapp', contextLoader = 'org.springframework.test.context.web.WebDelegatingSmartContextLoader', parent = [null]]]
[DEBUG], 2022-06-22 20:39:43 cache:290 - Spring test ApplicationContext cache statistics: [DefaultContextCache@189b5fb1 size = 1, maxSize = 32, parentContextCount = 0, hitCount = 11, missCount = 1]
[DEBUG], 2022-06-22 20:39:43 DefaultCacheAwareContextLoaderDelegate:137 - Retrieved ApplicationContext [199449817] from cache with key [[WebMergedContextConfiguration@524d6d96 testClass = JunitUserControllerTest, locations = '{file:src/main/webapp/WEB-INF/spring/root-context.xml, file:src/main/webapp/WEB-INF/spring/appServlet/servlet-context.xml}', classes = '{}', contextInitializerClasses = '[]', activeProfiles = '{}', propertySourceLocations = '{}', propertySourceProperties = '{}', contextCustomizers = set[org.springframework.test.context.web.socket.MockServerContainerContextCustomizer@247bddad], resourceBasePath = 'src/main/webapp', contextLoader = 'org.springframework.test.context.web.WebDelegatingSmartContextLoader', parent = [null]]]
[DEBUG], 2022-06-22 20:39:43 cache:290 - Spring test ApplicationContext cache statistics: [DefaultContextCache@189b5fb1 size = 1, maxSize = 32, parentContextCount = 0, hitCount = 12, missCount = 1]
[DEBUG], 2022-06-22 20:39:43 DefaultCacheAwareContextLoaderDelegate:137 - Retrieved ApplicationContext [199449817] from cache with key [[WebMergedContextConfiguration@524d6d96 testClass = JunitUserControllerTest, locations = '{file:src/main/webapp/WEB-INF/spring/root-context.xml, file:src/main/webapp/WEB-INF/spring/appServlet/servlet-context.xml}', classes = '{}', contextInitializerClasses = '[]', activeProfiles = '{}', propertySourceLocations = '{}', propertySourceProperties = '{}', contextCustomizers = set[org.springframework.test.context.web.socket.MockServerContainerContextCustomizer@247bddad], resourceBasePath = 'src/main/webapp', contextLoader = 'org.springframework.test.context.web.WebDelegatingSmartContextLoader', parent = [null]]]
[DEBUG], 2022-06-22 20:39:43 cache:290 - Spring test ApplicationContext cache statistics: [DefaultContextCache@189b5fb1 size = 1, maxSize = 32, parentContextCount = 0, hitCount = 13, missCount = 1]
[DEBUG], 2022-06-22 20:39:43 AbstractDirtiesContextTestExecutionListener:108 - After test method: context [DefaultTestContext@2525ff7e testClass = JunitUserControllerTest, testInstance = com.pcwk.ehr.JunitUserControllerTest@2b0b4d53, testMethod = addAndGet@JunitUserControllerTest, testException = java.lang.NullPointerException, mergedContextConfiguration = [WebMergedContextConfiguration@524d6d96 testClass = JunitUserControllerTest, locations = '{file:src/main/webapp/WEB-INF/spring/root-context.xml, file:src/main/webapp/WEB-INF/spring/appServlet/servlet-context.xml}', classes = '{}', contextInitializerClasses = '[]', activeProfiles = '{}', propertySourceLocations = '{}', propertySourceProperties = '{}', contextCustomizers = set[org.springframework.test.context.web.socket.MockServerContainerContextCustomizer@247bddad], resourceBasePath = 'src/main/webapp', contextLoader = 'org.springframework.test.context.web.WebDelegatingSmartContextLoader', parent = [null]], attributes = map['org.springframework.test.context.web.ServletTestExecutionListener.populatedRequestContextHolder' -> true, 'org.springframework.test.context.web.ServletTestExecutionListener.resetRequestContextHolder' -> true, 'org.springframework.test.context.event.ApplicationEventsTestExecutionListener.recordApplicationEvents' -> false]], class annotated with @DirtiesContext [false] with mode [null], method annotated with @DirtiesContext [false] with mode [null].
[DEBUG], 2022-06-22 20:39:43 ServletTestExecutionListener:166 - Resetting RequestContextHolder for test context [DefaultTestContext@2525ff7e testClass = JunitUserControllerTest, testInstance = com.pcwk.ehr.JunitUserControllerTest@2b0b4d53, testMethod = addAndGet@JunitUserControllerTest, testException = java.lang.NullPointerException, mergedContextConfiguration = [WebMergedContextConfiguration@524d6d96 testClass = JunitUserControllerTest, locations = '{file:src/main/webapp/WEB-INF/spring/root-context.xml, file:src/main/webapp/WEB-INF/spring/appServlet/servlet-context.xml}', classes = '{}', contextInitializerClasses = '[]', activeProfiles = '{}', propertySourceLocations = '{}', propertySourceProperties = '{}', contextCustomizers = set[org.springframework.test.context.web.socket.MockServerContainerContextCustomizer@247bddad], resourceBasePath = 'src/main/webapp', contextLoader = 'org.springframework.test.context.web.WebDelegatingSmartContextLoader', parent = [null]], attributes = map['org.springframework.test.context.web.ServletTestExecutionListener.populatedRequestContextHolder' -> true, 'org.springframework.test.context.web.ServletTestExecutionListener.resetRequestContextHolder' -> true, 'org.springframework.test.context.event.ApplicationEventsTestExecutionListener.recordApplicationEvents' -> false]].
[DEBUG], 2022-06-22 20:39:43 ProfileValueUtils:70 - Retrieved @ProfileValueSourceConfiguration [null] for test class [com.pcwk.ehr.JunitUserControllerTest]
[DEBUG], 2022-06-22 20:39:43 ProfileValueUtils:83 - Retrieved ProfileValueSource type [class org.springframework.test.annotation.SystemProfileValueSource] for class [com.pcwk.ehr.JunitUserControllerTest]
[DEBUG], 2022-06-22 20:39:43 DefaultCacheAwareContextLoaderDelegate:137 - Retrieved ApplicationContext [199449817] from cache with key [[WebMergedContextConfiguration@524d6d96 testClass = JunitUserControllerTest, locations = '{file:src/main/webapp/WEB-INF/spring/root-context.xml, file:src/main/webapp/WEB-INF/spring/appServlet/servlet-context.xml}', classes = '{}', contextInitializerClasses = '[]', activeProfiles = '{}', propertySourceLocations = '{}', propertySourceProperties = '{}', contextCustomizers = set[org.springframework.test.context.web.socket.MockServerContainerContextCustomizer@247bddad], resourceBasePath = 'src/main/webapp', contextLoader = 'org.springframework.test.context.web.WebDelegatingSmartContextLoader', parent = [null]]]
[DEBUG], 2022-06-22 20:39:43 cache:290 - Spring test ApplicationContext cache statistics: [DefaultContextCache@189b5fb1 size = 1, maxSize = 32, parentContextCount = 0, hitCount = 14, missCount = 1]
[DEBUG], 2022-06-22 20:39:43 ServletTestExecutionListener:200 - Setting up MockHttpServletRequest, MockHttpServletResponse, ServletWebRequest, and RequestContextHolder for test context [DefaultTestContext@2525ff7e testClass = JunitUserControllerTest, testInstance = com.pcwk.ehr.JunitUserControllerTest@6d4a65c6, testMethod = [null], testException = [null], mergedContextConfiguration = [WebMergedContextConfiguration@524d6d96 testClass = JunitUserControllerTest, locations = '{file:src/main/webapp/WEB-INF/spring/root-context.xml, file:src/main/webapp/WEB-INF/spring/appServlet/servlet-context.xml}', classes = '{}', contextInitializerClasses = '[]', activeProfiles = '{}', propertySourceLocations = '{}', propertySourceProperties = '{}', contextCustomizers = set[org.springframework.test.context.web.socket.MockServerContainerContextCustomizer@247bddad], resourceBasePath = 'src/main/webapp', contextLoader = 'org.springframework.test.context.web.WebDelegatingSmartContextLoader', parent = [null]], attributes = map['org.springframework.test.context.event.ApplicationEventsTestExecutionListener.recordApplicationEvents' -> false, 'org.springframework.test.context.support.DependencyInjectionTestExecutionListener.reinjectDependencies' -> true]].
[DEBUG], 2022-06-22 20:39:43 DependencyInjectionTestExecutionListener:81 - Performing dependency injection for test context [[DefaultTestContext@2525ff7e testClass = JunitUserControllerTest, testInstance = com.pcwk.ehr.JunitUserControllerTest@6d4a65c6, testMethod = [null], testException = [null], mergedContextConfiguration = [WebMergedContextConfiguration@524d6d96 testClass = JunitUserControllerTest, locations = '{file:src/main/webapp/WEB-INF/spring/root-context.xml, file:src/main/webapp/WEB-INF/spring/appServlet/servlet-context.xml}', classes = '{}', contextInitializerClasses = '[]', activeProfiles = '{}', propertySourceLocations = '{}', propertySourceProperties = '{}', contextCustomizers = set[org.springframework.test.context.web.socket.MockServerContainerContextCustomizer@247bddad], resourceBasePath = 'src/main/webapp', contextLoader = 'org.springframework.test.context.web.WebDelegatingSmartContextLoader', parent = [null]], attributes = map['org.springframework.test.context.web.ServletTestExecutionListener.populatedRequestContextHolder' -> true, 'org.springframework.test.context.web.ServletTestExecutionListener.resetRequestContextHolder' -> true, 'org.springframework.test.context.event.ApplicationEventsTestExecutionListener.recordApplicationEvents' -> false, 'org.springframework.test.context.support.DependencyInjectionTestExecutionListener.reinjectDependencies' -> true]]].
[DEBUG], 2022-06-22 20:39:43 DefaultCacheAwareContextLoaderDelegate:137 - Retrieved ApplicationContext [199449817] from cache with key [[WebMergedContextConfiguration@524d6d96 testClass = JunitUserControllerTest, locations = '{file:src/main/webapp/WEB-INF/spring/root-context.xml, file:src/main/webapp/WEB-INF/spring/appServlet/servlet-context.xml}', classes = '{}', contextInitializerClasses = '[]', activeProfiles = '{}', propertySourceLocations = '{}', propertySourceProperties = '{}', contextCustomizers = set[org.springframework.test.context.web.socket.MockServerContainerContextCustomizer@247bddad], resourceBasePath = 'src/main/webapp', contextLoader = 'org.springframework.test.context.web.WebDelegatingSmartContextLoader', parent = [null]]]
[DEBUG], 2022-06-22 20:39:43 cache:290 - Spring test ApplicationContext cache statistics: [DefaultContextCache@189b5fb1 size = 1, maxSize = 32, parentContextCount = 0, hitCount = 15, missCount = 1]
[DEBUG], 2022-06-22 20:39:43 DefaultCacheAwareContextLoaderDelegate:137 - Retrieved ApplicationContext [199449817] from cache with key [[WebMergedContextConfiguration@524d6d96 testClass = JunitUserControllerTest, locations = '{file:src/main/webapp/WEB-INF/spring/root-context.xml, file:src/main/webapp/WEB-INF/spring/appServlet/servlet-context.xml}', classes = '{}', contextInitializerClasses = '[]', activeProfiles = '{}', propertySourceLocations = '{}', propertySourceProperties = '{}', contextCustomizers = set[org.springframework.test.context.web.socket.MockServerContainerContextCustomizer@247bddad], resourceBasePath = 'src/main/webapp', contextLoader = 'org.springframework.test.context.web.WebDelegatingSmartContextLoader', parent = [null]]]
[DEBUG], 2022-06-22 20:39:43 cache:290 - Spring test ApplicationContext cache statistics: [DefaultContextCache@189b5fb1 size = 1, maxSize = 32, parentContextCount = 0, hitCount = 16, missCount = 1]
[DEBUG], 2022-06-22 20:39:43 AbstractDirtiesContextTestExecutionListener:108 - Before test method: context [DefaultTestContext@2525ff7e testClass = JunitUserControllerTest, testInstance = com.pcwk.ehr.JunitUserControllerTest@6d4a65c6, testMethod = doUpdate@JunitUserControllerTest, testException = [null], mergedContextConfiguration = [WebMergedContextConfiguration@524d6d96 testClass = JunitUserControllerTest, locations = '{file:src/main/webapp/WEB-INF/spring/root-context.xml, file:src/main/webapp/WEB-INF/spring/appServlet/servlet-context.xml}', classes = '{}', contextInitializerClasses = '[]', activeProfiles = '{}', propertySourceLocations = '{}', propertySourceProperties = '{}', contextCustomizers = set[org.springframework.test.context.web.socket.MockServerContainerContextCustomizer@247bddad], resourceBasePath = 'src/main/webapp', contextLoader = 'org.springframework.test.context.web.WebDelegatingSmartContextLoader', parent = [null]], attributes = map['org.springframework.test.context.web.ServletTestExecutionListener.populatedRequestContextHolder' -> true, 'org.springframework.test.context.web.ServletTestExecutionListener.resetRequestContextHolder' -> true, 'org.springframework.test.context.event.ApplicationEventsTestExecutionListener.recordApplicationEvents' -> false]], class annotated with @DirtiesContext [false] with mode [null], method annotated with @DirtiesContext [false] with mode [null].
[DEBUG], 2022-06-22 20:39:43 DefaultCacheAwareContextLoaderDelegate:137 - Retrieved ApplicationContext [199449817] from cache with key [[WebMergedContextConfiguration@524d6d96 testClass = JunitUserControllerTest, locations = '{file:src/main/webapp/WEB-INF/spring/root-context.xml, file:src/main/webapp/WEB-INF/spring/appServlet/servlet-context.xml}', classes = '{}', contextInitializerClasses = '[]', activeProfiles = '{}', propertySourceLocations = '{}', propertySourceProperties = '{}', contextCustomizers = set[org.springframework.test.context.web.socket.MockServerContainerContextCustomizer@247bddad], resourceBasePath = 'src/main/webapp', contextLoader = 'org.springframework.test.context.web.WebDelegatingSmartContextLoader', parent = [null]]]
[DEBUG], 2022-06-22 20:39:43 cache:290 - Spring test ApplicationContext cache statistics: [DefaultContextCache@189b5fb1 size = 1, maxSize = 32, parentContextCount = 0, hitCount = 17, missCount = 1]
[DEBUG], 2022-06-22 20:39:43 DefaultCacheAwareContextLoaderDelegate:137 - Retrieved ApplicationContext [199449817] from cache with key [[WebMergedContextConfiguration@524d6d96 testClass = JunitUserControllerTest, locations = '{file:src/main/webapp/WEB-INF/spring/root-context.xml, file:src/main/webapp/WEB-INF/spring/appServlet/servlet-context.xml}', classes = '{}', contextInitializerClasses = '[]', activeProfiles = '{}', propertySourceLocations = '{}', propertySourceProperties = '{}', contextCustomizers = set[org.springframework.test.context.web.socket.MockServerContainerContextCustomizer@247bddad], resourceBasePath = 'src/main/webapp', contextLoader = 'org.springframework.test.context.web.WebDelegatingSmartContextLoader', parent = [null]]]
[DEBUG], 2022-06-22 20:39:43 cache:290 - Spring test ApplicationContext cache statistics: [DefaultContextCache@189b5fb1 size = 1, maxSize = 32, parentContextCount = 0, hitCount = 18, missCount = 1]
[DEBUG], 2022-06-22 20:39:43 DefaultCacheAwareContextLoaderDelegate:137 - Retrieved ApplicationContext [199449817] from cache with key [[WebMergedContextConfiguration@524d6d96 testClass = JunitUserControllerTest, locations = '{file:src/main/webapp/WEB-INF/spring/root-context.xml, file:src/main/webapp/WEB-INF/spring/appServlet/servlet-context.xml}', classes = '{}', contextInitializerClasses = '[]', activeProfiles = '{}', propertySourceLocations = '{}', propertySourceProperties = '{}', contextCustomizers = set[org.springframework.test.context.web.socket.MockServerContainerContextCustomizer@247bddad], resourceBasePath = 'src/main/webapp', contextLoader = 'org.springframework.test.context.web.WebDelegatingSmartContextLoader', parent = [null]]]
[DEBUG], 2022-06-22 20:39:43 cache:290 - Spring test ApplicationContext cache statistics: [DefaultContextCache@189b5fb1 size = 1, maxSize = 32, parentContextCount = 0, hitCount = 19, missCount = 1]
[DEBUG], 2022-06-22 20:39:43 DefaultCacheAwareContextLoaderDelegate:137 - Retrieved ApplicationContext [199449817] from cache with key [[WebMergedContextConfiguration@524d6d96 testClass = JunitUserControllerTest, locations = '{file:src/main/webapp/WEB-INF/spring/root-context.xml, file:src/main/webapp/WEB-INF/spring/appServlet/servlet-context.xml}', classes = '{}', contextInitializerClasses = '[]', activeProfiles = '{}', propertySourceLocations = '{}', propertySourceProperties = '{}', contextCustomizers = set[org.springframework.test.context.web.socket.MockServerContainerContextCustomizer@247bddad], resourceBasePath = 'src/main/webapp', contextLoader = 'org.springframework.test.context.web.WebDelegatingSmartContextLoader', parent = [null]]]
[DEBUG], 2022-06-22 20:39:43 cache:290 - Spring test ApplicationContext cache statistics: [DefaultContextCache@189b5fb1 size = 1, maxSize = 32, parentContextCount = 0, hitCount = 20, missCount = 1]
[DEBUG], 2022-06-22 20:39:43 AbstractDirtiesContextTestExecutionListener:108 - After test method: context [DefaultTestContext@2525ff7e testClass = JunitUserControllerTest, testInstance = com.pcwk.ehr.JunitUserControllerTest@6d4a65c6, testMethod = doUpdate@JunitUserControllerTest, testException = java.lang.NullPointerException, mergedContextConfiguration = [WebMergedContextConfiguration@524d6d96 testClass = JunitUserControllerTest, locations = '{file:src/main/webapp/WEB-INF/spring/root-context.xml, file:src/main/webapp/WEB-INF/spring/appServlet/servlet-context.xml}', classes = '{}', contextInitializerClasses = '[]', activeProfiles = '{}', propertySourceLocations = '{}', propertySourceProperties = '{}', contextCustomizers = set[org.springframework.test.context.web.socket.MockServerContainerContextCustomizer@247bddad], resourceBasePath = 'src/main/webapp', contextLoader = 'org.springframework.test.context.web.WebDelegatingSmartContextLoader', parent = [null]], attributes = map['org.springframework.test.context.web.ServletTestExecutionListener.populatedRequestContextHolder' -> true, 'org.springframework.test.context.web.ServletTestExecutionListener.resetRequestContextHolder' -> true, 'org.springframework.test.context.event.ApplicationEventsTestExecutionListener.recordApplicationEvents' -> false]], class annotated with @DirtiesContext [false] with mode [null], method annotated with @DirtiesContext [false] with mode [null].
[DEBUG], 2022-06-22 20:39:43 ServletTestExecutionListener:166 - Resetting RequestContextHolder for test context [DefaultTestContext@2525ff7e testClass = JunitUserControllerTest, testInstance = com.pcwk.ehr.JunitUserControllerTest@6d4a65c6, testMethod = doUpdate@JunitUserControllerTest, testException = java.lang.NullPointerException, mergedContextConfiguration = [WebMergedContextConfiguration@524d6d96 testClass = JunitUserControllerTest, locations = '{file:src/main/webapp/WEB-INF/spring/root-context.xml, file:src/main/webapp/WEB-INF/spring/appServlet/servlet-context.xml}', classes = '{}', contextInitializerClasses = '[]', activeProfiles = '{}', propertySourceLocations = '{}', propertySourceProperties = '{}', contextCustomizers = set[org.springframework.test.context.web.socket.MockServerContainerContextCustomizer@247bddad], resourceBasePath = 'src/main/webapp', contextLoader = 'org.springframework.test.context.web.WebDelegatingSmartContextLoader', parent = [null]], attributes = map['org.springframework.test.context.web.ServletTestExecutionListener.populatedRequestContextHolder' -> true, 'org.springframework.test.context.web.ServletTestExecutionListener.resetRequestContextHolder' -> true, 'org.springframework.test.context.event.ApplicationEventsTestExecutionListener.recordApplicationEvents' -> false]].
[DEBUG], 2022-06-22 20:39:43 ProfileValueUtils:70 - Retrieved @ProfileValueSourceConfiguration [null] for test class [com.pcwk.ehr.JunitUserControllerTest]
[DEBUG], 2022-06-22 20:39:43 ProfileValueUtils:83 - Retrieved ProfileValueSource type [class org.springframework.test.annotation.SystemProfileValueSource] for class [com.pcwk.ehr.JunitUserControllerTest]
[DEBUG], 2022-06-22 20:39:43 DefaultCacheAwareContextLoaderDelegate:137 - Retrieved ApplicationContext [199449817] from cache with key [[WebMergedContextConfiguration@524d6d96 testClass = JunitUserControllerTest, locations = '{file:src/main/webapp/WEB-INF/spring/root-context.xml, file:src/main/webapp/WEB-INF/spring/appServlet/servlet-context.xml}', classes = '{}', contextInitializerClasses = '[]', activeProfiles = '{}', propertySourceLocations = '{}', propertySourceProperties = '{}', contextCustomizers = set[org.springframework.test.context.web.socket.MockServerContainerContextCustomizer@247bddad], resourceBasePath = 'src/main/webapp', contextLoader = 'org.springframework.test.context.web.WebDelegatingSmartContextLoader', parent = [null]]]
[DEBUG], 2022-06-22 20:39:43 cache:290 - Spring test ApplicationContext cache statistics: [DefaultContextCache@189b5fb1 size = 1, maxSize = 32, parentContextCount = 0, hitCount = 21, missCount = 1]
[DEBUG], 2022-06-22 20:39:43 ServletTestExecutionListener:200 - Setting up MockHttpServletRequest, MockHttpServletResponse, ServletWebRequest, and RequestContextHolder for test context [DefaultTestContext@2525ff7e testClass = JunitUserControllerTest, testInstance = com.pcwk.ehr.JunitUserControllerTest@392a04e7, testMethod = [null], testException = [null], mergedContextConfiguration = [WebMergedContextConfiguration@524d6d96 testClass = JunitUserControllerTest, locations = '{file:src/main/webapp/WEB-INF/spring/root-context.xml, file:src/main/webapp/WEB-INF/spring/appServlet/servlet-context.xml}', classes = '{}', contextInitializerClasses = '[]', activeProfiles = '{}', propertySourceLocations = '{}', propertySourceProperties = '{}', contextCustomizers = set[org.springframework.test.context.web.socket.MockServerContainerContextCustomizer@247bddad], resourceBasePath = 'src/main/webapp', contextLoader = 'org.springframework.test.context.web.WebDelegatingSmartContextLoader', parent = [null]], attributes = map['org.springframework.test.context.event.ApplicationEventsTestExecutionListener.recordApplicationEvents' -> false, 'org.springframework.test.context.support.DependencyInjectionTestExecutionListener.reinjectDependencies' -> true]].
[DEBUG], 2022-06-22 20:39:43 DependencyInjectionTestExecutionListener:81 - Performing dependency injection for test context [[DefaultTestContext@2525ff7e testClass = JunitUserControllerTest, testInstance = com.pcwk.ehr.JunitUserControllerTest@392a04e7, testMethod = [null], testException = [null], mergedContextConfiguration = [WebMergedContextConfiguration@524d6d96 testClass = JunitUserControllerTest, locations = '{file:src/main/webapp/WEB-INF/spring/root-context.xml, file:src/main/webapp/WEB-INF/spring/appServlet/servlet-context.xml}', classes = '{}', contextInitializerClasses = '[]', activeProfiles = '{}', propertySourceLocations = '{}', propertySourceProperties = '{}', contextCustomizers = set[org.springframework.test.context.web.socket.MockServerContainerContextCustomizer@247bddad], resourceBasePath = 'src/main/webapp', contextLoader = 'org.springframework.test.context.web.WebDelegatingSmartContextLoader', parent = [null]], attributes = map['org.springframework.test.context.web.ServletTestExecutionListener.populatedRequestContextHolder' -> true, 'org.springframework.test.context.web.ServletTestExecutionListener.resetRequestContextHolder' -> true, 'org.springframework.test.context.event.ApplicationEventsTestExecutionListener.recordApplicationEvents' -> false, 'org.springframework.test.context.support.DependencyInjectionTestExecutionListener.reinjectDependencies' -> true]]].
[DEBUG], 2022-06-22 20:39:43 DefaultCacheAwareContextLoaderDelegate:137 - Retrieved ApplicationContext [199449817] from cache with key [[WebMergedContextConfiguration@524d6d96 testClass = JunitUserControllerTest, locations = '{file:src/main/webapp/WEB-INF/spring/root-context.xml, file:src/main/webapp/WEB-INF/spring/appServlet/servlet-context.xml}', classes = '{}', contextInitializerClasses = '[]', activeProfiles = '{}', propertySourceLocations = '{}', propertySourceProperties = '{}', contextCustomizers = set[org.springframework.test.context.web.socket.MockServerContainerContextCustomizer@247bddad], resourceBasePath = 'src/main/webapp', contextLoader = 'org.springframework.test.context.web.WebDelegatingSmartContextLoader', parent = [null]]]
[DEBUG], 2022-06-22 20:39:43 cache:290 - Spring test ApplicationContext cache statistics: [DefaultContextCache@189b5fb1 size = 1, maxSize = 32, parentContextCount = 0, hitCount = 22, missCount = 1]
[DEBUG], 2022-06-22 20:39:43 DefaultCacheAwareContextLoaderDelegate:137 - Retrieved ApplicationContext [199449817] from cache with key [[WebMergedContextConfiguration@524d6d96 testClass = JunitUserControllerTest, locations = '{file:src/main/webapp/WEB-INF/spring/root-context.xml, file:src/main/webapp/WEB-INF/spring/appServlet/servlet-context.xml}', classes = '{}', contextInitializerClasses = '[]', activeProfiles = '{}', propertySourceLocations = '{}', propertySourceProperties = '{}', contextCustomizers = set[org.springframework.test.context.web.socket.MockServerContainerContextCustomizer@247bddad], resourceBasePath = 'src/main/webapp', contextLoader = 'org.springframework.test.context.web.WebDelegatingSmartContextLoader', parent = [null]]]
[DEBUG], 2022-06-22 20:39:43 cache:290 - Spring test ApplicationContext cache statistics: [DefaultContextCache@189b5fb1 size = 1, maxSize = 32, parentContextCount = 0, hitCount = 23, missCount = 1]
[DEBUG], 2022-06-22 20:39:43 AbstractDirtiesContextTestExecutionListener:108 - Before test method: context [DefaultTestContext@2525ff7e testClass = JunitUserControllerTest, testInstance = com.pcwk.ehr.JunitUserControllerTest@392a04e7, testMethod = idCheck@JunitUserControllerTest, testException = [null], mergedContextConfiguration = [WebMergedContextConfiguration@524d6d96 testClass = JunitUserControllerTest, locations = '{file:src/main/webapp/WEB-INF/spring/root-context.xml, file:src/main/webapp/WEB-INF/spring/appServlet/servlet-context.xml}', classes = '{}', contextInitializerClasses = '[]', activeProfiles = '{}', propertySourceLocations = '{}', propertySourceProperties = '{}', contextCustomizers = set[org.springframework.test.context.web.socket.MockServerContainerContextCustomizer@247bddad], resourceBasePath = 'src/main/webapp', contextLoader = 'org.springframework.test.context.web.WebDelegatingSmartContextLoader', parent = [null]], attributes = map['org.springframework.test.context.web.ServletTestExecutionListener.populatedRequestContextHolder' -> true, 'org.springframework.test.context.web.ServletTestExecutionListener.resetRequestContextHolder' -> true, 'org.springframework.test.context.event.ApplicationEventsTestExecutionListener.recordApplicationEvents' -> false]], class annotated with @DirtiesContext [false] with mode [null], method annotated with @DirtiesContext [false] with mode [null].
[DEBUG], 2022-06-22 20:39:43 DefaultCacheAwareContextLoaderDelegate:137 - Retrieved ApplicationContext [199449817] from cache with key [[WebMergedContextConfiguration@524d6d96 testClass = JunitUserControllerTest, locations = '{file:src/main/webapp/WEB-INF/spring/root-context.xml, file:src/main/webapp/WEB-INF/spring/appServlet/servlet-context.xml}', classes = '{}', contextInitializerClasses = '[]', activeProfiles = '{}', propertySourceLocations = '{}', propertySourceProperties = '{}', contextCustomizers = set[org.springframework.test.context.web.socket.MockServerContainerContextCustomizer@247bddad], resourceBasePath = 'src/main/webapp', contextLoader = 'org.springframework.test.context.web.WebDelegatingSmartContextLoader', parent = [null]]]
[DEBUG], 2022-06-22 20:39:43 cache:290 - Spring test ApplicationContext cache statistics: [DefaultContextCache@189b5fb1 size = 1, maxSize = 32, parentContextCount = 0, hitCount = 24, missCount = 1]
[DEBUG], 2022-06-22 20:39:43 DefaultCacheAwareContextLoaderDelegate:137 - Retrieved ApplicationContext [199449817] from cache with key [[WebMergedContextConfiguration@524d6d96 testClass = JunitUserControllerTest, locations = '{file:src/main/webapp/WEB-INF/spring/root-context.xml, file:src/main/webapp/WEB-INF/spring/appServlet/servlet-context.xml}', classes = '{}', contextInitializerClasses = '[]', activeProfiles = '{}', propertySourceLocations = '{}', propertySourceProperties = '{}', contextCustomizers = set[org.springframework.test.context.web.socket.MockServerContainerContextCustomizer@247bddad], resourceBasePath = 'src/main/webapp', contextLoader = 'org.springframework.test.context.web.WebDelegatingSmartContextLoader', parent = [null]]]
[DEBUG], 2022-06-22 20:39:43 cache:290 - Spring test ApplicationContext cache statistics: [DefaultContextCache@189b5fb1 size = 1, maxSize = 32, parentContextCount = 0, hitCount = 25, missCount = 1]
[DEBUG], 2022-06-22 20:39:43 UserDaoImpl:168 - =============================
[DEBUG], 2022-06-22 20:39:43 DefaultCacheAwareContextLoaderDelegate:137 - Retrieved ApplicationContext [199449817] from cache with key [[WebMergedContextConfiguration@524d6d96 testClass = JunitUserControllerTest, locations = '{file:src/main/webapp/WEB-INF/spring/root-context.xml, file:src/main/webapp/WEB-INF/spring/appServlet/servlet-context.xml}', classes = '{}', contextInitializerClasses = '[]', activeProfiles = '{}', propertySourceLocations = '{}', propertySourceProperties = '{}', contextCustomizers = set[org.springframework.test.context.web.socket.MockServerContainerContextCustomizer@247bddad], resourceBasePath = 'src/main/webapp', contextLoader = 'org.springframework.test.context.web.WebDelegatingSmartContextLoader', parent = [null]]]
[DEBUG], 2022-06-22 20:39:43 cache:290 - Spring test ApplicationContext cache statistics: [DefaultContextCache@189b5fb1 size = 1, maxSize = 32, parentContextCount = 0, hitCount = 26, missCount = 1]
[DEBUG], 2022-06-22 20:39:43 DefaultCacheAwareContextLoaderDelegate:137 - Retrieved ApplicationContext [199449817] from cache with key [[WebMergedContextConfiguration@524d6d96 testClass = JunitUserControllerTest, locations = '{file:src/main/webapp/WEB-INF/spring/root-context.xml, file:src/main/webapp/WEB-INF/spring/appServlet/servlet-context.xml}', classes = '{}', contextInitializerClasses = '[]', activeProfiles = '{}', propertySourceLocations = '{}', propertySourceProperties = '{}', contextCustomizers = set[org.springframework.test.context.web.socket.MockServerContainerContextCustomizer@247bddad], resourceBasePath = 'src/main/webapp', contextLoader = 'org.springframework.test.context.web.WebDelegatingSmartContextLoader', parent = [null]]]
[DEBUG], 2022-06-22 20:39:43 cache:290 - Spring test ApplicationContext cache statistics: [DefaultContextCache@189b5fb1 size = 1, maxSize = 32, parentContextCount = 0, hitCount = 27, missCount = 1]
[DEBUG], 2022-06-22 20:39:43 AbstractDirtiesContextTestExecutionListener:108 - After test method: context [DefaultTestContext@2525ff7e testClass = JunitUserControllerTest, testInstance = com.pcwk.ehr.JunitUserControllerTest@392a04e7, testMethod = idCheck@JunitUserControllerTest, testException = java.lang.NullPointerException, mergedContextConfiguration = [WebMergedContextConfiguration@524d6d96 testClass = JunitUserControllerTest, locations = '{file:src/main/webapp/WEB-INF/spring/root-context.xml, file:src/main/webapp/WEB-INF/spring/appServlet/servlet-context.xml}', classes = '{}', contextInitializerClasses = '[]', activeProfiles = '{}', propertySourceLocations = '{}', propertySourceProperties = '{}', contextCustomizers = set[org.springframework.test.context.web.socket.MockServerContainerContextCustomizer@247bddad], resourceBasePath = 'src/main/webapp', contextLoader = 'org.springframework.test.context.web.WebDelegatingSmartContextLoader', parent = [null]], attributes = map['org.springframework.test.context.web.ServletTestExecutionListener.populatedRequestContextHolder' -> true, 'org.springframework.test.context.web.ServletTestExecutionListener.resetRequestContextHolder' -> true, 'org.springframework.test.context.event.ApplicationEventsTestExecutionListener.recordApplicationEvents' -> false]], class annotated with @DirtiesContext [false] with mode [null], method annotated with @DirtiesContext [false] with mode [null].
[DEBUG], 2022-06-22 20:39:43 ServletTestExecutionListener:166 - Resetting RequestContextHolder for test context [DefaultTestContext@2525ff7e testClass = JunitUserControllerTest, testInstance = com.pcwk.ehr.JunitUserControllerTest@392a04e7, testMethod = idCheck@JunitUserControllerTest, testException = java.lang.NullPointerException, mergedContextConfiguration = [WebMergedContextConfiguration@524d6d96 testClass = JunitUserControllerTest, locations = '{file:src/main/webapp/WEB-INF/spring/root-context.xml, file:src/main/webapp/WEB-INF/spring/appServlet/servlet-context.xml}', classes = '{}', contextInitializerClasses = '[]', activeProfiles = '{}', propertySourceLocations = '{}', propertySourceProperties = '{}', contextCustomizers = set[org.springframework.test.context.web.socket.MockServerContainerContextCustomizer@247bddad], resourceBasePath = 'src/main/webapp', contextLoader = 'org.springframework.test.context.web.WebDelegatingSmartContextLoader', parent = [null]], attributes = map['org.springframework.test.context.web.ServletTestExecutionListener.populatedRequestContextHolder' -> true, 'org.springframework.test.context.web.ServletTestExecutionListener.resetRequestContextHolder' -> true, 'org.springframework.test.context.event.ApplicationEventsTestExecutionListener.recordApplicationEvents' -> false]].
[DEBUG], 2022-06-22 20:39:43 DefaultCacheAwareContextLoaderDelegate:137 - Retrieved ApplicationContext [199449817] from cache with key [[WebMergedContextConfiguration@524d6d96 testClass = JunitUserControllerTest, locations = '{file:src/main/webapp/WEB-INF/spring/root-context.xml, file:src/main/webapp/WEB-INF/spring/appServlet/servlet-context.xml}', classes = '{}', contextInitializerClasses = '[]', activeProfiles = '{}', propertySourceLocations = '{}', propertySourceProperties = '{}', contextCustomizers = set[org.springframework.test.context.web.socket.MockServerContainerContextCustomizer@247bddad], resourceBasePath = 'src/main/webapp', contextLoader = 'org.springframework.test.context.web.WebDelegatingSmartContextLoader', parent = [null]]]
[DEBUG], 2022-06-22 20:39:43 cache:290 - Spring test ApplicationContext cache statistics: [DefaultContextCache@189b5fb1 size = 1, maxSize = 32, parentContextCount = 0, hitCount = 28, missCount = 1]
[DEBUG], 2022-06-22 20:39:43 AbstractDirtiesContextTestExecutionListener:143 - After test class: context [DefaultTestContext@2525ff7e testClass = JunitUserControllerTest, testInstance = [null], testMethod = [null], testException = [null], mergedContextConfiguration = [WebMergedContextConfiguration@524d6d96 testClass = JunitUserControllerTest, locations = '{file:src/main/webapp/WEB-INF/spring/root-context.xml, file:src/main/webapp/WEB-INF/spring/appServlet/servlet-context.xml}', classes = '{}', contextInitializerClasses = '[]', activeProfiles = '{}', propertySourceLocations = '{}', propertySourceProperties = '{}', contextCustomizers = set[org.springframework.test.context.web.socket.MockServerContainerContextCustomizer@247bddad], resourceBasePath = 'src/main/webapp', contextLoader = 'org.springframework.test.context.web.WebDelegatingSmartContextLoader', parent = [null]], attributes = map['org.springframework.test.context.event.ApplicationEventsTestExecutionListener.recordApplicationEvents' -> false, 'org.springframework.test.context.support.DependencyInjectionTestExecutionListener.reinjectDependencies' -> true]], class annotated with @DirtiesContext [false] with mode [null].
[DEBUG], 2022-06-22 20:39:43 GenericWebApplicationContext:1049 - Closing org.springframework.web.context.support.GenericWebApplicationContext@be35cd9, started on Wed Jun 22 20:39:42 KST 2022
