[2022-06-15 16:09:38.685] DEBUG AbstractEnvironment.setActiveProfiles(AbstractEnvironment.java:302) - Activating profiles []
[2022-06-15 16:09:38.892] DEBUG XmlBeanDefinitionReader.doLoadBeanDefinitions(XmlBeanDefinitionReader.java:393) - Loaded 12 bean definitions from URL [file:src/main/webapp/WEB-INF/spring/root-context.xml]
[2022-06-15 16:09:39.123] DEBUG ClassPathScanningCandidateComponentProvider.scanCandidateComponents(ClassPathScanningCandidateComponentProvider.java:435) - Identified candidate component class: file [C:\DCOM_20220127\04_SPRING\workspace\SW_SH15_01\target\classes\com\pcwk\ehr\HomeController.class]
[2022-06-15 16:09:39.145] DEBUG ClassPathScanningCandidateComponentProvider.scanCandidateComponents(ClassPathScanningCandidateComponentProvider.java:435) - Identified candidate component class: file [C:\DCOM_20220127\04_SPRING\workspace\SW_SH15_01\target\classes\com\pcwk\ehr\user\dao\UserDaoImpl.class]
[2022-06-15 16:09:39.181] DEBUG XmlBeanDefinitionReader.doLoadBeanDefinitions(XmlBeanDefinitionReader.java:393) - Loaded 32 bean definitions from URL [file:src/main/webapp/WEB-INF/spring/appServlet/servlet-context.xml]
[2022-06-15 16:09:39.182] DEBUG AbstractApplicationContext.prepareRefresh(AbstractApplicationContext.java:629) - Refreshing org.springframework.context.support.GenericApplicationContext@7748410a
[2022-06-15 16:09:39.270] DEBUG DefaultSingletonBeanRegistry.getSingleton(DefaultSingletonBeanRegistry.java:225) - Creating shared instance of singleton bean 'org.springframework.context.annotation.internalConfigurationAnnotationProcessor'
[2022-06-15 16:09:39.498] DEBUG DefaultSingletonBeanRegistry.getSingleton(DefaultSingletonBeanRegistry.java:225) - Creating shared instance of singleton bean 'org.springframework.context.support.PropertySourcesPlaceholderConfigurer#0'
[2022-06-15 16:09:39.577] DEBUG PropertySourcesPropertyResolver.logKeyFound(PropertySourcesPropertyResolver.java:115) - Found key 'jdbc.driver' in PropertySource 'localProperties' with value of type String
[2022-06-15 16:09:39.579] DEBUG PropertySourcesPropertyResolver.logKeyFound(PropertySourcesPropertyResolver.java:115) - Found key 'jdbc.url' in PropertySource 'localProperties' with value of type String
[2022-06-15 16:09:39.579] DEBUG PropertySourcesPropertyResolver.logKeyFound(PropertySourcesPropertyResolver.java:115) - Found key 'jdbc.username' in PropertySource 'localProperties' with value of type String
[2022-06-15 16:09:39.579] DEBUG PropertySourcesPropertyResolver.logKeyFound(PropertySourcesPropertyResolver.java:115) - Found key 'jdbc.password' in PropertySource 'localProperties' with value of type String
[2022-06-15 16:09:39.580] DEBUG PropertySourcesPropertyResolver.logKeyFound(PropertySourcesPropertyResolver.java:115) - Found key 'jdbc.maxActive' in PropertySource 'localProperties' with value of type String
[2022-06-15 16:09:39.580] DEBUG PropertySourcesPropertyResolver.logKeyFound(PropertySourcesPropertyResolver.java:115) - Found key 'jdbc.maxIdle' in PropertySource 'localProperties' with value of type String
[2022-06-15 16:09:39.580] DEBUG PropertySourcesPropertyResolver.logKeyFound(PropertySourcesPropertyResolver.java:115) - Found key 'jdbc.maxWait' in PropertySource 'localProperties' with value of type String
[2022-06-15 16:09:39.581] DEBUG PropertySourcesPropertyResolver.logKeyFound(PropertySourcesPropertyResolver.java:115) - Found key 'jdbc.removeAbandoned' in PropertySource 'localProperties' with value of type String
[2022-06-15 16:09:39.582] DEBUG PropertySourcesPropertyResolver.logKeyFound(PropertySourcesPropertyResolver.java:115) - Found key 'jdbc.removeAbandonedTimeout' in PropertySource 'localProperties' with value of type String
[2022-06-15 16:09:39.583] DEBUG DefaultSingletonBeanRegistry.getSingleton(DefaultSingletonBeanRegistry.java:225) - Creating shared instance of singleton bean 'org.springframework.context.event.internalEventListenerProcessor'
[2022-06-15 16:09:39.587] DEBUG DefaultSingletonBeanRegistry.getSingleton(DefaultSingletonBeanRegistry.java:225) - Creating shared instance of singleton bean 'org.springframework.context.event.internalEventListenerFactory'
[2022-06-15 16:09:39.592] DEBUG DefaultSingletonBeanRegistry.getSingleton(DefaultSingletonBeanRegistry.java:225) - Creating shared instance of singleton bean 'org.springframework.context.annotation.internalAutowiredAnnotationProcessor'
[2022-06-15 16:09:39.594] DEBUG DefaultSingletonBeanRegistry.getSingleton(DefaultSingletonBeanRegistry.java:225) - Creating shared instance of singleton bean 'org.springframework.context.annotation.internalCommonAnnotationProcessor'
[2022-06-15 16:09:39.605] DEBUG DefaultSingletonBeanRegistry.getSingleton(DefaultSingletonBeanRegistry.java:225) - Creating shared instance of singleton bean 'org.springframework.aop.config.internalAutoProxyCreator'
[2022-06-15 16:09:39.670] DEBUG DefaultSingletonBeanRegistry.getSingleton(DefaultSingletonBeanRegistry.java:225) - Creating shared instance of singleton bean 'sqlSessionTemplate'
[2022-06-15 16:09:39.671] DEBUG DefaultSingletonBeanRegistry.getSingleton(DefaultSingletonBeanRegistry.java:225) - Creating shared instance of singleton bean 'org.springframework.aop.support.DefaultBeanFactoryPointcutAdvisor#0'
[2022-06-15 16:09:39.731] DEBUG DefaultSingletonBeanRegistry.getSingleton(DefaultSingletonBeanRegistry.java:225) - Creating shared instance of singleton bean 'sqlSessionFactoryBean'
[2022-06-15 16:09:39.800] DEBUG DefaultSingletonBeanRegistry.getSingleton(DefaultSingletonBeanRegistry.java:225) - Creating shared instance of singleton bean 'datasource'
[2022-06-15 16:09:40.246] WARN  AbstractApplicationContext.refresh(AbstractApplicationContext.java:591) - Exception encountered during context initialization - cancelling refresh attempt: org.springframework.beans.factory.BeanCreationException: Error creating bean with name 'sqlSessionTemplate' defined in URL [file:src/main/webapp/WEB-INF/spring/root-context.xml]: Cannot resolve reference to bean 'sqlSessionFactoryBean' while setting constructor argument; nested exception is org.springframework.beans.factory.BeanCreationException: Error creating bean with name 'sqlSessionFactoryBean' defined in URL [file:src/main/webapp/WEB-INF/spring/root-context.xml]: Invocation of init method failed; nested exception is org.springframework.core.NestedIOException: Failed to parse mapping resource: 'file [C:\DCOM_20220127\04_SPRING\workspace\SW_SH15_01\target\classes\mapper\user\user.xml]'; nested exception is org.apache.ibatis.builder.BuilderException: Error creating document instance.  Cause: org.xml.sax.SAXParseException; lineNumber: 101; columnNumber: 9; 문자 시퀀스 "]]>"는 CDATA 섹션 끝을 표시하는 데 사용되지 않는 경우 콘텐츠에 나타나지 않아야 합니다.
[2022-06-15 16:09:40.253] ERROR TestContextManager.prepareTestInstance(TestContextManager.java:252) - Caught exception while allowing TestExecutionListener [org.springframework.test.context.support.DependencyInjectionTestExecutionListener@70325e14] to prepare test instance [com.pcwk.ehr.JunitUserDaoTest@77f80c04]
java.lang.IllegalStateException: Failed to load ApplicationContext
	at org.springframework.test.context.cache.DefaultCacheAwareContextLoaderDelegate.loadContext(DefaultCacheAwareContextLoaderDelegate.java:132) ~[spring-test-5.3.13.jar:5.3.13]
	at org.springframework.test.context.support.DefaultTestContext.getApplicationContext(DefaultTestContext.java:124) ~[spring-test-5.3.13.jar:5.3.13]
	at org.springframework.test.context.support.DependencyInjectionTestExecutionListener.injectDependencies(DependencyInjectionTestExecutionListener.java:118) ~[spring-test-5.3.13.jar:5.3.13]
	at org.springframework.test.context.support.DependencyInjectionTestExecutionListener.prepareTestInstance(DependencyInjectionTestExecutionListener.java:83) ~[spring-test-5.3.13.jar:5.3.13]
	at org.springframework.test.context.TestContextManager.prepareTestInstance(TestContextManager.java:248) [spring-test-5.3.13.jar:5.3.13]
	at org.springframework.test.context.junit4.SpringJUnit4ClassRunner.createTest(SpringJUnit4ClassRunner.java:227) [spring-test-5.3.13.jar:5.3.13]
	at org.springframework.test.context.junit4.SpringJUnit4ClassRunner$1.runReflectiveCall(SpringJUnit4ClassRunner.java:289) [spring-test-5.3.13.jar:5.3.13]
	at org.junit.internal.runners.model.ReflectiveCallable.run(ReflectiveCallable.java:12) [junit-4.13.1.jar:4.13.1]
	at org.springframework.test.context.junit4.SpringJUnit4ClassRunner.methodBlock(SpringJUnit4ClassRunner.java:291) [spring-test-5.3.13.jar:5.3.13]
	at org.springframework.test.context.junit4.SpringJUnit4ClassRunner.runChild(SpringJUnit4ClassRunner.java:246) [spring-test-5.3.13.jar:5.3.13]
	at org.springframework.test.context.junit4.SpringJUnit4ClassRunner.runChild(SpringJUnit4ClassRunner.java:97) [spring-test-5.3.13.jar:5.3.13]
	at org.junit.runners.ParentRunner$4.run(ParentRunner.java:331) [junit-4.13.1.jar:4.13.1]
	at org.junit.runners.ParentRunner$1.schedule(ParentRunner.java:79) [junit-4.13.1.jar:4.13.1]
	at org.junit.runners.ParentRunner.runChildren(ParentRunner.java:329) [junit-4.13.1.jar:4.13.1]
	at org.junit.runners.ParentRunner.access$100(ParentRunner.java:66) [junit-4.13.1.jar:4.13.1]
	at org.junit.runners.ParentRunner$2.evaluate(ParentRunner.java:293) [junit-4.13.1.jar:4.13.1]
	at org.springframework.test.context.junit4.statements.RunBeforeTestClassCallbacks.evaluate(RunBeforeTestClassCallbacks.java:61) [spring-test-5.3.13.jar:5.3.13]
	at org.springframework.test.context.junit4.statements.RunAfterTestClassCallbacks.evaluate(RunAfterTestClassCallbacks.java:70) [spring-test-5.3.13.jar:5.3.13]
	at org.junit.runners.ParentRunner$3.evaluate(ParentRunner.java:306) [junit-4.13.1.jar:4.13.1]
	at org.junit.runners.ParentRunner.run(ParentRunner.java:413) [junit-4.13.1.jar:4.13.1]
	at org.springframework.test.context.junit4.SpringJUnit4ClassRunner.run(SpringJUnit4ClassRunner.java:190) [spring-test-5.3.13.jar:5.3.13]
	at org.eclipse.jdt.internal.junit4.runner.JUnit4TestReference.run(JUnit4TestReference.java:89) [.cp/:?]
	at org.eclipse.jdt.internal.junit.runner.TestExecution.run(TestExecution.java:41) [.cp/:?]
	at org.eclipse.jdt.internal.junit.runner.RemoteTestRunner.runTests(RemoteTestRunner.java:542) [.cp/:?]
	at org.eclipse.jdt.internal.junit.runner.RemoteTestRunner.runTests(RemoteTestRunner.java:770) [.cp/:?]
	at org.eclipse.jdt.internal.junit.runner.RemoteTestRunner.run(RemoteTestRunner.java:464) [.cp/:?]
	at org.eclipse.jdt.internal.junit.runner.RemoteTestRunner.main(RemoteTestRunner.java:210) [.cp/:?]
Caused by: org.springframework.beans.factory.BeanCreationException: Error creating bean with name 'sqlSessionTemplate' defined in URL [file:src/main/webapp/WEB-INF/spring/root-context.xml]: Cannot resolve reference to bean 'sqlSessionFactoryBean' while setting constructor argument; nested exception is org.springframework.beans.factory.BeanCreationException: Error creating bean with name 'sqlSessionFactoryBean' defined in URL [file:src/main/webapp/WEB-INF/spring/root-context.xml]: Invocation of init method failed; nested exception is org.springframework.core.NestedIOException: Failed to parse mapping resource: 'file [C:\DCOM_20220127\04_SPRING\workspace\SW_SH15_01\target\classes\mapper\user\user.xml]'; nested exception is org.apache.ibatis.builder.BuilderException: Error creating document instance.  Cause: org.xml.sax.SAXParseException; lineNumber: 101; columnNumber: 9; 문자 시퀀스 "]]>"는 CDATA 섹션 끝을 표시하는 데 사용되지 않는 경우 콘텐츠에 나타나지 않아야 합니다.
	at org.springframework.beans.factory.support.BeanDefinitionValueResolver.resolveReference(BeanDefinitionValueResolver.java:342) ~[spring-beans-5.3.13.jar:5.3.13]
	at org.springframework.beans.factory.support.BeanDefinitionValueResolver.resolveValueIfNecessary(BeanDefinitionValueResolver.java:113) ~[spring-beans-5.3.13.jar:5.3.13]
	at org.springframework.beans.factory.support.ConstructorResolver.resolveConstructorArguments(ConstructorResolver.java:693) ~[spring-beans-5.3.13.jar:5.3.13]
	at org.springframework.beans.factory.support.ConstructorResolver.autowireConstructor(ConstructorResolver.java:198) ~[spring-beans-5.3.13.jar:5.3.13]
	at org.springframework.beans.factory.support.AbstractAutowireCapableBeanFactory.autowireConstructor(AbstractAutowireCapableBeanFactory.java:1372) ~[spring-beans-5.3.13.jar:5.3.13]
	at org.springframework.beans.factory.support.AbstractAutowireCapableBeanFactory.createBeanInstance(AbstractAutowireCapableBeanFactory.java:1222) ~[spring-beans-5.3.13.jar:5.3.13]
	at org.springframework.beans.factory.support.AbstractAutowireCapableBeanFactory.doCreateBean(AbstractAutowireCapableBeanFactory.java:582) ~[spring-beans-5.3.13.jar:5.3.13]
	at org.springframework.beans.factory.support.AbstractAutowireCapableBeanFactory.createBean(AbstractAutowireCapableBeanFactory.java:542) ~[spring-beans-5.3.13.jar:5.3.13]
	at org.springframework.beans.factory.support.AbstractBeanFactory.lambda$doGetBean$0(AbstractBeanFactory.java:335) ~[spring-beans-5.3.13.jar:5.3.13]
	at org.springframework.beans.factory.support.DefaultSingletonBeanRegistry.getSingleton(DefaultSingletonBeanRegistry.java:234) ~[spring-beans-5.3.13.jar:5.3.13]
	at org.springframework.beans.factory.support.AbstractBeanFactory.doGetBean(AbstractBeanFactory.java:333) ~[spring-beans-5.3.13.jar:5.3.13]
	at org.springframework.beans.factory.support.AbstractBeanFactory.getBean(AbstractBeanFactory.java:208) ~[spring-beans-5.3.13.jar:5.3.13]
	at org.springframework.beans.factory.support.DefaultListableBeanFactory.preInstantiateSingletons(DefaultListableBeanFactory.java:944) ~[spring-beans-5.3.13.jar:5.3.13]
	at org.springframework.context.support.AbstractApplicationContext.finishBeanFactoryInitialization(AbstractApplicationContext.java:918) ~[spring-context-5.3.13.jar:5.3.13]
	at org.springframework.context.support.AbstractApplicationContext.refresh(AbstractApplicationContext.java:583) ~[spring-context-5.3.13.jar:5.3.13]
	at org.springframework.test.context.support.AbstractGenericContextLoader.loadContext(AbstractGenericContextLoader.java:127) ~[spring-test-5.3.13.jar:5.3.13]
	at org.springframework.test.context.support.AbstractGenericContextLoader.loadContext(AbstractGenericContextLoader.java:60) ~[spring-test-5.3.13.jar:5.3.13]
	at org.springframework.test.context.support.AbstractDelegatingSmartContextLoader.delegateLoading(AbstractDelegatingSmartContextLoader.java:275) ~[spring-test-5.3.13.jar:5.3.13]
	at org.springframework.test.context.support.AbstractDelegatingSmartContextLoader.loadContext(AbstractDelegatingSmartContextLoader.java:243) ~[spring-test-5.3.13.jar:5.3.13]
	at org.springframework.test.context.cache.DefaultCacheAwareContextLoaderDelegate.loadContextInternal(DefaultCacheAwareContextLoaderDelegate.java:99) ~[spring-test-5.3.13.jar:5.3.13]
	at org.springframework.test.context.cache.DefaultCacheAwareContextLoaderDelegate.loadContext(DefaultCacheAwareContextLoaderDelegate.java:124) ~[spring-test-5.3.13.jar:5.3.13]
	... 26 more
Caused by: org.springframework.beans.factory.BeanCreationException: Error creating bean with name 'sqlSessionFactoryBean' defined in URL [file:src/main/webapp/WEB-INF/spring/root-context.xml]: Invocation of init method failed; nested exception is org.springframework.core.NestedIOException: Failed to parse mapping resource: 'file [C:\DCOM_20220127\04_SPRING\workspace\SW_SH15_01\target\classes\mapper\user\user.xml]'; nested exception is org.apache.ibatis.builder.BuilderException: Error creating document instance.  Cause: org.xml.sax.SAXParseException; lineNumber: 101; columnNumber: 9; 문자 시퀀스 "]]>"는 CDATA 섹션 끝을 표시하는 데 사용되지 않는 경우 콘텐츠에 나타나지 않아야 합니다.
	at org.springframework.beans.factory.support.AbstractAutowireCapableBeanFactory.initializeBean(AbstractAutowireCapableBeanFactory.java:1804) ~[spring-beans-5.3.13.jar:5.3.13]
	at org.springframework.beans.factory.support.AbstractAutowireCapableBeanFactory.doCreateBean(AbstractAutowireCapableBeanFactory.java:620) ~[spring-beans-5.3.13.jar:5.3.13]
	at org.springframework.beans.factory.support.AbstractAutowireCapableBeanFactory.createBean(AbstractAutowireCapableBeanFactory.java:542) ~[spring-beans-5.3.13.jar:5.3.13]
	at org.springframework.beans.factory.support.AbstractBeanFactory.lambda$doGetBean$0(AbstractBeanFactory.java:335) ~[spring-beans-5.3.13.jar:5.3.13]
	at org.springframework.beans.factory.support.DefaultSingletonBeanRegistry.getSingleton(DefaultSingletonBeanRegistry.java:234) ~[spring-beans-5.3.13.jar:5.3.13]
	at org.springframework.beans.factory.support.AbstractBeanFactory.doGetBean(AbstractBeanFactory.java:333) ~[spring-beans-5.3.13.jar:5.3.13]
	at org.springframework.beans.factory.support.AbstractBeanFactory.getBean(AbstractBeanFactory.java:208) ~[spring-beans-5.3.13.jar:5.3.13]
	at org.springframework.beans.factory.support.BeanDefinitionValueResolver.resolveReference(BeanDefinitionValueResolver.java:330) ~[spring-beans-5.3.13.jar:5.3.13]
	at org.springframework.beans.factory.support.BeanDefinitionValueResolver.resolveValueIfNecessary(BeanDefinitionValueResolver.java:113) ~[spring-beans-5.3.13.jar:5.3.13]
	at org.springframework.beans.factory.support.ConstructorResolver.resolveConstructorArguments(ConstructorResolver.java:693) ~[spring-beans-5.3.13.jar:5.3.13]
	at org.springframework.beans.factory.support.ConstructorResolver.autowireConstructor(ConstructorResolver.java:198) ~[spring-beans-5.3.13.jar:5.3.13]
	at org.springframework.beans.factory.support.AbstractAutowireCapableBeanFactory.autowireConstructor(AbstractAutowireCapableBeanFactory.java:1372) ~[spring-beans-5.3.13.jar:5.3.13]
	at org.springframework.beans.factory.support.AbstractAutowireCapableBeanFactory.createBeanInstance(AbstractAutowireCapableBeanFactory.java:1222) ~[spring-beans-5.3.13.jar:5.3.13]
	at org.springframework.beans.factory.support.AbstractAutowireCapableBeanFactory.doCreateBean(AbstractAutowireCapableBeanFactory.java:582) ~[spring-beans-5.3.13.jar:5.3.13]
	at org.springframework.beans.factory.support.AbstractAutowireCapableBeanFactory.createBean(AbstractAutowireCapableBeanFactory.java:542) ~[spring-beans-5.3.13.jar:5.3.13]
	at org.springframework.beans.factory.support.AbstractBeanFactory.lambda$doGetBean$0(AbstractBeanFactory.java:335) ~[spring-beans-5.3.13.jar:5.3.13]
	at org.springframework.beans.factory.support.DefaultSingletonBeanRegistry.getSingleton(DefaultSingletonBeanRegistry.java:234) ~[spring-beans-5.3.13.jar:5.3.13]
	at org.springframework.beans.factory.support.AbstractBeanFactory.doGetBean(AbstractBeanFactory.java:333) ~[spring-beans-5.3.13.jar:5.3.13]
	at org.springframework.beans.factory.support.AbstractBeanFactory.getBean(AbstractBeanFactory.java:208) ~[spring-beans-5.3.13.jar:5.3.13]
	at org.springframework.beans.factory.support.DefaultListableBeanFactory.preInstantiateSingletons(DefaultListableBeanFactory.java:944) ~[spring-beans-5.3.13.jar:5.3.13]
	at org.springframework.context.support.AbstractApplicationContext.finishBeanFactoryInitialization(AbstractApplicationContext.java:918) ~[spring-context-5.3.13.jar:5.3.13]
	at org.springframework.context.support.AbstractApplicationContext.refresh(AbstractApplicationContext.java:583) ~[spring-context-5.3.13.jar:5.3.13]
	at org.springframework.test.context.support.AbstractGenericContextLoader.loadContext(AbstractGenericContextLoader.java:127) ~[spring-test-5.3.13.jar:5.3.13]
	at org.springframework.test.context.support.AbstractGenericContextLoader.loadContext(AbstractGenericContextLoader.java:60) ~[spring-test-5.3.13.jar:5.3.13]
	at org.springframework.test.context.support.AbstractDelegatingSmartContextLoader.delegateLoading(AbstractDelegatingSmartContextLoader.java:275) ~[spring-test-5.3.13.jar:5.3.13]
	at org.springframework.test.context.support.AbstractDelegatingSmartContextLoader.loadContext(AbstractDelegatingSmartContextLoader.java:243) ~[spring-test-5.3.13.jar:5.3.13]
	at org.springframework.test.context.cache.DefaultCacheAwareContextLoaderDelegate.loadContextInternal(DefaultCacheAwareContextLoaderDelegate.java:99) ~[spring-test-5.3.13.jar:5.3.13]
	at org.springframework.test.context.cache.DefaultCacheAwareContextLoaderDelegate.loadContext(DefaultCacheAwareContextLoaderDelegate.java:124) ~[spring-test-5.3.13.jar:5.3.13]
	... 26 more
Caused by: org.springframework.core.NestedIOException: Failed to parse mapping resource: 'file [C:\DCOM_20220127\04_SPRING\workspace\SW_SH15_01\target\classes\mapper\user\user.xml]'; nested exception is org.apache.ibatis.builder.BuilderException: Error creating document instance.  Cause: org.xml.sax.SAXParseException; lineNumber: 101; columnNumber: 9; 문자 시퀀스 "]]>"는 CDATA 섹션 끝을 표시하는 데 사용되지 않는 경우 콘텐츠에 나타나지 않아야 합니다.
	at org.mybatis.spring.SqlSessionFactoryBean.buildSqlSessionFactory(SqlSessionFactoryBean.java:613) ~[mybatis-spring-2.0.6.jar:2.0.6]
	at org.mybatis.spring.SqlSessionFactoryBean.afterPropertiesSet(SqlSessionFactoryBean.java:491) ~[mybatis-spring-2.0.6.jar:2.0.6]
	at org.springframework.beans.factory.support.AbstractAutowireCapableBeanFactory.invokeInitMethods(AbstractAutowireCapableBeanFactory.java:1863) ~[spring-beans-5.3.13.jar:5.3.13]
	at org.springframework.beans.factory.support.AbstractAutowireCapableBeanFactory.initializeBean(AbstractAutowireCapableBeanFactory.java:1800) ~[spring-beans-5.3.13.jar:5.3.13]
	at org.springframework.beans.factory.support.AbstractAutowireCapableBeanFactory.doCreateBean(AbstractAutowireCapableBeanFactory.java:620) ~[spring-beans-5.3.13.jar:5.3.13]
	at org.springframework.beans.factory.support.AbstractAutowireCapableBeanFactory.createBean(AbstractAutowireCapableBeanFactory.java:542) ~[spring-beans-5.3.13.jar:5.3.13]
	at org.springframework.beans.factory.support.AbstractBeanFactory.lambda$doGetBean$0(AbstractBeanFactory.java:335) ~[spring-beans-5.3.13.jar:5.3.13]
	at org.springframework.beans.factory.support.DefaultSingletonBeanRegistry.getSingleton(DefaultSingletonBeanRegistry.java:234) ~[spring-beans-5.3.13.jar:5.3.13]
	at org.springframework.beans.factory.support.AbstractBeanFactory.doGetBean(AbstractBeanFactory.java:333) ~[spring-beans-5.3.13.jar:5.3.13]
	at org.springframework.beans.factory.support.AbstractBeanFactory.getBean(AbstractBeanFactory.java:208) ~[spring-beans-5.3.13.jar:5.3.13]
	at org.springframework.beans.factory.support.BeanDefinitionValueResolver.resolveReference(BeanDefinitionValueResolver.java:330) ~[spring-beans-5.3.13.jar:5.3.13]
	at org.springframework.beans.factory.support.BeanDefinitionValueResolver.resolveValueIfNecessary(BeanDefinitionValueResolver.java:113) ~[spring-beans-5.3.13.jar:5.3.13]
	at org.springframework.beans.factory.support.ConstructorResolver.resolveConstructorArguments(ConstructorResolver.java:693) ~[spring-beans-5.3.13.jar:5.3.13]
	at org.springframework.beans.factory.support.ConstructorResolver.autowireConstructor(ConstructorResolver.java:198) ~[spring-beans-5.3.13.jar:5.3.13]
	at org.springframework.beans.factory.support.AbstractAutowireCapableBeanFactory.autowireConstructor(AbstractAutowireCapableBeanFactory.java:1372) ~[spring-beans-5.3.13.jar:5.3.13]
	at org.springframework.beans.factory.support.AbstractAutowireCapableBeanFactory.createBeanInstance(AbstractAutowireCapableBeanFactory.java:1222) ~[spring-beans-5.3.13.jar:5.3.13]
	at org.springframework.beans.factory.support.AbstractAutowireCapableBeanFactory.doCreateBean(AbstractAutowireCapableBeanFactory.java:582) ~[spring-beans-5.3.13.jar:5.3.13]
	at org.springframework.beans.factory.support.AbstractAutowireCapableBeanFactory.createBean(AbstractAutowireCapableBeanFactory.java:542) ~[spring-beans-5.3.13.jar:5.3.13]
	at org.springframework.beans.factory.support.AbstractBeanFactory.lambda$doGetBean$0(AbstractBeanFactory.java:335) ~[spring-beans-5.3.13.jar:5.3.13]
	at org.springframework.beans.factory.support.DefaultSingletonBeanRegistry.getSingleton(DefaultSingletonBeanRegistry.java:234) ~[spring-beans-5.3.13.jar:5.3.13]
	at org.springframework.beans.factory.support.AbstractBeanFactory.doGetBean(AbstractBeanFactory.java:333) ~[spring-beans-5.3.13.jar:5.3.13]
	at org.springframework.beans.factory.support.AbstractBeanFactory.getBean(AbstractBeanFactory.java:208) ~[spring-beans-5.3.13.jar:5.3.13]
	at org.springframework.beans.factory.support.DefaultListableBeanFactory.preInstantiateSingletons(DefaultListableBeanFactory.java:944) ~[spring-beans-5.3.13.jar:5.3.13]
	at org.springframework.context.support.AbstractApplicationContext.finishBeanFactoryInitialization(AbstractApplicationContext.java:918) ~[spring-context-5.3.13.jar:5.3.13]
	at org.springframework.context.support.AbstractApplicationContext.refresh(AbstractApplicationContext.java:583) ~[spring-context-5.3.13.jar:5.3.13]
	at org.springframework.test.context.support.AbstractGenericContextLoader.loadContext(AbstractGenericContextLoader.java:127) ~[spring-test-5.3.13.jar:5.3.13]
	at org.springframework.test.context.support.AbstractGenericContextLoader.loadContext(AbstractGenericContextLoader.java:60) ~[spring-test-5.3.13.jar:5.3.13]
	at org.springframework.test.context.support.AbstractDelegatingSmartContextLoader.delegateLoading(AbstractDelegatingSmartContextLoader.java:275) ~[spring-test-5.3.13.jar:5.3.13]
	at org.springframework.test.context.support.AbstractDelegatingSmartContextLoader.loadContext(AbstractDelegatingSmartContextLoader.java:243) ~[spring-test-5.3.13.jar:5.3.13]
	at org.springframework.test.context.cache.DefaultCacheAwareContextLoaderDelegate.loadContextInternal(DefaultCacheAwareContextLoaderDelegate.java:99) ~[spring-test-5.3.13.jar:5.3.13]
	at org.springframework.test.context.cache.DefaultCacheAwareContextLoaderDelegate.loadContext(DefaultCacheAwareContextLoaderDelegate.java:124) ~[spring-test-5.3.13.jar:5.3.13]
	... 26 more
Caused by: org.apache.ibatis.builder.BuilderException: Error creating document instance.  Cause: org.xml.sax.SAXParseException; lineNumber: 101; columnNumber: 9; 문자 시퀀스 "]]>"는 CDATA 섹션 끝을 표시하는 데 사용되지 않는 경우 콘텐츠에 나타나지 않아야 합니다.
	at org.apache.ibatis.parsing.XPathParser.createDocument(XPathParser.java:263) ~[mybatis-3.5.7.jar:3.5.7]
	at org.apache.ibatis.parsing.XPathParser.<init>(XPathParser.java:127) ~[mybatis-3.5.7.jar:3.5.7]
	at org.apache.ibatis.builder.xml.XMLMapperBuilder.<init>(XMLMapperBuilder.java:81) ~[mybatis-3.5.7.jar:3.5.7]
	at org.mybatis.spring.SqlSessionFactoryBean.buildSqlSessionFactory(SqlSessionFactoryBean.java:610) ~[mybatis-spring-2.0.6.jar:2.0.6]
	at org.mybatis.spring.SqlSessionFactoryBean.afterPropertiesSet(SqlSessionFactoryBean.java:491) ~[mybatis-spring-2.0.6.jar:2.0.6]
	at org.springframework.beans.factory.support.AbstractAutowireCapableBeanFactory.invokeInitMethods(AbstractAutowireCapableBeanFactory.java:1863) ~[spring-beans-5.3.13.jar:5.3.13]
	at org.springframework.beans.factory.support.AbstractAutowireCapableBeanFactory.initializeBean(AbstractAutowireCapableBeanFactory.java:1800) ~[spring-beans-5.3.13.jar:5.3.13]
	at org.springframework.beans.factory.support.AbstractAutowireCapableBeanFactory.doCreateBean(AbstractAutowireCapableBeanFactory.java:620) ~[spring-beans-5.3.13.jar:5.3.13]
	at org.springframework.beans.factory.support.AbstractAutowireCapableBeanFactory.createBean(AbstractAutowireCapableBeanFactory.java:542) ~[spring-beans-5.3.13.jar:5.3.13]
	at org.springframework.beans.factory.support.AbstractBeanFactory.lambda$doGetBean$0(AbstractBeanFactory.java:335) ~[spring-beans-5.3.13.jar:5.3.13]
	at org.springframework.beans.factory.support.DefaultSingletonBeanRegistry.getSingleton(DefaultSingletonBeanRegistry.java:234) ~[spring-beans-5.3.13.jar:5.3.13]
	at org.springframework.beans.factory.support.AbstractBeanFactory.doGetBean(AbstractBeanFactory.java:333) ~[spring-beans-5.3.13.jar:5.3.13]
	at org.springframework.beans.factory.support.AbstractBeanFactory.getBean(AbstractBeanFactory.java:208) ~[spring-beans-5.3.13.jar:5.3.13]
	at org.springframework.beans.factory.support.BeanDefinitionValueResolver.resolveReference(BeanDefinitionValueResolver.java:330) ~[spring-beans-5.3.13.jar:5.3.13]
	at org.springframework.beans.factory.support.BeanDefinitionValueResolver.resolveValueIfNecessary(BeanDefinitionValueResolver.java:113) ~[spring-beans-5.3.13.jar:5.3.13]
	at org.springframework.beans.factory.support.ConstructorResolver.resolveConstructorArguments(ConstructorResolver.java:693) ~[spring-beans-5.3.13.jar:5.3.13]
	at org.springframework.beans.factory.support.ConstructorResolver.autowireConstructor(ConstructorResolver.java:198) ~[spring-beans-5.3.13.jar:5.3.13]
	at org.springframework.beans.factory.support.AbstractAutowireCapableBeanFactory.autowireConstructor(AbstractAutowireCapableBeanFactory.java:1372) ~[spring-beans-5.3.13.jar:5.3.13]
	at org.springframework.beans.factory.support.AbstractAutowireCapableBeanFactory.createBeanInstance(AbstractAutowireCapableBeanFactory.java:1222) ~[spring-beans-5.3.13.jar:5.3.13]
	at org.springframework.beans.factory.support.AbstractAutowireCapableBeanFactory.doCreateBean(AbstractAutowireCapableBeanFactory.java:582) ~[spring-beans-5.3.13.jar:5.3.13]
	at org.springframework.beans.factory.support.AbstractAutowireCapableBeanFactory.createBean(AbstractAutowireCapableBeanFactory.java:542) ~[spring-beans-5.3.13.jar:5.3.13]
	at org.springframework.beans.factory.support.AbstractBeanFactory.lambda$doGetBean$0(AbstractBeanFactory.java:335) ~[spring-beans-5.3.13.jar:5.3.13]
	at org.springframework.beans.factory.support.DefaultSingletonBeanRegistry.getSingleton(DefaultSingletonBeanRegistry.java:234) ~[spring-beans-5.3.13.jar:5.3.13]
	at org.springframework.beans.factory.support.AbstractBeanFactory.doGetBean(AbstractBeanFactory.java:333) ~[spring-beans-5.3.13.jar:5.3.13]
	at org.springframework.beans.factory.support.AbstractBeanFactory.getBean(AbstractBeanFactory.java:208) ~[spring-beans-5.3.13.jar:5.3.13]
	at org.springframework.beans.factory.support.DefaultListableBeanFactory.preInstantiateSingletons(DefaultListableBeanFactory.java:944) ~[spring-beans-5.3.13.jar:5.3.13]
	at org.springframework.context.support.AbstractApplicationContext.finishBeanFactoryInitialization(AbstractApplicationContext.java:918) ~[spring-context-5.3.13.jar:5.3.13]
	at org.springframework.context.support.AbstractApplicationContext.refresh(AbstractApplicationContext.java:583) ~[spring-context-5.3.13.jar:5.3.13]
	at org.springframework.test.context.support.AbstractGenericContextLoader.loadContext(AbstractGenericContextLoader.java:127) ~[spring-test-5.3.13.jar:5.3.13]
	at org.springframework.test.context.support.AbstractGenericContextLoader.loadContext(AbstractGenericContextLoader.java:60) ~[spring-test-5.3.13.jar:5.3.13]
	at org.springframework.test.context.support.AbstractDelegatingSmartContextLoader.delegateLoading(AbstractDelegatingSmartContextLoader.java:275) ~[spring-test-5.3.13.jar:5.3.13]
	at org.springframework.test.context.support.AbstractDelegatingSmartContextLoader.loadContext(AbstractDelegatingSmartContextLoader.java:243) ~[spring-test-5.3.13.jar:5.3.13]
	at org.springframework.test.context.cache.DefaultCacheAwareContextLoaderDelegate.loadContextInternal(DefaultCacheAwareContextLoaderDelegate.java:99) ~[spring-test-5.3.13.jar:5.3.13]
	at org.springframework.test.context.cache.DefaultCacheAwareContextLoaderDelegate.loadContext(DefaultCacheAwareContextLoaderDelegate.java:124) ~[spring-test-5.3.13.jar:5.3.13]
	... 26 more
Caused by: org.xml.sax.SAXParseException: 문자 시퀀스 "]]>"는 CDATA 섹션 끝을 표시하는 데 사용되지 않는 경우 콘텐츠에 나타나지 않아야 합니다.
	at com.sun.org.apache.xerces.internal.util.ErrorHandlerWrapper.createSAXParseException(ErrorHandlerWrapper.java:204) ~[?:1.8.0_321]
	at com.sun.org.apache.xerces.internal.util.ErrorHandlerWrapper.fatalError(ErrorHandlerWrapper.java:178) ~[?:1.8.0_321]
	at com.sun.org.apache.xerces.internal.impl.XMLErrorReporter.reportError(XMLErrorReporter.java:400) ~[?:1.8.0_321]
	at com.sun.org.apache.xerces.internal.impl.XMLErrorReporter.reportError(XMLErrorReporter.java:327) ~[?:1.8.0_321]
	at com.sun.org.apache.xerces.internal.impl.XMLScanner.reportFatalError(XMLScanner.java:1467) ~[?:1.8.0_321]
	at com.sun.org.apache.xerces.internal.impl.XMLDocumentFragmentScannerImpl.scanContent(XMLDocumentFragmentScannerImpl.java:1620) ~[?:1.8.0_321]
	at com.sun.org.apache.xerces.internal.impl.XMLDocumentFragmentScannerImpl$FragmentContentDriver.next(XMLDocumentFragmentScannerImpl.java:2933) ~[?:1.8.0_321]
	at com.sun.org.apache.xerces.internal.impl.XMLDocumentScannerImpl.next(XMLDocumentScannerImpl.java:605) ~[?:1.8.0_321]
	at com.sun.org.apache.xerces.internal.impl.XMLDocumentFragmentScannerImpl.scanDocument(XMLDocumentFragmentScannerImpl.java:507) ~[?:1.8.0_321]
	at com.sun.org.apache.xerces.internal.parsers.XML11Configuration.parse(XML11Configuration.java:867) ~[?:1.8.0_321]
	at com.sun.org.apache.xerces.internal.parsers.XML11Configuration.parse(XML11Configuration.java:796) ~[?:1.8.0_321]
	at com.sun.org.apache.xerces.internal.parsers.XMLParser.parse(XMLParser.java:142) ~[?:1.8.0_321]
	at com.sun.org.apache.xerces.internal.parsers.DOMParser.parse(DOMParser.java:247) ~[?:1.8.0_321]
	at com.sun.org.apache.xerces.internal.jaxp.DocumentBuilderImpl.parse(DocumentBuilderImpl.java:339) ~[?:1.8.0_321]
	at org.apache.ibatis.parsing.XPathParser.createDocument(XPathParser.java:261) ~[mybatis-3.5.7.jar:3.5.7]
	at org.apache.ibatis.parsing.XPathParser.<init>(XPathParser.java:127) ~[mybatis-3.5.7.jar:3.5.7]
	at org.apache.ibatis.builder.xml.XMLMapperBuilder.<init>(XMLMapperBuilder.java:81) ~[mybatis-3.5.7.jar:3.5.7]
	at org.mybatis.spring.SqlSessionFactoryBean.buildSqlSessionFactory(SqlSessionFactoryBean.java:610) ~[mybatis-spring-2.0.6.jar:2.0.6]
	at org.mybatis.spring.SqlSessionFactoryBean.afterPropertiesSet(SqlSessionFactoryBean.java:491) ~[mybatis-spring-2.0.6.jar:2.0.6]
	at org.springframework.beans.factory.support.AbstractAutowireCapableBeanFactory.invokeInitMethods(AbstractAutowireCapableBeanFactory.java:1863) ~[spring-beans-5.3.13.jar:5.3.13]
	at org.springframework.beans.factory.support.AbstractAutowireCapableBeanFactory.initializeBean(AbstractAutowireCapableBeanFactory.java:1800) ~[spring-beans-5.3.13.jar:5.3.13]
	at org.springframework.beans.factory.support.AbstractAutowireCapableBeanFactory.doCreateBean(AbstractAutowireCapableBeanFactory.java:620) ~[spring-beans-5.3.13.jar:5.3.13]
	at org.springframework.beans.factory.support.AbstractAutowireCapableBeanFactory.createBean(AbstractAutowireCapableBeanFactory.java:542) ~[spring-beans-5.3.13.jar:5.3.13]
	at org.springframework.beans.factory.support.AbstractBeanFactory.lambda$doGetBean$0(AbstractBeanFactory.java:335) ~[spring-beans-5.3.13.jar:5.3.13]
	at org.springframework.beans.factory.support.DefaultSingletonBeanRegistry.getSingleton(DefaultSingletonBeanRegistry.java:234) ~[spring-beans-5.3.13.jar:5.3.13]
	at org.springframework.beans.factory.support.AbstractBeanFactory.doGetBean(AbstractBeanFactory.java:333) ~[spring-beans-5.3.13.jar:5.3.13]
	at org.springframework.beans.factory.support.AbstractBeanFactory.getBean(AbstractBeanFactory.java:208) ~[spring-beans-5.3.13.jar:5.3.13]
	at org.springframework.beans.factory.support.BeanDefinitionValueResolver.resolveReference(BeanDefinitionValueResolver.java:330) ~[spring-beans-5.3.13.jar:5.3.13]
	at org.springframework.beans.factory.support.BeanDefinitionValueResolver.resolveValueIfNecessary(BeanDefinitionValueResolver.java:113) ~[spring-beans-5.3.13.jar:5.3.13]
	at org.springframework.beans.factory.support.ConstructorResolver.resolveConstructorArguments(ConstructorResolver.java:693) ~[spring-beans-5.3.13.jar:5.3.13]
	at org.springframework.beans.factory.support.ConstructorResolver.autowireConstructor(ConstructorResolver.java:198) ~[spring-beans-5.3.13.jar:5.3.13]
	at org.springframework.beans.factory.support.AbstractAutowireCapableBeanFactory.autowireConstructor(AbstractAutowireCapableBeanFactory.java:1372) ~[spring-beans-5.3.13.jar:5.3.13]
	at org.springframework.beans.factory.support.AbstractAutowireCapableBeanFactory.createBeanInstance(AbstractAutowireCapableBeanFactory.java:1222) ~[spring-beans-5.3.13.jar:5.3.13]
	at org.springframework.beans.factory.support.AbstractAutowireCapableBeanFactory.doCreateBean(AbstractAutowireCapableBeanFactory.java:582) ~[spring-beans-5.3.13.jar:5.3.13]
	at org.springframework.beans.factory.support.AbstractAutowireCapableBeanFactory.createBean(AbstractAutowireCapableBeanFactory.java:542) ~[spring-beans-5.3.13.jar:5.3.13]
	at org.springframework.beans.factory.support.AbstractBeanFactory.lambda$doGetBean$0(AbstractBeanFactory.java:335) ~[spring-beans-5.3.13.jar:5.3.13]
	at org.springframework.beans.factory.support.DefaultSingletonBeanRegistry.getSingleton(DefaultSingletonBeanRegistry.java:234) ~[spring-beans-5.3.13.jar:5.3.13]
	at org.springframework.beans.factory.support.AbstractBeanFactory.doGetBean(AbstractBeanFactory.java:333) ~[spring-beans-5.3.13.jar:5.3.13]
	at org.springframework.beans.factory.support.AbstractBeanFactory.getBean(AbstractBeanFactory.java:208) ~[spring-beans-5.3.13.jar:5.3.13]
	at org.springframework.beans.factory.support.DefaultListableBeanFactory.preInstantiateSingletons(DefaultListableBeanFactory.java:944) ~[spring-beans-5.3.13.jar:5.3.13]
	at org.springframework.context.support.AbstractApplicationContext.finishBeanFactoryInitialization(AbstractApplicationContext.java:918) ~[spring-context-5.3.13.jar:5.3.13]
	at org.springframework.context.support.AbstractApplicationContext.refresh(AbstractApplicationContext.java:583) ~[spring-context-5.3.13.jar:5.3.13]
	at org.springframework.test.context.support.AbstractGenericContextLoader.loadContext(AbstractGenericContextLoader.java:127) ~[spring-test-5.3.13.jar:5.3.13]
	at org.springframework.test.context.support.AbstractGenericContextLoader.loadContext(AbstractGenericContextLoader.java:60) ~[spring-test-5.3.13.jar:5.3.13]
	at org.springframework.test.context.support.AbstractDelegatingSmartContextLoader.delegateLoading(AbstractDelegatingSmartContextLoader.java:275) ~[spring-test-5.3.13.jar:5.3.13]
	at org.springframework.test.context.support.AbstractDelegatingSmartContextLoader.loadContext(AbstractDelegatingSmartContextLoader.java:243) ~[spring-test-5.3.13.jar:5.3.13]
	at org.springframework.test.context.cache.DefaultCacheAwareContextLoaderDelegate.loadContextInternal(DefaultCacheAwareContextLoaderDelegate.java:99) ~[spring-test-5.3.13.jar:5.3.13]
	at org.springframework.test.context.cache.DefaultCacheAwareContextLoaderDelegate.loadContext(DefaultCacheAwareContextLoaderDelegate.java:124) ~[spring-test-5.3.13.jar:5.3.13]
	... 26 more
[2022-06-15 16:09:40.291] DEBUG AbstractDirtiesContextTestExecutionListener.beforeOrAfterTestClass(AbstractDirtiesContextTestExecutionListener.java:143) - After test class: context [DefaultTestContext@192c3f1e testClass = JunitUserDaoTest, testInstance = [null], testMethod = [null], testException = [null], mergedContextConfiguration = [MergedContextConfiguration@26b3fd41 testClass = JunitUserDaoTest, locations = '{file:src/main/webapp/WEB-INF/spring/root-context.xml, file:src/main/webapp/WEB-INF/spring/appServlet/servlet-context.xml}', classes = '{}', contextInitializerClasses = '[]', activeProfiles = '{}', propertySourceLocations = '{}', propertySourceProperties = '{}', contextCustomizers = set[[empty]], contextLoader = 'org.springframework.test.context.support.DelegatingSmartContextLoader', parent = [null]], attributes = map['org.springframework.test.context.event.ApplicationEventsTestExecutionListener.recordApplicationEvents' -> false]], class annotated with @DirtiesContext [false] with mode [null].
[2022-06-15 16:11:05.172] DEBUG SpringJUnit4ClassRunner.<init>(SpringJUnit4ClassRunner.java:139) - SpringJUnit4ClassRunner constructor called with [class com.pcwk.ehr.JunitUserDaoTest]
[2022-06-15 16:11:05.191] DEBUG BootstrapUtils.createCacheAwareContextLoaderDelegate(BootstrapUtils.java:108) - Instantiating CacheAwareContextLoaderDelegate from class [org.springframework.test.context.cache.DefaultCacheAwareContextLoaderDelegate]
[2022-06-15 16:11:05.203] DEBUG BootstrapUtils.createBootstrapContext(BootstrapUtils.java:88) - Instantiating BootstrapContext using constructor [public org.springframework.test.context.support.DefaultBootstrapContext(java.lang.Class,org.springframework.test.context.CacheAwareContextLoaderDelegate)]
[2022-06-15 16:11:05.230] DEBUG BootstrapUtils.resolveTestContextBootstrapper(BootstrapUtils.java:143) - Instantiating TestContextBootstrapper for test class [com.pcwk.ehr.JunitUserDaoTest] from class [org.springframework.test.context.support.DefaultTestContextBootstrapper]
[2022-06-15 16:11:05.256] DEBUG AbstractDelegatingSmartContextLoader.delegateProcessing(AbstractDelegatingSmartContextLoader.java:263) - Delegating to GenericXmlContextLoader to process context configuration [ContextConfigurationAttributes@747ddf94 declaringClass = 'com.pcwk.ehr.JunitUserDaoTest', classes = '{}', locations = '{file:src/main/webapp/WEB-INF/spring/root-context.xml, file:src/main/webapp/WEB-INF/spring/appServlet/servlet-context.xml}', inheritLocations = true, initializers = '{}', inheritInitializers = true, name = [null], contextLoaderClass = 'org.springframework.test.context.ContextLoader'].
[2022-06-15 16:11:05.298] DEBUG ActiveProfilesUtils.resolveActiveProfiles(ActiveProfilesUtils.java:79) - Could not find an 'annotation declaring class' for annotation type [org.springframework.test.context.ActiveProfiles] and class [com.pcwk.ehr.JunitUserDaoTest]
[2022-06-15 16:11:05.299] DEBUG AbstractTestContextBootstrapper.getTestExecutionListeners(AbstractTestContextBootstrapper.java:124) - @TestExecutionListeners is not present for class [com.pcwk.ehr.JunitUserDaoTest]: using defaults.
[2022-06-15 16:11:05.300] INFO  AbstractTestContextBootstrapper.getDefaultTestExecutionListenerClassNames(AbstractTestContextBootstrapper.java:245) - Loaded default TestExecutionListener class names from location [META-INF/spring.factories]: [org.springframework.test.context.web.ServletTestExecutionListener, org.springframework.test.context.support.DirtiesContextBeforeModesTestExecutionListener, org.springframework.test.context.event.ApplicationEventsTestExecutionListener, org.springframework.test.context.support.DependencyInjectionTestExecutionListener, org.springframework.test.context.support.DirtiesContextTestExecutionListener, org.springframework.test.context.transaction.TransactionalTestExecutionListener, org.springframework.test.context.jdbc.SqlScriptsTestExecutionListener, org.springframework.test.context.event.EventPublishingTestExecutionListener]
[2022-06-15 16:11:05.317] INFO  AbstractTestContextBootstrapper.getTestExecutionListeners(AbstractTestContextBootstrapper.java:174) - Using TestExecutionListeners: [org.springframework.test.context.web.ServletTestExecutionListener@38afe297, org.springframework.test.context.support.DirtiesContextBeforeModesTestExecutionListener@2df3b89c, org.springframework.test.context.event.ApplicationEventsTestExecutionListener@23348b5d, org.springframework.test.context.support.DependencyInjectionTestExecutionListener@70325e14, org.springframework.test.context.support.DirtiesContextTestExecutionListener@37ceb1df, org.springframework.test.context.transaction.TransactionalTestExecutionListener@7c9d8e2, org.springframework.test.context.jdbc.SqlScriptsTestExecutionListener@20d525, org.springframework.test.context.event.EventPublishingTestExecutionListener@6200f9cb]
[2022-06-15 16:11:05.319] DEBUG ProfileValueUtils.retrieveProfileValueSource(ProfileValueUtils.java:70) - Retrieved @ProfileValueSourceConfiguration [null] for test class [com.pcwk.ehr.JunitUserDaoTest]
[2022-06-15 16:11:05.321] DEBUG ProfileValueUtils.retrieveProfileValueSource(ProfileValueUtils.java:83) - Retrieved ProfileValueSource type [class org.springframework.test.annotation.SystemProfileValueSource] for class [com.pcwk.ehr.JunitUserDaoTest]
[2022-06-15 16:11:05.323] DEBUG ProfileValueUtils.retrieveProfileValueSource(ProfileValueUtils.java:70) - Retrieved @ProfileValueSourceConfiguration [null] for test class [com.pcwk.ehr.JunitUserDaoTest]
[2022-06-15 16:11:05.324] DEBUG ProfileValueUtils.retrieveProfileValueSource(ProfileValueUtils.java:83) - Retrieved ProfileValueSource type [class org.springframework.test.annotation.SystemProfileValueSource] for class [com.pcwk.ehr.JunitUserDaoTest]
[2022-06-15 16:11:05.324] DEBUG ProfileValueUtils.retrieveProfileValueSource(ProfileValueUtils.java:70) - Retrieved @ProfileValueSourceConfiguration [null] for test class [com.pcwk.ehr.JunitUserDaoTest]
[2022-06-15 16:11:05.324] DEBUG ProfileValueUtils.retrieveProfileValueSource(ProfileValueUtils.java:83) - Retrieved ProfileValueSource type [class org.springframework.test.annotation.SystemProfileValueSource] for class [com.pcwk.ehr.JunitUserDaoTest]
[2022-06-15 16:11:05.340] DEBUG ProfileValueUtils.retrieveProfileValueSource(ProfileValueUtils.java:70) - Retrieved @ProfileValueSourceConfiguration [null] for test class [com.pcwk.ehr.JunitUserDaoTest]
[2022-06-15 16:11:05.341] DEBUG ProfileValueUtils.retrieveProfileValueSource(ProfileValueUtils.java:83) - Retrieved ProfileValueSource type [class org.springframework.test.annotation.SystemProfileValueSource] for class [com.pcwk.ehr.JunitUserDaoTest]
[2022-06-15 16:11:05.342] DEBUG ProfileValueUtils.retrieveProfileValueSource(ProfileValueUtils.java:70) - Retrieved @ProfileValueSourceConfiguration [null] for test class [com.pcwk.ehr.JunitUserDaoTest]
[2022-06-15 16:11:05.343] DEBUG ProfileValueUtils.retrieveProfileValueSource(ProfileValueUtils.java:83) - Retrieved ProfileValueSource type [class org.springframework.test.annotation.SystemProfileValueSource] for class [com.pcwk.ehr.JunitUserDaoTest]
[2022-06-15 16:11:05.343] DEBUG ProfileValueUtils.retrieveProfileValueSource(ProfileValueUtils.java:70) - Retrieved @ProfileValueSourceConfiguration [null] for test class [com.pcwk.ehr.JunitUserDaoTest]
[2022-06-15 16:11:05.344] DEBUG ProfileValueUtils.retrieveProfileValueSource(ProfileValueUtils.java:83) - Retrieved ProfileValueSource type [class org.springframework.test.annotation.SystemProfileValueSource] for class [com.pcwk.ehr.JunitUserDaoTest]
[2022-06-15 16:11:05.348] DEBUG AbstractDirtiesContextTestExecutionListener.beforeOrAfterTestClass(AbstractDirtiesContextTestExecutionListener.java:143) - Before test class: context [DefaultTestContext@192c3f1e testClass = JunitUserDaoTest, testInstance = [null], testMethod = [null], testException = [null], mergedContextConfiguration = [MergedContextConfiguration@26b3fd41 testClass = JunitUserDaoTest, locations = '{file:src/main/webapp/WEB-INF/spring/root-context.xml, file:src/main/webapp/WEB-INF/spring/appServlet/servlet-context.xml}', classes = '{}', contextInitializerClasses = '[]', activeProfiles = '{}', propertySourceLocations = '{}', propertySourceProperties = '{}', contextCustomizers = set[[empty]], contextLoader = 'org.springframework.test.context.support.DelegatingSmartContextLoader', parent = [null]], attributes = map[[empty]]], class annotated with @DirtiesContext [false] with mode [null].
[2022-06-15 16:11:05.351] DEBUG ProfileValueUtils.retrieveProfileValueSource(ProfileValueUtils.java:70) - Retrieved @ProfileValueSourceConfiguration [null] for test class [com.pcwk.ehr.JunitUserDaoTest]
[2022-06-15 16:11:05.351] DEBUG ProfileValueUtils.retrieveProfileValueSource(ProfileValueUtils.java:83) - Retrieved ProfileValueSource type [class org.springframework.test.annotation.SystemProfileValueSource] for class [com.pcwk.ehr.JunitUserDaoTest]
[2022-06-15 16:11:05.353] DEBUG DependencyInjectionTestExecutionListener.prepareTestInstance(DependencyInjectionTestExecutionListener.java:81) - Performing dependency injection for test context [[DefaultTestContext@192c3f1e testClass = JunitUserDaoTest, testInstance = com.pcwk.ehr.JunitUserDaoTest@77f80c04, testMethod = [null], testException = [null], mergedContextConfiguration = [MergedContextConfiguration@26b3fd41 testClass = JunitUserDaoTest, locations = '{file:src/main/webapp/WEB-INF/spring/root-context.xml, file:src/main/webapp/WEB-INF/spring/appServlet/servlet-context.xml}', classes = '{}', contextInitializerClasses = '[]', activeProfiles = '{}', propertySourceLocations = '{}', propertySourceProperties = '{}', contextCustomizers = set[[empty]], contextLoader = 'org.springframework.test.context.support.DelegatingSmartContextLoader', parent = [null]], attributes = map['org.springframework.test.context.event.ApplicationEventsTestExecutionListener.recordApplicationEvents' -> false]]].
[2022-06-15 16:11:05.355] DEBUG AbstractDelegatingSmartContextLoader.delegateLoading(AbstractDelegatingSmartContextLoader.java:273) - Delegating to GenericXmlContextLoader to load context from [MergedContextConfiguration@26b3fd41 testClass = JunitUserDaoTest, locations = '{file:src/main/webapp/WEB-INF/spring/root-context.xml, file:src/main/webapp/WEB-INF/spring/appServlet/servlet-context.xml}', classes = '{}', contextInitializerClasses = '[]', activeProfiles = '{}', propertySourceLocations = '{}', propertySourceProperties = '{}', contextCustomizers = set[[empty]], contextLoader = 'org.springframework.test.context.support.DelegatingSmartContextLoader', parent = [null]].
[2022-06-15 16:11:05.356] DEBUG AbstractGenericContextLoader.loadContext(AbstractGenericContextLoader.java:107) - Loading ApplicationContext for merged context configuration [[MergedContextConfiguration@26b3fd41 testClass = JunitUserDaoTest, locations = '{file:src/main/webapp/WEB-INF/spring/root-context.xml, file:src/main/webapp/WEB-INF/spring/appServlet/servlet-context.xml}', classes = '{}', contextInitializerClasses = '[]', activeProfiles = '{}', propertySourceLocations = '{}', propertySourceProperties = '{}', contextCustomizers = set[[empty]], contextLoader = 'org.springframework.test.context.support.DelegatingSmartContextLoader', parent = [null]]].
[2022-06-15 16:11:05.417] DEBUG AbstractEnvironment.setActiveProfiles(AbstractEnvironment.java:302) - Activating profiles []
[2022-06-15 16:11:05.611] DEBUG XmlBeanDefinitionReader.doLoadBeanDefinitions(XmlBeanDefinitionReader.java:393) - Loaded 12 bean definitions from URL [file:src/main/webapp/WEB-INF/spring/root-context.xml]
[2022-06-15 16:11:05.904] DEBUG ClassPathScanningCandidateComponentProvider.scanCandidateComponents(ClassPathScanningCandidateComponentProvider.java:435) - Identified candidate component class: file [C:\DCOM_20220127\04_SPRING\workspace\SW_SH15_01\target\classes\com\pcwk\ehr\HomeController.class]
[2022-06-15 16:11:05.916] DEBUG ClassPathScanningCandidateComponentProvider.scanCandidateComponents(ClassPathScanningCandidateComponentProvider.java:435) - Identified candidate component class: file [C:\DCOM_20220127\04_SPRING\workspace\SW_SH15_01\target\classes\com\pcwk\ehr\user\dao\UserDaoImpl.class]
[2022-06-15 16:11:05.963] DEBUG XmlBeanDefinitionReader.doLoadBeanDefinitions(XmlBeanDefinitionReader.java:393) - Loaded 32 bean definitions from URL [file:src/main/webapp/WEB-INF/spring/appServlet/servlet-context.xml]
[2022-06-15 16:11:05.963] DEBUG AbstractApplicationContext.prepareRefresh(AbstractApplicationContext.java:629) - Refreshing org.springframework.context.support.GenericApplicationContext@7748410a
[2022-06-15 16:11:06.045] DEBUG DefaultSingletonBeanRegistry.getSingleton(DefaultSingletonBeanRegistry.java:225) - Creating shared instance of singleton bean 'org.springframework.context.annotation.internalConfigurationAnnotationProcessor'
[2022-06-15 16:11:06.277] DEBUG DefaultSingletonBeanRegistry.getSingleton(DefaultSingletonBeanRegistry.java:225) - Creating shared instance of singleton bean 'org.springframework.context.support.PropertySourcesPlaceholderConfigurer#0'
[2022-06-15 16:11:06.369] DEBUG PropertySourcesPropertyResolver.logKeyFound(PropertySourcesPropertyResolver.java:115) - Found key 'jdbc.driver' in PropertySource 'localProperties' with value of type String
[2022-06-15 16:11:06.370] DEBUG PropertySourcesPropertyResolver.logKeyFound(PropertySourcesPropertyResolver.java:115) - Found key 'jdbc.url' in PropertySource 'localProperties' with value of type String
[2022-06-15 16:11:06.370] DEBUG PropertySourcesPropertyResolver.logKeyFound(PropertySourcesPropertyResolver.java:115) - Found key 'jdbc.username' in PropertySource 'localProperties' with value of type String
[2022-06-15 16:11:06.371] DEBUG PropertySourcesPropertyResolver.logKeyFound(PropertySourcesPropertyResolver.java:115) - Found key 'jdbc.password' in PropertySource 'localProperties' with value of type String
[2022-06-15 16:11:06.371] DEBUG PropertySourcesPropertyResolver.logKeyFound(PropertySourcesPropertyResolver.java:115) - Found key 'jdbc.maxActive' in PropertySource 'localProperties' with value of type String
[2022-06-15 16:11:06.372] DEBUG PropertySourcesPropertyResolver.logKeyFound(PropertySourcesPropertyResolver.java:115) - Found key 'jdbc.maxIdle' in PropertySource 'localProperties' with value of type String
[2022-06-15 16:11:06.373] DEBUG PropertySourcesPropertyResolver.logKeyFound(PropertySourcesPropertyResolver.java:115) - Found key 'jdbc.maxWait' in PropertySource 'localProperties' with value of type String
[2022-06-15 16:11:06.374] DEBUG PropertySourcesPropertyResolver.logKeyFound(PropertySourcesPropertyResolver.java:115) - Found key 'jdbc.removeAbandoned' in PropertySource 'localProperties' with value of type String
[2022-06-15 16:11:06.374] DEBUG PropertySourcesPropertyResolver.logKeyFound(PropertySourcesPropertyResolver.java:115) - Found key 'jdbc.removeAbandonedTimeout' in PropertySource 'localProperties' with value of type String
[2022-06-15 16:11:06.377] DEBUG DefaultSingletonBeanRegistry.getSingleton(DefaultSingletonBeanRegistry.java:225) - Creating shared instance of singleton bean 'org.springframework.context.event.internalEventListenerProcessor'
[2022-06-15 16:11:06.381] DEBUG DefaultSingletonBeanRegistry.getSingleton(DefaultSingletonBeanRegistry.java:225) - Creating shared instance of singleton bean 'org.springframework.context.event.internalEventListenerFactory'
[2022-06-15 16:11:06.386] DEBUG DefaultSingletonBeanRegistry.getSingleton(DefaultSingletonBeanRegistry.java:225) - Creating shared instance of singleton bean 'org.springframework.context.annotation.internalAutowiredAnnotationProcessor'
[2022-06-15 16:11:06.388] DEBUG DefaultSingletonBeanRegistry.getSingleton(DefaultSingletonBeanRegistry.java:225) - Creating shared instance of singleton bean 'org.springframework.context.annotation.internalCommonAnnotationProcessor'
[2022-06-15 16:11:06.396] DEBUG DefaultSingletonBeanRegistry.getSingleton(DefaultSingletonBeanRegistry.java:225) - Creating shared instance of singleton bean 'org.springframework.aop.config.internalAutoProxyCreator'
[2022-06-15 16:11:06.435] DEBUG DefaultSingletonBeanRegistry.getSingleton(DefaultSingletonBeanRegistry.java:225) - Creating shared instance of singleton bean 'sqlSessionTemplate'
[2022-06-15 16:11:06.436] DEBUG DefaultSingletonBeanRegistry.getSingleton(DefaultSingletonBeanRegistry.java:225) - Creating shared instance of singleton bean 'org.springframework.aop.support.DefaultBeanFactoryPointcutAdvisor#0'
[2022-06-15 16:11:06.469] DEBUG DefaultSingletonBeanRegistry.getSingleton(DefaultSingletonBeanRegistry.java:225) - Creating shared instance of singleton bean 'sqlSessionFactoryBean'
[2022-06-15 16:11:06.501] DEBUG DefaultSingletonBeanRegistry.getSingleton(DefaultSingletonBeanRegistry.java:225) - Creating shared instance of singleton bean 'datasource'
[2022-06-15 16:11:07.095] DEBUG DefaultSingletonBeanRegistry.getSingleton(DefaultSingletonBeanRegistry.java:225) - Creating shared instance of singleton bean 'jdbcTemplate'
[2022-06-15 16:11:07.181] DEBUG DefaultSingletonBeanRegistry.getSingleton(DefaultSingletonBeanRegistry.java:225) - Creating shared instance of singleton bean 'dummyMailSender'
[2022-06-15 16:11:07.184] DEBUG DefaultSingletonBeanRegistry.getSingleton(DefaultSingletonBeanRegistry.java:225) - Creating shared instance of singleton bean 'mailSenderImpl'
[2022-06-15 16:11:07.213] DEBUG DefaultSingletonBeanRegistry.getSingleton(DefaultSingletonBeanRegistry.java:225) - Creating shared instance of singleton bean 'transactionManager'
[2022-06-15 16:11:07.232] DEBUG DefaultSingletonBeanRegistry.getSingleton(DefaultSingletonBeanRegistry.java:225) - Creating shared instance of singleton bean 'txAdvice'
[2022-06-15 16:11:07.259] DEBUG NameMatchTransactionAttributeSource.addTransactionalMethod(NameMatchTransactionAttributeSource.java:102) - Adding transactional method [do*] with attribute [PROPAGATION_REQUIRED,ISOLATION_DEFAULT,readOnly]
[2022-06-15 16:11:07.260] DEBUG NameMatchTransactionAttributeSource.addTransactionalMethod(NameMatchTransactionAttributeSource.java:102) - Adding transactional method [up*] with attribute [PROPAGATION_REQUIRED,ISOLATION_DEFAULT]
[2022-06-15 16:11:07.266] DEBUG DefaultSingletonBeanRegistry.getSingleton(DefaultSingletonBeanRegistry.java:225) - Creating shared instance of singleton bean 'mvcContentNegotiationManager'
[2022-06-15 16:11:07.291] DEBUG DefaultSingletonBeanRegistry.getSingleton(DefaultSingletonBeanRegistry.java:225) - Creating shared instance of singleton bean 'org.springframework.web.servlet.mvc.method.annotation.RequestMappingHandlerMapping'
[2022-06-15 16:11:07.339] DEBUG DefaultSingletonBeanRegistry.getSingleton(DefaultSingletonBeanRegistry.java:225) - Creating shared instance of singleton bean 'mvcCorsConfigurations'
[2022-06-15 16:11:07.367] DEBUG DefaultSingletonBeanRegistry.getSingleton(DefaultSingletonBeanRegistry.java:225) - Creating shared instance of singleton bean 'org.springframework.web.servlet.handler.MappedInterceptor#0'
[2022-06-15 16:11:07.369] DEBUG DefaultSingletonBeanRegistry.getSingleton(DefaultSingletonBeanRegistry.java:225) - Creating shared instance of singleton bean 'org.springframework.format.support.FormattingConversionServiceFactoryBean#0'
[2022-06-15 16:11:07.464] DEBUG DefaultSingletonBeanRegistry.getSingleton(DefaultSingletonBeanRegistry.java:225) - Creating shared instance of singleton bean 'org.springframework.web.servlet.handler.MappedInterceptor#1'
[2022-06-15 16:11:07.512] DEBUG AbstractHandlerMethodMapping.detectHandlerMethods(AbstractHandlerMethodMapping.java:295) - 
	c.p.e.HomeController:
	{GET [/]}: home(Locale,Model)
[2022-06-15 16:11:07.522] DEBUG AbstractHandlerMethodMapping.handlerMethodsInitialized(AbstractHandlerMethodMapping.java:367) - 1 mappings in 'org.springframework.web.servlet.mvc.method.annotation.RequestMappingHandlerMapping'
[2022-06-15 16:11:07.539] DEBUG DefaultSingletonBeanRegistry.getSingleton(DefaultSingletonBeanRegistry.java:225) - Creating shared instance of singleton bean 'org.springframework.web.servlet.mvc.method.annotation.RequestMappingHandlerAdapter'
[2022-06-15 16:11:07.676] DEBUG RequestMappingHandlerAdapter.initControllerAdviceCache(RequestMappingHandlerAdapter.java:622) - ControllerAdvice beans: none
[2022-06-15 16:11:07.726] DEBUG DefaultSingletonBeanRegistry.getSingleton(DefaultSingletonBeanRegistry.java:225) - Creating shared instance of singleton bean 'mvcUriComponentsContributor'
[2022-06-15 16:11:07.742] DEBUG RequestMappingHandlerAdapter.initControllerAdviceCache(RequestMappingHandlerAdapter.java:622) - ControllerAdvice beans: none
[2022-06-15 16:11:07.750] DEBUG DefaultSingletonBeanRegistry.getSingleton(DefaultSingletonBeanRegistry.java:225) - Creating shared instance of singleton bean 'org.springframework.web.servlet.mvc.method.annotation.ExceptionHandlerExceptionResolver#0'
[2022-06-15 16:11:07.774] DEBUG ExceptionHandlerExceptionResolver.initExceptionHandlerAdviceCache(ExceptionHandlerExceptionResolver.java:304) - ControllerAdvice beans: none
[2022-06-15 16:11:07.777] DEBUG DefaultSingletonBeanRegistry.getSingleton(DefaultSingletonBeanRegistry.java:225) - Creating shared instance of singleton bean 'org.springframework.web.servlet.mvc.annotation.ResponseStatusExceptionResolver#0'
[2022-06-15 16:11:07.785] DEBUG DefaultSingletonBeanRegistry.getSingleton(DefaultSingletonBeanRegistry.java:225) - Creating shared instance of singleton bean 'org.springframework.web.servlet.mvc.support.DefaultHandlerExceptionResolver#0'
[2022-06-15 16:11:07.793] DEBUG DefaultSingletonBeanRegistry.getSingleton(DefaultSingletonBeanRegistry.java:225) - Creating shared instance of singleton bean 'org.springframework.web.servlet.handler.BeanNameUrlHandlerMapping'
[2022-06-15 16:11:07.811] DEBUG AbstractDetectingUrlHandlerMapping.detectHandlers(AbstractDetectingUrlHandlerMapping.java:86) - 'org.springframework.web.servlet.handler.BeanNameUrlHandlerMapping' {}
[2022-06-15 16:11:07.814] DEBUG DefaultSingletonBeanRegistry.getSingleton(DefaultSingletonBeanRegistry.java:225) - Creating shared instance of singleton bean 'org.springframework.web.servlet.mvc.HttpRequestHandlerAdapter'
[2022-06-15 16:11:07.816] DEBUG DefaultSingletonBeanRegistry.getSingleton(DefaultSingletonBeanRegistry.java:225) - Creating shared instance of singleton bean 'org.springframework.web.servlet.mvc.SimpleControllerHandlerAdapter'
[2022-06-15 16:11:07.818] DEBUG DefaultSingletonBeanRegistry.getSingleton(DefaultSingletonBeanRegistry.java:225) - Creating shared instance of singleton bean 'localeResolver'
[2022-06-15 16:11:07.822] DEBUG DefaultSingletonBeanRegistry.getSingleton(DefaultSingletonBeanRegistry.java:225) - Creating shared instance of singleton bean 'themeResolver'
[2022-06-15 16:11:07.824] DEBUG DefaultSingletonBeanRegistry.getSingleton(DefaultSingletonBeanRegistry.java:225) - Creating shared instance of singleton bean 'viewNameTranslator'
[2022-06-15 16:11:07.826] DEBUG DefaultSingletonBeanRegistry.getSingleton(DefaultSingletonBeanRegistry.java:225) - Creating shared instance of singleton bean 'flashMapManager'
[2022-06-15 16:11:07.831] DEBUG DefaultSingletonBeanRegistry.getSingleton(DefaultSingletonBeanRegistry.java:225) - Creating shared instance of singleton bean 'mvcResourceUrlProvider'
[2022-06-15 16:11:07.832] DEBUG DefaultSingletonBeanRegistry.getSingleton(DefaultSingletonBeanRegistry.java:225) - Creating shared instance of singleton bean 'mvcPathMatcher'
[2022-06-15 16:11:07.836] DEBUG DefaultSingletonBeanRegistry.getSingleton(DefaultSingletonBeanRegistry.java:225) - Creating shared instance of singleton bean 'mvcUrlPathHelper'
[2022-06-15 16:11:07.840] DEBUG DefaultSingletonBeanRegistry.getSingleton(DefaultSingletonBeanRegistry.java:225) - Creating shared instance of singleton bean 'org.springframework.web.servlet.resource.ResourceHttpRequestHandler#0'
[2022-06-15 16:11:07.865] DEBUG DefaultSingletonBeanRegistry.getSingleton(DefaultSingletonBeanRegistry.java:225) - Creating shared instance of singleton bean 'org.springframework.web.servlet.handler.SimpleUrlHandlerMapping#0'
[2022-06-15 16:11:07.876] DEBUG SimpleUrlHandlerMapping.logMappings(SimpleUrlHandlerMapping.java:177) - 'org.springframework.web.servlet.handler.SimpleUrlHandlerMapping#0' {/resources/**=ResourceHttpRequestHandler [classpath [resources/]]}
[2022-06-15 16:11:07.878] DEBUG DefaultSingletonBeanRegistry.getSingleton(DefaultSingletonBeanRegistry.java:225) - Creating shared instance of singleton bean 'org.springframework.web.servlet.view.InternalResourceViewResolver#0'
[2022-06-15 16:11:07.909] DEBUG DefaultSingletonBeanRegistry.getSingleton(DefaultSingletonBeanRegistry.java:225) - Creating shared instance of singleton bean 'homeController'
[2022-06-15 16:11:07.910] DEBUG DefaultSingletonBeanRegistry.getSingleton(DefaultSingletonBeanRegistry.java:225) - Creating shared instance of singleton bean 'userDao'
[2022-06-15 16:11:07.953] DEBUG DefaultCacheAwareContextLoaderDelegate.loadContext(DefaultCacheAwareContextLoaderDelegate.java:126) - Storing ApplicationContext [2001223946] in cache under key [[MergedContextConfiguration@26b3fd41 testClass = JunitUserDaoTest, locations = '{file:src/main/webapp/WEB-INF/spring/root-context.xml, file:src/main/webapp/WEB-INF/spring/appServlet/servlet-context.xml}', classes = '{}', contextInitializerClasses = '[]', activeProfiles = '{}', propertySourceLocations = '{}', propertySourceProperties = '{}', contextCustomizers = set[[empty]], contextLoader = 'org.springframework.test.context.support.DelegatingSmartContextLoader', parent = [null]]]
[2022-06-15 16:11:07.953] DEBUG DefaultContextCache.logStatistics(DefaultContextCache.java:290) - Spring test ApplicationContext cache statistics: [DefaultContextCache@3bd55d8 size = 1, maxSize = 32, parentContextCount = 0, hitCount = 0, missCount = 1]
[2022-06-15 16:11:07.957] DEBUG DefaultCacheAwareContextLoaderDelegate.loadContext(DefaultCacheAwareContextLoaderDelegate.java:137) - Retrieved ApplicationContext [2001223946] from cache with key [[MergedContextConfiguration@26b3fd41 testClass = JunitUserDaoTest, locations = '{file:src/main/webapp/WEB-INF/spring/root-context.xml, file:src/main/webapp/WEB-INF/spring/appServlet/servlet-context.xml}', classes = '{}', contextInitializerClasses = '[]', activeProfiles = '{}', propertySourceLocations = '{}', propertySourceProperties = '{}', contextCustomizers = set[[empty]], contextLoader = 'org.springframework.test.context.support.DelegatingSmartContextLoader', parent = [null]]]
[2022-06-15 16:11:07.959] DEBUG DefaultContextCache.logStatistics(DefaultContextCache.java:290) - Spring test ApplicationContext cache statistics: [DefaultContextCache@3bd55d8 size = 1, maxSize = 32, parentContextCount = 0, hitCount = 1, missCount = 1]
[2022-06-15 16:11:07.968] DEBUG AbstractDirtiesContextTestExecutionListener.beforeOrAfterTestMethod(AbstractDirtiesContextTestExecutionListener.java:108) - Before test method: context [DefaultTestContext@192c3f1e testClass = JunitUserDaoTest, testInstance = com.pcwk.ehr.JunitUserDaoTest@77f80c04, testMethod = getAll@JunitUserDaoTest, testException = [null], mergedContextConfiguration = [MergedContextConfiguration@26b3fd41 testClass = JunitUserDaoTest, locations = '{file:src/main/webapp/WEB-INF/spring/root-context.xml, file:src/main/webapp/WEB-INF/spring/appServlet/servlet-context.xml}', classes = '{}', contextInitializerClasses = '[]', activeProfiles = '{}', propertySourceLocations = '{}', propertySourceProperties = '{}', contextCustomizers = set[[empty]], contextLoader = 'org.springframework.test.context.support.DelegatingSmartContextLoader', parent = [null]], attributes = map['org.springframework.test.context.event.ApplicationEventsTestExecutionListener.recordApplicationEvents' -> false]], class annotated with @DirtiesContext [false] with mode [null], method annotated with @DirtiesContext [false] with mode [null].
[2022-06-15 16:11:07.982] DEBUG DefaultCacheAwareContextLoaderDelegate.loadContext(DefaultCacheAwareContextLoaderDelegate.java:137) - Retrieved ApplicationContext [2001223946] from cache with key [[MergedContextConfiguration@26b3fd41 testClass = JunitUserDaoTest, locations = '{file:src/main/webapp/WEB-INF/spring/root-context.xml, file:src/main/webapp/WEB-INF/spring/appServlet/servlet-context.xml}', classes = '{}', contextInitializerClasses = '[]', activeProfiles = '{}', propertySourceLocations = '{}', propertySourceProperties = '{}', contextCustomizers = set[[empty]], contextLoader = 'org.springframework.test.context.support.DelegatingSmartContextLoader', parent = [null]]]
[2022-06-15 16:11:07.983] DEBUG DefaultContextCache.logStatistics(DefaultContextCache.java:290) - Spring test ApplicationContext cache statistics: [DefaultContextCache@3bd55d8 size = 1, maxSize = 32, parentContextCount = 0, hitCount = 2, missCount = 1]
[2022-06-15 16:11:07.984] DEBUG JunitUserDaoTest.setUp(JunitUserDaoTest.java:43) - =======================
[2022-06-15 16:11:07.985] DEBUG JunitUserDaoTest.setUp(JunitUserDaoTest.java:44) - =0. setUp()=
[2022-06-15 16:11:07.985] DEBUG JunitUserDaoTest.setUp(JunitUserDaoTest.java:45) - =======================
[2022-06-15 16:11:07.992] DEBUG JunitUserDaoTest.setUp(JunitUserDaoTest.java:51) - context:org.springframework.context.support.GenericApplicationContext@7748410a, started on Wed Jun 15 16:11:05 KST 2022
[2022-06-15 16:11:07.993] DEBUG JunitUserDaoTest.setUp(JunitUserDaoTest.java:52) - dao:com.pcwk.ehr.user.dao.UserDaoImpl@4248ed58
[2022-06-15 16:11:07.995] DEBUG DefaultCacheAwareContextLoaderDelegate.loadContext(DefaultCacheAwareContextLoaderDelegate.java:137) - Retrieved ApplicationContext [2001223946] from cache with key [[MergedContextConfiguration@26b3fd41 testClass = JunitUserDaoTest, locations = '{file:src/main/webapp/WEB-INF/spring/root-context.xml, file:src/main/webapp/WEB-INF/spring/appServlet/servlet-context.xml}', classes = '{}', contextInitializerClasses = '[]', activeProfiles = '{}', propertySourceLocations = '{}', propertySourceProperties = '{}', contextCustomizers = set[[empty]], contextLoader = 'org.springframework.test.context.support.DelegatingSmartContextLoader', parent = [null]]]
[2022-06-15 16:11:07.995] DEBUG DefaultContextCache.logStatistics(DefaultContextCache.java:290) - Spring test ApplicationContext cache statistics: [DefaultContextCache@3bd55d8 size = 1, maxSize = 32, parentContextCount = 0, hitCount = 3, missCount = 1]
[2022-06-15 16:11:07.996] DEBUG UserDaoImpl.doDelete(UserDaoImpl.java:209) - ============================
[2022-06-15 16:11:07.997] DEBUG UserDaoImpl.doDelete(UserDaoImpl.java:210) - param : UserVO [uId=p27, name=최유빈27, passwd=4321, level=BASIC, login=1, recommend=0, email=euloja5@naver.com, regDt=날짜_사용안함, toString()=DTO [num=0, totalCnt=0]]
[2022-06-15 16:11:07.997] DEBUG UserDaoImpl.doDelete(UserDaoImpl.java:211) - statement : com.pcwk.ehr.user.doDelete
[2022-06-15 16:11:07.997] DEBUG UserDaoImpl.doDelete(UserDaoImpl.java:212) - ============================
[2022-06-15 16:11:08.030] DEBUG DataSourceUtils.doGetConnection(DataSourceUtils.java:116) - Fetching JDBC Connection from DataSource
[2022-06-15 16:11:10.495] DEBUG UserDaoImpl.doDelete(UserDaoImpl.java:215) - flag:0
[2022-06-15 16:11:10.496] DEBUG UserDaoImpl.doDelete(UserDaoImpl.java:209) - ============================
[2022-06-15 16:11:10.497] DEBUG UserDaoImpl.doDelete(UserDaoImpl.java:210) - param : UserVO [uId=p270, name=최유빈270, passwd=4321, level=SILVER, login=50, recommend=2, email=euloja5@naver.com, regDt=날짜_사용안함, toString()=DTO [num=0, totalCnt=0]]
[2022-06-15 16:11:10.497] DEBUG UserDaoImpl.doDelete(UserDaoImpl.java:211) - statement : com.pcwk.ehr.user.doDelete
[2022-06-15 16:11:10.498] DEBUG UserDaoImpl.doDelete(UserDaoImpl.java:212) - ============================
[2022-06-15 16:11:10.498] DEBUG DataSourceUtils.doGetConnection(DataSourceUtils.java:116) - Fetching JDBC Connection from DataSource
[2022-06-15 16:11:10.512] DEBUG UserDaoImpl.doDelete(UserDaoImpl.java:215) - flag:0
[2022-06-15 16:11:10.513] DEBUG UserDaoImpl.doDelete(UserDaoImpl.java:209) - ============================
[2022-06-15 16:11:10.513] DEBUG UserDaoImpl.doDelete(UserDaoImpl.java:210) - param : UserVO [uId=p2700, name=최유빈2700, passwd=4321, level=GOLD, login=100, recommend=31, email=euloja5@naver.com, regDt=날짜_사용안함, toString()=DTO [num=0, totalCnt=0]]
[2022-06-15 16:11:10.513] DEBUG UserDaoImpl.doDelete(UserDaoImpl.java:211) - statement : com.pcwk.ehr.user.doDelete
[2022-06-15 16:11:10.514] DEBUG UserDaoImpl.doDelete(UserDaoImpl.java:212) - ============================
[2022-06-15 16:11:10.515] DEBUG DataSourceUtils.doGetConnection(DataSourceUtils.java:116) - Fetching JDBC Connection from DataSource
[2022-06-15 16:11:10.523] DEBUG UserDaoImpl.doDelete(UserDaoImpl.java:215) - flag:0
[2022-06-15 16:11:10.524] DEBUG UserDaoImpl.getCount(UserDaoImpl.java:113) - ============================
[2022-06-15 16:11:10.525] DEBUG UserDaoImpl.getCount(UserDaoImpl.java:114) - param : UserVO [uId=p27, name=최유빈27, passwd=4321, level=BASIC, login=1, recommend=0, email=euloja5@naver.com, regDt=날짜_사용안함, toString()=DTO [num=0, totalCnt=0]]
[2022-06-15 16:11:10.526] DEBUG UserDaoImpl.getCount(UserDaoImpl.java:115) - statement : com.pcwk.ehr.user.getCount
[2022-06-15 16:11:10.526] DEBUG UserDaoImpl.getCount(UserDaoImpl.java:116) - ============================
[2022-06-15 16:11:10.533] DEBUG DataSourceUtils.doGetConnection(DataSourceUtils.java:116) - Fetching JDBC Connection from DataSource
[2022-06-15 16:11:10.712] DEBUG UserDaoImpl.getCount(UserDaoImpl.java:119) - ============================
[2022-06-15 16:11:10.713] DEBUG UserDaoImpl.getCount(UserDaoImpl.java:120) - count : 0
[2022-06-15 16:11:10.713] DEBUG UserDaoImpl.getCount(UserDaoImpl.java:121) - ============================
[2022-06-15 16:11:10.713] DEBUG UserDaoImpl.doInsert(UserDaoImpl.java:191) - ============================
[2022-06-15 16:11:10.713] DEBUG UserDaoImpl.doInsert(UserDaoImpl.java:192) - param : UserVO [uId=p27, name=최유빈27, passwd=4321, level=BASIC, login=1, recommend=0, email=euloja5@naver.com, regDt=날짜_사용안함, toString()=DTO [num=0, totalCnt=0]]
[2022-06-15 16:11:10.714] DEBUG UserDaoImpl.doInsert(UserDaoImpl.java:193) - statement : com.pcwk.ehr.user.doInsert
[2022-06-15 16:11:10.714] DEBUG UserDaoImpl.doInsert(UserDaoImpl.java:194) - ============================
[2022-06-15 16:11:10.714] DEBUG DataSourceUtils.doGetConnection(DataSourceUtils.java:116) - Fetching JDBC Connection from DataSource
[2022-06-15 16:11:10.984] DEBUG UserDaoImpl.doInsert(UserDaoImpl.java:197) - flag:1
[2022-06-15 16:11:10.985] DEBUG UserDaoImpl.getCount(UserDaoImpl.java:113) - ============================
[2022-06-15 16:11:10.985] DEBUG UserDaoImpl.getCount(UserDaoImpl.java:114) - param : UserVO [uId=p27, name=최유빈27, passwd=4321, level=BASIC, login=1, recommend=0, email=euloja5@naver.com, regDt=날짜_사용안함, toString()=DTO [num=0, totalCnt=0]]
[2022-06-15 16:11:10.985] DEBUG UserDaoImpl.getCount(UserDaoImpl.java:115) - statement : com.pcwk.ehr.user.getCount
[2022-06-15 16:11:10.986] DEBUG UserDaoImpl.getCount(UserDaoImpl.java:116) - ============================
[2022-06-15 16:11:10.987] DEBUG DataSourceUtils.doGetConnection(DataSourceUtils.java:116) - Fetching JDBC Connection from DataSource
[2022-06-15 16:11:11.062] DEBUG UserDaoImpl.getCount(UserDaoImpl.java:119) - ============================
[2022-06-15 16:11:11.062] DEBUG UserDaoImpl.getCount(UserDaoImpl.java:120) - count : 1
[2022-06-15 16:11:11.063] DEBUG UserDaoImpl.getCount(UserDaoImpl.java:121) - ============================
[2022-06-15 16:11:11.064] DEBUG UserDaoImpl.doInsert(UserDaoImpl.java:191) - ============================
[2022-06-15 16:11:11.064] DEBUG UserDaoImpl.doInsert(UserDaoImpl.java:192) - param : UserVO [uId=p270, name=최유빈270, passwd=4321, level=SILVER, login=50, recommend=2, email=euloja5@naver.com, regDt=날짜_사용안함, toString()=DTO [num=0, totalCnt=0]]
[2022-06-15 16:11:11.064] DEBUG UserDaoImpl.doInsert(UserDaoImpl.java:193) - statement : com.pcwk.ehr.user.doInsert
[2022-06-15 16:11:11.065] DEBUG UserDaoImpl.doInsert(UserDaoImpl.java:194) - ============================
[2022-06-15 16:11:11.066] DEBUG DataSourceUtils.doGetConnection(DataSourceUtils.java:116) - Fetching JDBC Connection from DataSource
[2022-06-15 16:11:11.074] DEBUG UserDaoImpl.doInsert(UserDaoImpl.java:197) - flag:1
[2022-06-15 16:11:11.074] DEBUG UserDaoImpl.getCount(UserDaoImpl.java:113) - ============================
[2022-06-15 16:11:11.075] DEBUG UserDaoImpl.getCount(UserDaoImpl.java:114) - param : UserVO [uId=p27, name=최유빈27, passwd=4321, level=BASIC, login=1, recommend=0, email=euloja5@naver.com, regDt=날짜_사용안함, toString()=DTO [num=0, totalCnt=0]]
[2022-06-15 16:11:11.076] DEBUG UserDaoImpl.getCount(UserDaoImpl.java:115) - statement : com.pcwk.ehr.user.getCount
[2022-06-15 16:11:11.076] DEBUG UserDaoImpl.getCount(UserDaoImpl.java:116) - ============================
[2022-06-15 16:11:11.077] DEBUG DataSourceUtils.doGetConnection(DataSourceUtils.java:116) - Fetching JDBC Connection from DataSource
[2022-06-15 16:11:11.088] DEBUG UserDaoImpl.getCount(UserDaoImpl.java:119) - ============================
[2022-06-15 16:11:11.089] DEBUG UserDaoImpl.getCount(UserDaoImpl.java:120) - count : 2
[2022-06-15 16:11:11.089] DEBUG UserDaoImpl.getCount(UserDaoImpl.java:121) - ============================
[2022-06-15 16:11:11.090] DEBUG UserDaoImpl.doInsert(UserDaoImpl.java:191) - ============================
[2022-06-15 16:11:11.090] DEBUG UserDaoImpl.doInsert(UserDaoImpl.java:192) - param : UserVO [uId=p2700, name=최유빈2700, passwd=4321, level=GOLD, login=100, recommend=31, email=euloja5@naver.com, regDt=날짜_사용안함, toString()=DTO [num=0, totalCnt=0]]
[2022-06-15 16:11:11.091] DEBUG UserDaoImpl.doInsert(UserDaoImpl.java:193) - statement : com.pcwk.ehr.user.doInsert
[2022-06-15 16:11:11.091] DEBUG UserDaoImpl.doInsert(UserDaoImpl.java:194) - ============================
[2022-06-15 16:11:11.092] DEBUG DataSourceUtils.doGetConnection(DataSourceUtils.java:116) - Fetching JDBC Connection from DataSource
[2022-06-15 16:11:11.110] DEBUG UserDaoImpl.doInsert(UserDaoImpl.java:197) - flag:1
[2022-06-15 16:11:11.111] DEBUG UserDaoImpl.getCount(UserDaoImpl.java:113) - ============================
[2022-06-15 16:11:11.112] DEBUG UserDaoImpl.getCount(UserDaoImpl.java:114) - param : UserVO [uId=p27, name=최유빈27, passwd=4321, level=BASIC, login=1, recommend=0, email=euloja5@naver.com, regDt=날짜_사용안함, toString()=DTO [num=0, totalCnt=0]]
[2022-06-15 16:11:11.112] DEBUG UserDaoImpl.getCount(UserDaoImpl.java:115) - statement : com.pcwk.ehr.user.getCount
[2022-06-15 16:11:11.113] DEBUG UserDaoImpl.getCount(UserDaoImpl.java:116) - ============================
[2022-06-15 16:11:11.114] DEBUG DataSourceUtils.doGetConnection(DataSourceUtils.java:116) - Fetching JDBC Connection from DataSource
[2022-06-15 16:11:11.123] DEBUG UserDaoImpl.getCount(UserDaoImpl.java:119) - ============================
[2022-06-15 16:11:11.124] DEBUG UserDaoImpl.getCount(UserDaoImpl.java:120) - count : 3
[2022-06-15 16:11:11.124] DEBUG UserDaoImpl.getCount(UserDaoImpl.java:121) - ============================
[2022-06-15 16:11:11.125] DEBUG UserDaoImpl.getAll(UserDaoImpl.java:91) - ============================
[2022-06-15 16:11:11.125] DEBUG UserDaoImpl.getAll(UserDaoImpl.java:92) - param :UserVO [uId=p27, name=최유빈27, passwd=4321, level=BASIC, login=1, recommend=0, email=euloja5@naver.com, regDt=날짜_사용안함, toString()=DTO [num=0, totalCnt=0]]
[2022-06-15 16:11:11.125] DEBUG UserDaoImpl.getAll(UserDaoImpl.java:93) - statement :com.pcwk.ehr.user.getAll
[2022-06-15 16:11:11.126] DEBUG UserDaoImpl.getAll(UserDaoImpl.java:94) - ============================
[2022-06-15 16:11:11.127] DEBUG DataSourceUtils.doGetConnection(DataSourceUtils.java:116) - Fetching JDBC Connection from DataSource
[2022-06-15 16:11:11.159] DEBUG UserDaoImpl.getAll(UserDaoImpl.java:101) - vo:UserVO [uId=p27, name=최유빈27, passwd=4321, level=BASIC, login=1, recommend=0, email=euloja5@naver.com, regDt=2022-06-15 16:11:10, toString()=DTO [num=0, totalCnt=0]]
[2022-06-15 16:11:11.160] DEBUG UserDaoImpl.getAll(UserDaoImpl.java:101) - vo:UserVO [uId=p270, name=최유빈270, passwd=4321, level=SILVER, login=50, recommend=2, email=euloja5@naver.com, regDt=2022-06-15 16:11:11, toString()=DTO [num=0, totalCnt=0]]
[2022-06-15 16:11:11.160] DEBUG UserDaoImpl.getAll(UserDaoImpl.java:101) - vo:UserVO [uId=p2700, name=최유빈2700, passwd=4321, level=GOLD, login=100, recommend=31, email=euloja5@naver.com, regDt=2022-06-15 16:11:11, toString()=DTO [num=0, totalCnt=0]]
[2022-06-15 16:11:11.164] DEBUG DefaultCacheAwareContextLoaderDelegate.loadContext(DefaultCacheAwareContextLoaderDelegate.java:137) - Retrieved ApplicationContext [2001223946] from cache with key [[MergedContextConfiguration@26b3fd41 testClass = JunitUserDaoTest, locations = '{file:src/main/webapp/WEB-INF/spring/root-context.xml, file:src/main/webapp/WEB-INF/spring/appServlet/servlet-context.xml}', classes = '{}', contextInitializerClasses = '[]', activeProfiles = '{}', propertySourceLocations = '{}', propertySourceProperties = '{}', contextCustomizers = set[[empty]], contextLoader = 'org.springframework.test.context.support.DelegatingSmartContextLoader', parent = [null]]]
[2022-06-15 16:11:11.164] DEBUG DefaultContextCache.logStatistics(DefaultContextCache.java:290) - Spring test ApplicationContext cache statistics: [DefaultContextCache@3bd55d8 size = 1, maxSize = 32, parentContextCount = 0, hitCount = 4, missCount = 1]
[2022-06-15 16:11:11.170] DEBUG JunitUserDaoTest.tearDown(JunitUserDaoTest.java:204) - =======================
[2022-06-15 16:11:11.171] DEBUG JunitUserDaoTest.tearDown(JunitUserDaoTest.java:205) - =9. tearDown()=
[2022-06-15 16:11:11.172] DEBUG JunitUserDaoTest.tearDown(JunitUserDaoTest.java:206) - =======================
[2022-06-15 16:11:11.174] DEBUG DefaultCacheAwareContextLoaderDelegate.loadContext(DefaultCacheAwareContextLoaderDelegate.java:137) - Retrieved ApplicationContext [2001223946] from cache with key [[MergedContextConfiguration@26b3fd41 testClass = JunitUserDaoTest, locations = '{file:src/main/webapp/WEB-INF/spring/root-context.xml, file:src/main/webapp/WEB-INF/spring/appServlet/servlet-context.xml}', classes = '{}', contextInitializerClasses = '[]', activeProfiles = '{}', propertySourceLocations = '{}', propertySourceProperties = '{}', contextCustomizers = set[[empty]], contextLoader = 'org.springframework.test.context.support.DelegatingSmartContextLoader', parent = [null]]]
[2022-06-15 16:11:11.176] DEBUG DefaultContextCache.logStatistics(DefaultContextCache.java:290) - Spring test ApplicationContext cache statistics: [DefaultContextCache@3bd55d8 size = 1, maxSize = 32, parentContextCount = 0, hitCount = 5, missCount = 1]
[2022-06-15 16:11:11.178] DEBUG AbstractDirtiesContextTestExecutionListener.beforeOrAfterTestMethod(AbstractDirtiesContextTestExecutionListener.java:108) - After test method: context [DefaultTestContext@192c3f1e testClass = JunitUserDaoTest, testInstance = com.pcwk.ehr.JunitUserDaoTest@77f80c04, testMethod = getAll@JunitUserDaoTest, testException = [null], mergedContextConfiguration = [MergedContextConfiguration@26b3fd41 testClass = JunitUserDaoTest, locations = '{file:src/main/webapp/WEB-INF/spring/root-context.xml, file:src/main/webapp/WEB-INF/spring/appServlet/servlet-context.xml}', classes = '{}', contextInitializerClasses = '[]', activeProfiles = '{}', propertySourceLocations = '{}', propertySourceProperties = '{}', contextCustomizers = set[[empty]], contextLoader = 'org.springframework.test.context.support.DelegatingSmartContextLoader', parent = [null]], attributes = map['org.springframework.test.context.event.ApplicationEventsTestExecutionListener.recordApplicationEvents' -> false]], class annotated with @DirtiesContext [false] with mode [null], method annotated with @DirtiesContext [false] with mode [null].
[2022-06-15 16:11:11.190] DEBUG DefaultCacheAwareContextLoaderDelegate.loadContext(DefaultCacheAwareContextLoaderDelegate.java:137) - Retrieved ApplicationContext [2001223946] from cache with key [[MergedContextConfiguration@26b3fd41 testClass = JunitUserDaoTest, locations = '{file:src/main/webapp/WEB-INF/spring/root-context.xml, file:src/main/webapp/WEB-INF/spring/appServlet/servlet-context.xml}', classes = '{}', contextInitializerClasses = '[]', activeProfiles = '{}', propertySourceLocations = '{}', propertySourceProperties = '{}', contextCustomizers = set[[empty]], contextLoader = 'org.springframework.test.context.support.DelegatingSmartContextLoader', parent = [null]]]
[2022-06-15 16:11:11.191] DEBUG DefaultContextCache.logStatistics(DefaultContextCache.java:290) - Spring test ApplicationContext cache statistics: [DefaultContextCache@3bd55d8 size = 1, maxSize = 32, parentContextCount = 0, hitCount = 6, missCount = 1]
[2022-06-15 16:11:11.192] DEBUG AbstractDirtiesContextTestExecutionListener.beforeOrAfterTestClass(AbstractDirtiesContextTestExecutionListener.java:143) - After test class: context [DefaultTestContext@192c3f1e testClass = JunitUserDaoTest, testInstance = [null], testMethod = [null], testException = [null], mergedContextConfiguration = [MergedContextConfiguration@26b3fd41 testClass = JunitUserDaoTest, locations = '{file:src/main/webapp/WEB-INF/spring/root-context.xml, file:src/main/webapp/WEB-INF/spring/appServlet/servlet-context.xml}', classes = '{}', contextInitializerClasses = '[]', activeProfiles = '{}', propertySourceLocations = '{}', propertySourceProperties = '{}', contextCustomizers = set[[empty]], contextLoader = 'org.springframework.test.context.support.DelegatingSmartContextLoader', parent = [null]], attributes = map['org.springframework.test.context.event.ApplicationEventsTestExecutionListener.recordApplicationEvents' -> false]], class annotated with @DirtiesContext [false] with mode [null].
[2022-06-15 16:11:11.198] DEBUG AbstractApplicationContext.doClose(AbstractApplicationContext.java:1049) - Closing org.springframework.context.support.GenericApplicationContext@7748410a, started on Wed Jun 15 16:11:05 KST 2022
