[DEBUG], 2022-06-16 14:26:13 SpringJUnit4ClassRunner:139 - SpringJUnit4ClassRunner constructor called with [class com.pcwk.ehr.JunitUserDaoTest]
[DEBUG], 2022-06-16 14:26:13 BootstrapUtils:108 - Instantiating CacheAwareContextLoaderDelegate from class [org.springframework.test.context.cache.DefaultCacheAwareContextLoaderDelegate]
[DEBUG], 2022-06-16 14:26:13 BootstrapUtils:88 - Instantiating BootstrapContext using constructor [public org.springframework.test.context.support.DefaultBootstrapContext(java.lang.Class,org.springframework.test.context.CacheAwareContextLoaderDelegate)]
[DEBUG], 2022-06-16 14:26:13 BootstrapUtils:143 - Instantiating TestContextBootstrapper for test class [com.pcwk.ehr.JunitUserDaoTest] from class [org.springframework.test.context.support.DefaultTestContextBootstrapper]
[DEBUG], 2022-06-16 14:26:13 AbstractDelegatingSmartContextLoader:263 - Delegating to GenericXmlContextLoader to process context configuration [ContextConfigurationAttributes@78691363 declaringClass = 'com.pcwk.ehr.JunitUserDaoTest', classes = '{}', locations = '{file:src/main/webapp/WEB-INF/spring/root-context.xml, file:src/main/webapp/WEB-INF/spring/appServlet/servlet-context.xml}', inheritLocations = true, initializers = '{}', inheritInitializers = true, name = [null], contextLoaderClass = 'org.springframework.test.context.ContextLoader'].
[DEBUG], 2022-06-16 14:26:13 ActiveProfilesUtils:79 - Could not find an 'annotation declaring class' for annotation type [org.springframework.test.context.ActiveProfiles] and class [com.pcwk.ehr.JunitUserDaoTest]
[DEBUG], 2022-06-16 14:26:13 DefaultTestContextBootstrapper:124 - @TestExecutionListeners is not present for class [com.pcwk.ehr.JunitUserDaoTest]: using defaults.
[INFO], 2022-06-16 14:26:13 DefaultTestContextBootstrapper:245 - Loaded default TestExecutionListener class names from location [META-INF/spring.factories]: [org.springframework.test.context.web.ServletTestExecutionListener, org.springframework.test.context.support.DirtiesContextBeforeModesTestExecutionListener, org.springframework.test.context.event.ApplicationEventsTestExecutionListener, org.springframework.test.context.support.DependencyInjectionTestExecutionListener, org.springframework.test.context.support.DirtiesContextTestExecutionListener, org.springframework.test.context.transaction.TransactionalTestExecutionListener, org.springframework.test.context.jdbc.SqlScriptsTestExecutionListener, org.springframework.test.context.event.EventPublishingTestExecutionListener]
[INFO], 2022-06-16 14:26:13 DefaultTestContextBootstrapper:174 - Using TestExecutionListeners: [org.springframework.test.context.web.ServletTestExecutionListener@6ff29830, org.springframework.test.context.support.DirtiesContextBeforeModesTestExecutionListener@6a2b953e, org.springframework.test.context.event.ApplicationEventsTestExecutionListener@313b2ea6, org.springframework.test.context.support.DependencyInjectionTestExecutionListener@2f465398, org.springframework.test.context.support.DirtiesContextTestExecutionListener@548e6d58, org.springframework.test.context.transaction.TransactionalTestExecutionListener@623a8092, org.springframework.test.context.jdbc.SqlScriptsTestExecutionListener@a1cdc6d, org.springframework.test.context.event.EventPublishingTestExecutionListener@175b9425]
[DEBUG], 2022-06-16 14:26:13 ProfileValueUtils:70 - Retrieved @ProfileValueSourceConfiguration [null] for test class [com.pcwk.ehr.JunitUserDaoTest]
[DEBUG], 2022-06-16 14:26:13 ProfileValueUtils:83 - Retrieved ProfileValueSource type [class org.springframework.test.annotation.SystemProfileValueSource] for class [com.pcwk.ehr.JunitUserDaoTest]
[DEBUG], 2022-06-16 14:26:13 ProfileValueUtils:70 - Retrieved @ProfileValueSourceConfiguration [null] for test class [com.pcwk.ehr.JunitUserDaoTest]
[DEBUG], 2022-06-16 14:26:13 ProfileValueUtils:83 - Retrieved ProfileValueSource type [class org.springframework.test.annotation.SystemProfileValueSource] for class [com.pcwk.ehr.JunitUserDaoTest]
[DEBUG], 2022-06-16 14:26:13 ProfileValueUtils:70 - Retrieved @ProfileValueSourceConfiguration [null] for test class [com.pcwk.ehr.JunitUserDaoTest]
[DEBUG], 2022-06-16 14:26:13 ProfileValueUtils:83 - Retrieved ProfileValueSource type [class org.springframework.test.annotation.SystemProfileValueSource] for class [com.pcwk.ehr.JunitUserDaoTest]
[DEBUG], 2022-06-16 14:26:13 ProfileValueUtils:70 - Retrieved @ProfileValueSourceConfiguration [null] for test class [com.pcwk.ehr.JunitUserDaoTest]
[DEBUG], 2022-06-16 14:26:13 ProfileValueUtils:83 - Retrieved ProfileValueSource type [class org.springframework.test.annotation.SystemProfileValueSource] for class [com.pcwk.ehr.JunitUserDaoTest]
[DEBUG], 2022-06-16 14:26:13 ProfileValueUtils:70 - Retrieved @ProfileValueSourceConfiguration [null] for test class [com.pcwk.ehr.JunitUserDaoTest]
[DEBUG], 2022-06-16 14:26:13 ProfileValueUtils:83 - Retrieved ProfileValueSource type [class org.springframework.test.annotation.SystemProfileValueSource] for class [com.pcwk.ehr.JunitUserDaoTest]
[DEBUG], 2022-06-16 14:26:13 ProfileValueUtils:70 - Retrieved @ProfileValueSourceConfiguration [null] for test class [com.pcwk.ehr.JunitUserDaoTest]
[DEBUG], 2022-06-16 14:26:13 ProfileValueUtils:83 - Retrieved ProfileValueSource type [class org.springframework.test.annotation.SystemProfileValueSource] for class [com.pcwk.ehr.JunitUserDaoTest]
[DEBUG], 2022-06-16 14:26:13 AbstractDirtiesContextTestExecutionListener:143 - Before test class: context [DefaultTestContext@236e3f4e testClass = JunitUserDaoTest, testInstance = [null], testMethod = [null], testException = [null], mergedContextConfiguration = [MergedContextConfiguration@3cc1435c testClass = JunitUserDaoTest, locations = '{file:src/main/webapp/WEB-INF/spring/root-context.xml, file:src/main/webapp/WEB-INF/spring/appServlet/servlet-context.xml}', classes = '{}', contextInitializerClasses = '[]', activeProfiles = '{}', propertySourceLocations = '{}', propertySourceProperties = '{}', contextCustomizers = set[[empty]], contextLoader = 'org.springframework.test.context.support.DelegatingSmartContextLoader', parent = [null]], attributes = map[[empty]]], class annotated with @DirtiesContext [false] with mode [null].
[DEBUG], 2022-06-16 14:26:13 ProfileValueUtils:70 - Retrieved @ProfileValueSourceConfiguration [null] for test class [com.pcwk.ehr.JunitUserDaoTest]
[DEBUG], 2022-06-16 14:26:13 ProfileValueUtils:83 - Retrieved ProfileValueSource type [class org.springframework.test.annotation.SystemProfileValueSource] for class [com.pcwk.ehr.JunitUserDaoTest]
[DEBUG], 2022-06-16 14:26:13 DependencyInjectionTestExecutionListener:81 - Performing dependency injection for test context [[DefaultTestContext@236e3f4e testClass = JunitUserDaoTest, testInstance = com.pcwk.ehr.JunitUserDaoTest@53aad5d5, testMethod = [null], testException = [null], mergedContextConfiguration = [MergedContextConfiguration@3cc1435c testClass = JunitUserDaoTest, locations = '{file:src/main/webapp/WEB-INF/spring/root-context.xml, file:src/main/webapp/WEB-INF/spring/appServlet/servlet-context.xml}', classes = '{}', contextInitializerClasses = '[]', activeProfiles = '{}', propertySourceLocations = '{}', propertySourceProperties = '{}', contextCustomizers = set[[empty]], contextLoader = 'org.springframework.test.context.support.DelegatingSmartContextLoader', parent = [null]], attributes = map['org.springframework.test.context.event.ApplicationEventsTestExecutionListener.recordApplicationEvents' -> false]]].
[DEBUG], 2022-06-16 14:26:13 AbstractDelegatingSmartContextLoader:273 - Delegating to GenericXmlContextLoader to load context from [MergedContextConfiguration@3cc1435c testClass = JunitUserDaoTest, locations = '{file:src/main/webapp/WEB-INF/spring/root-context.xml, file:src/main/webapp/WEB-INF/spring/appServlet/servlet-context.xml}', classes = '{}', contextInitializerClasses = '[]', activeProfiles = '{}', propertySourceLocations = '{}', propertySourceProperties = '{}', contextCustomizers = set[[empty]], contextLoader = 'org.springframework.test.context.support.DelegatingSmartContextLoader', parent = [null]].
[DEBUG], 2022-06-16 14:26:13 AbstractGenericContextLoader:107 - Loading ApplicationContext for merged context configuration [[MergedContextConfiguration@3cc1435c testClass = JunitUserDaoTest, locations = '{file:src/main/webapp/WEB-INF/spring/root-context.xml, file:src/main/webapp/WEB-INF/spring/appServlet/servlet-context.xml}', classes = '{}', contextInitializerClasses = '[]', activeProfiles = '{}', propertySourceLocations = '{}', propertySourceProperties = '{}', contextCustomizers = set[[empty]], contextLoader = 'org.springframework.test.context.support.DelegatingSmartContextLoader', parent = [null]]].
[DEBUG], 2022-06-16 14:26:13 StandardEnvironment:302 - Activating profiles []
[DEBUG], 2022-06-16 14:26:14 XmlBeanDefinitionReader:393 - Loaded 12 bean definitions from URL [file:src/main/webapp/WEB-INF/spring/root-context.xml]
[DEBUG], 2022-06-16 14:26:14 ClassPathBeanDefinitionScanner:435 - Identified candidate component class: file [C:\DCOM_20220127\04_SPRING\workspace\SW_SH16_02\target\classes\com\pcwk\ehr\HomeController.class]
[DEBUG], 2022-06-16 14:26:14 ClassPathBeanDefinitionScanner:435 - Identified candidate component class: file [C:\DCOM_20220127\04_SPRING\workspace\SW_SH16_02\target\classes\com\pcwk\ehr\user\dao\UserDaoImpl.class]
[DEBUG], 2022-06-16 14:26:14 ClassPathBeanDefinitionScanner:435 - Identified candidate component class: file [C:\DCOM_20220127\04_SPRING\workspace\SW_SH16_02\target\classes\com\pcwk\ehr\user\service\UserServiceImpl.class]
[DEBUG], 2022-06-16 14:26:14 XmlBeanDefinitionReader:393 - Loaded 33 bean definitions from URL [file:src/main/webapp/WEB-INF/spring/appServlet/servlet-context.xml]
[DEBUG], 2022-06-16 14:26:14 DefaultListableBeanFactory:225 - Creating shared instance of singleton bean 'org.springframework.context.annotation.internalConfigurationAnnotationProcessor'
[DEBUG], 2022-06-16 14:26:14 DefaultListableBeanFactory:225 - Creating shared instance of singleton bean 'org.springframework.context.support.PropertySourcesPlaceholderConfigurer#0'
[DEBUG], 2022-06-16 14:26:14 PropertySourcesPropertyResolver:115 - Found key 'jdbc.driver' in PropertySource 'localProperties' with value of type String
[DEBUG], 2022-06-16 14:26:14 PropertySourcesPropertyResolver:115 - Found key 'jdbc.url' in PropertySource 'localProperties' with value of type String
[DEBUG], 2022-06-16 14:26:14 PropertySourcesPropertyResolver:115 - Found key 'jdbc.username' in PropertySource 'localProperties' with value of type String
[DEBUG], 2022-06-16 14:26:14 PropertySourcesPropertyResolver:115 - Found key 'jdbc.password' in PropertySource 'localProperties' with value of type String
[DEBUG], 2022-06-16 14:26:14 PropertySourcesPropertyResolver:115 - Found key 'jdbc.maxActive' in PropertySource 'localProperties' with value of type String
[DEBUG], 2022-06-16 14:26:14 PropertySourcesPropertyResolver:115 - Found key 'jdbc.maxIdle' in PropertySource 'localProperties' with value of type String
[DEBUG], 2022-06-16 14:26:14 PropertySourcesPropertyResolver:115 - Found key 'jdbc.maxWait' in PropertySource 'localProperties' with value of type String
[DEBUG], 2022-06-16 14:26:14 PropertySourcesPropertyResolver:115 - Found key 'jdbc.removeAbandoned' in PropertySource 'localProperties' with value of type String
[DEBUG], 2022-06-16 14:26:14 PropertySourcesPropertyResolver:115 - Found key 'jdbc.removeAbandonedTimeout' in PropertySource 'localProperties' with value of type String
[DEBUG], 2022-06-16 14:26:14 DefaultListableBeanFactory:225 - Creating shared instance of singleton bean 'org.springframework.context.event.internalEventListenerProcessor'
[DEBUG], 2022-06-16 14:26:14 DefaultListableBeanFactory:225 - Creating shared instance of singleton bean 'org.springframework.context.event.internalEventListenerFactory'
[DEBUG], 2022-06-16 14:26:14 DefaultListableBeanFactory:225 - Creating shared instance of singleton bean 'org.springframework.context.annotation.internalAutowiredAnnotationProcessor'
[DEBUG], 2022-06-16 14:26:14 DefaultListableBeanFactory:225 - Creating shared instance of singleton bean 'org.springframework.context.annotation.internalCommonAnnotationProcessor'
[DEBUG], 2022-06-16 14:26:14 DefaultListableBeanFactory:225 - Creating shared instance of singleton bean 'org.springframework.aop.config.internalAutoProxyCreator'
[DEBUG], 2022-06-16 14:26:15 DefaultListableBeanFactory:225 - Creating shared instance of singleton bean 'sqlSessionTemplate'
[DEBUG], 2022-06-16 14:26:15 DefaultListableBeanFactory:225 - Creating shared instance of singleton bean 'org.springframework.aop.support.DefaultBeanFactoryPointcutAdvisor#0'
[DEBUG], 2022-06-16 14:26:15 DefaultListableBeanFactory:225 - Creating shared instance of singleton bean 'sqlSessionFactoryBean'
[DEBUG], 2022-06-16 14:26:15 DefaultListableBeanFactory:225 - Creating shared instance of singleton bean 'dataSource'
[DEBUG], 2022-06-16 14:26:15 debug:372 - log4jdbc-logj2 properties initialization...
[DEBUG], 2022-06-16 14:26:15 debug:372 - Using logger: null
[DEBUG], 2022-06-16 14:26:15 debug:372 - x log4jdbc.debug.stack.prefix is not defined
[DEBUG], 2022-06-16 14:26:15 debug:372 - x log4jdbc.sqltiming.warn.threshold is not defined
[DEBUG], 2022-06-16 14:26:15 debug:372 - x log4jdbc.sqltiming.error.threshold is not defined
[DEBUG], 2022-06-16 14:26:15 debug:372 - x log4jdbc.dump.booleanastruefalse is not defined (using default value false)
[DEBUG], 2022-06-16 14:26:15 debug:372 - x log4jdbc.dump.sql.maxlinelength is not defined (using default of 90)
[DEBUG], 2022-06-16 14:26:15 debug:372 - x log4jdbc.dump.fulldebugstacktrace is not defined (using default value false)
[DEBUG], 2022-06-16 14:26:15 debug:372 - x log4jdbc.statement.warn is not defined (using default value false)
[DEBUG], 2022-06-16 14:26:15 debug:372 - x log4jdbc.dump.sql.select is not defined (using default value true)
[DEBUG], 2022-06-16 14:26:15 debug:372 - x log4jdbc.dump.sql.insert is not defined (using default value true)
[DEBUG], 2022-06-16 14:26:15 debug:372 - x log4jdbc.dump.sql.update is not defined (using default value true)
[DEBUG], 2022-06-16 14:26:15 debug:372 - x log4jdbc.dump.sql.delete is not defined (using default value true)
[DEBUG], 2022-06-16 14:26:15 debug:372 - x log4jdbc.dump.sql.create is not defined (using default value true)
[DEBUG], 2022-06-16 14:26:15 debug:372 - x log4jdbc.dump.sql.addsemicolon is not defined (using default value false)
[DEBUG], 2022-06-16 14:26:15 debug:372 - x log4jdbc.auto.load.popular.drivers is not defined (using default value true)
[DEBUG], 2022-06-16 14:26:15 debug:372 - x log4jdbc.drivers is not defined
[DEBUG], 2022-06-16 14:26:15 debug:372 - x log4jdbc.trim.sql is not defined (using default value true)
[DEBUG], 2022-06-16 14:26:15 debug:372 - x log4jdbc.trim.sql.extrablanklines is not defined (using default value true)
[DEBUG], 2022-06-16 14:26:15 debug:372 - x log4jdbc.suppress.generated.keys.exception is not defined (using default value false)
[DEBUG], 2022-06-16 14:26:15 debug:372 - log4jdbc-logj2 properties initialization done.
[DEBUG], 2022-06-16 14:26:15 debug:372 - DriverSpy intialization...
[DEBUG], 2022-06-16 14:26:15 debug:372 -   FOUND DRIVER oracle.jdbc.OracleDriver
[DEBUG], 2022-06-16 14:26:15 debug:372 -   FOUND DRIVER oracle.jdbc.driver.OracleDriver
[DEBUG], 2022-06-16 14:26:15 debug:372 - DriverSpy intialization done.
[DEBUG], 2022-06-16 14:26:15 LogFactory:105 - Logging initialized using 'class org.apache.ibatis.logging.log4j2.Log4j2Impl' adapter.
[DEBUG], 2022-06-16 14:26:16 DefaultListableBeanFactory:225 - Creating shared instance of singleton bean 'jdbcTemplate'
[DEBUG], 2022-06-16 14:26:16 DefaultListableBeanFactory:225 - Creating shared instance of singleton bean 'dummyMailSender'
[DEBUG], 2022-06-16 14:26:16 DefaultListableBeanFactory:225 - Creating shared instance of singleton bean 'mailSenderImpl'
[DEBUG], 2022-06-16 14:26:16 DefaultListableBeanFactory:225 - Creating shared instance of singleton bean 'transactionManager'
[DEBUG], 2022-06-16 14:26:16 DefaultListableBeanFactory:225 - Creating shared instance of singleton bean 'txAdvice'
[DEBUG], 2022-06-16 14:26:16 NameMatchTransactionAttributeSource:102 - Adding transactional method [do*] with attribute [PROPAGATION_REQUIRED,ISOLATION_DEFAULT,readOnly]
[DEBUG], 2022-06-16 14:26:16 NameMatchTransactionAttributeSource:102 - Adding transactional method [up*] with attribute [PROPAGATION_REQUIRED,ISOLATION_DEFAULT]
[DEBUG], 2022-06-16 14:26:16 DefaultListableBeanFactory:225 - Creating shared instance of singleton bean 'mvcContentNegotiationManager'
[DEBUG], 2022-06-16 14:26:16 DefaultListableBeanFactory:225 - Creating shared instance of singleton bean 'org.springframework.web.servlet.mvc.method.annotation.RequestMappingHandlerMapping'
[DEBUG], 2022-06-16 14:26:16 DefaultListableBeanFactory:225 - Creating shared instance of singleton bean 'mvcCorsConfigurations'
[DEBUG], 2022-06-16 14:26:16 DefaultListableBeanFactory:225 - Creating shared instance of singleton bean 'org.springframework.web.servlet.handler.MappedInterceptor#0'
[DEBUG], 2022-06-16 14:26:16 DefaultListableBeanFactory:225 - Creating shared instance of singleton bean 'org.springframework.format.support.FormattingConversionServiceFactoryBean#0'
[DEBUG], 2022-06-16 14:26:16 DefaultListableBeanFactory:225 - Creating shared instance of singleton bean 'org.springframework.web.servlet.handler.MappedInterceptor#1'
[DEBUG], 2022-06-16 14:26:17 RequestMappingHandlerMapping:367 - 1 mappings in 'org.springframework.web.servlet.mvc.method.annotation.RequestMappingHandlerMapping'
[DEBUG], 2022-06-16 14:26:17 DefaultListableBeanFactory:225 - Creating shared instance of singleton bean 'org.springframework.web.servlet.mvc.method.annotation.RequestMappingHandlerAdapter'
[DEBUG], 2022-06-16 14:26:17 RequestMappingHandlerAdapter:622 - ControllerAdvice beans: none
[DEBUG], 2022-06-16 14:26:17 DefaultListableBeanFactory:225 - Creating shared instance of singleton bean 'mvcUriComponentsContributor'
[DEBUG], 2022-06-16 14:26:17 RequestMappingHandlerAdapter:622 - ControllerAdvice beans: none
[DEBUG], 2022-06-16 14:26:17 DefaultListableBeanFactory:225 - Creating shared instance of singleton bean 'org.springframework.web.servlet.mvc.method.annotation.ExceptionHandlerExceptionResolver#0'
[DEBUG], 2022-06-16 14:26:17 ExceptionHandlerExceptionResolver:304 - ControllerAdvice beans: none
[DEBUG], 2022-06-16 14:26:17 DefaultListableBeanFactory:225 - Creating shared instance of singleton bean 'org.springframework.web.servlet.mvc.annotation.ResponseStatusExceptionResolver#0'
[DEBUG], 2022-06-16 14:26:17 DefaultListableBeanFactory:225 - Creating shared instance of singleton bean 'org.springframework.web.servlet.mvc.support.DefaultHandlerExceptionResolver#0'
[DEBUG], 2022-06-16 14:26:17 DefaultListableBeanFactory:225 - Creating shared instance of singleton bean 'org.springframework.web.servlet.handler.BeanNameUrlHandlerMapping'
[DEBUG], 2022-06-16 14:26:17 Mappings:86 - 'org.springframework.web.servlet.handler.BeanNameUrlHandlerMapping' {}
[DEBUG], 2022-06-16 14:26:17 DefaultListableBeanFactory:225 - Creating shared instance of singleton bean 'org.springframework.web.servlet.mvc.HttpRequestHandlerAdapter'
[DEBUG], 2022-06-16 14:26:17 DefaultListableBeanFactory:225 - Creating shared instance of singleton bean 'org.springframework.web.servlet.mvc.SimpleControllerHandlerAdapter'
[DEBUG], 2022-06-16 14:26:17 DefaultListableBeanFactory:225 - Creating shared instance of singleton bean 'localeResolver'
[DEBUG], 2022-06-16 14:26:17 DefaultListableBeanFactory:225 - Creating shared instance of singleton bean 'themeResolver'
[DEBUG], 2022-06-16 14:26:17 DefaultListableBeanFactory:225 - Creating shared instance of singleton bean 'viewNameTranslator'
[DEBUG], 2022-06-16 14:26:17 DefaultListableBeanFactory:225 - Creating shared instance of singleton bean 'flashMapManager'
[DEBUG], 2022-06-16 14:26:17 DefaultListableBeanFactory:225 - Creating shared instance of singleton bean 'mvcResourceUrlProvider'
[DEBUG], 2022-06-16 14:26:17 DefaultListableBeanFactory:225 - Creating shared instance of singleton bean 'mvcPathMatcher'
[DEBUG], 2022-06-16 14:26:17 DefaultListableBeanFactory:225 - Creating shared instance of singleton bean 'mvcUrlPathHelper'
[DEBUG], 2022-06-16 14:26:17 DefaultListableBeanFactory:225 - Creating shared instance of singleton bean 'org.springframework.web.servlet.resource.ResourceHttpRequestHandler#0'
[DEBUG], 2022-06-16 14:26:17 DefaultListableBeanFactory:225 - Creating shared instance of singleton bean 'org.springframework.web.servlet.handler.SimpleUrlHandlerMapping#0'
[DEBUG], 2022-06-16 14:26:17 Mappings:177 - 'org.springframework.web.servlet.handler.SimpleUrlHandlerMapping#0' {/resources/**=ResourceHttpRequestHandler [classpath [resources/]]}
[DEBUG], 2022-06-16 14:26:17 DefaultListableBeanFactory:225 - Creating shared instance of singleton bean 'org.springframework.web.servlet.view.InternalResourceViewResolver#0'
[DEBUG], 2022-06-16 14:26:17 DefaultListableBeanFactory:225 - Creating shared instance of singleton bean 'homeController'
[DEBUG], 2022-06-16 14:26:17 DefaultListableBeanFactory:225 - Creating shared instance of singleton bean 'userDao'
[DEBUG], 2022-06-16 14:26:17 DefaultListableBeanFactory:225 - Creating shared instance of singleton bean 'userService'
[DEBUG], 2022-06-16 14:26:17 DefaultCacheAwareContextLoaderDelegate:126 - Storing ApplicationContext [1631086936] in cache under key [[MergedContextConfiguration@3cc1435c testClass = JunitUserDaoTest, locations = '{file:src/main/webapp/WEB-INF/spring/root-context.xml, file:src/main/webapp/WEB-INF/spring/appServlet/servlet-context.xml}', classes = '{}', contextInitializerClasses = '[]', activeProfiles = '{}', propertySourceLocations = '{}', propertySourceProperties = '{}', contextCustomizers = set[[empty]], contextLoader = 'org.springframework.test.context.support.DelegatingSmartContextLoader', parent = [null]]]
[DEBUG], 2022-06-16 14:26:17 cache:290 - Spring test ApplicationContext cache statistics: [DefaultContextCache@3b0ca5e1 size = 1, maxSize = 32, parentContextCount = 0, hitCount = 0, missCount = 1]
[DEBUG], 2022-06-16 14:26:17 DefaultCacheAwareContextLoaderDelegate:137 - Retrieved ApplicationContext [1631086936] from cache with key [[MergedContextConfiguration@3cc1435c testClass = JunitUserDaoTest, locations = '{file:src/main/webapp/WEB-INF/spring/root-context.xml, file:src/main/webapp/WEB-INF/spring/appServlet/servlet-context.xml}', classes = '{}', contextInitializerClasses = '[]', activeProfiles = '{}', propertySourceLocations = '{}', propertySourceProperties = '{}', contextCustomizers = set[[empty]], contextLoader = 'org.springframework.test.context.support.DelegatingSmartContextLoader', parent = [null]]]
[DEBUG], 2022-06-16 14:26:17 cache:290 - Spring test ApplicationContext cache statistics: [DefaultContextCache@3b0ca5e1 size = 1, maxSize = 32, parentContextCount = 0, hitCount = 1, missCount = 1]
[DEBUG], 2022-06-16 14:26:17 AbstractDirtiesContextTestExecutionListener:108 - Before test method: context [DefaultTestContext@236e3f4e testClass = JunitUserDaoTest, testInstance = com.pcwk.ehr.JunitUserDaoTest@53aad5d5, testMethod = doRetrieve@JunitUserDaoTest, testException = [null], mergedContextConfiguration = [MergedContextConfiguration@3cc1435c testClass = JunitUserDaoTest, locations = '{file:src/main/webapp/WEB-INF/spring/root-context.xml, file:src/main/webapp/WEB-INF/spring/appServlet/servlet-context.xml}', classes = '{}', contextInitializerClasses = '[]', activeProfiles = '{}', propertySourceLocations = '{}', propertySourceProperties = '{}', contextCustomizers = set[[empty]], contextLoader = 'org.springframework.test.context.support.DelegatingSmartContextLoader', parent = [null]], attributes = map['org.springframework.test.context.event.ApplicationEventsTestExecutionListener.recordApplicationEvents' -> false]], class annotated with @DirtiesContext [false] with mode [null], method annotated with @DirtiesContext [false] with mode [null].
[DEBUG], 2022-06-16 14:26:17 DefaultCacheAwareContextLoaderDelegate:137 - Retrieved ApplicationContext [1631086936] from cache with key [[MergedContextConfiguration@3cc1435c testClass = JunitUserDaoTest, locations = '{file:src/main/webapp/WEB-INF/spring/root-context.xml, file:src/main/webapp/WEB-INF/spring/appServlet/servlet-context.xml}', classes = '{}', contextInitializerClasses = '[]', activeProfiles = '{}', propertySourceLocations = '{}', propertySourceProperties = '{}', contextCustomizers = set[[empty]], contextLoader = 'org.springframework.test.context.support.DelegatingSmartContextLoader', parent = [null]]]
[DEBUG], 2022-06-16 14:26:17 cache:290 - Spring test ApplicationContext cache statistics: [DefaultContextCache@3b0ca5e1 size = 1, maxSize = 32, parentContextCount = 0, hitCount = 2, missCount = 1]
[DEBUG], 2022-06-16 14:26:17 JunitUserDaoTest:47 - =======================
[DEBUG], 2022-06-16 14:26:17 JunitUserDaoTest:48 - =0. setUp()=
[DEBUG], 2022-06-16 14:26:17 JunitUserDaoTest:49 - =======================
[DEBUG], 2022-06-16 14:26:17 JunitUserDaoTest:56 - context:org.springframework.context.support.GenericApplicationContext@61386958, started on Thu Jun 16 14:26:14 KST 2022
[DEBUG], 2022-06-16 14:26:17 JunitUserDaoTest:57 - dao:com.pcwk.ehr.user.dao.UserDaoImpl@4463d9d3
[DEBUG], 2022-06-16 14:26:17 DefaultCacheAwareContextLoaderDelegate:137 - Retrieved ApplicationContext [1631086936] from cache with key [[MergedContextConfiguration@3cc1435c testClass = JunitUserDaoTest, locations = '{file:src/main/webapp/WEB-INF/spring/root-context.xml, file:src/main/webapp/WEB-INF/spring/appServlet/servlet-context.xml}', classes = '{}', contextInitializerClasses = '[]', activeProfiles = '{}', propertySourceLocations = '{}', propertySourceProperties = '{}', contextCustomizers = set[[empty]], contextLoader = 'org.springframework.test.context.support.DelegatingSmartContextLoader', parent = [null]]]
[DEBUG], 2022-06-16 14:26:17 cache:290 - Spring test ApplicationContext cache statistics: [DefaultContextCache@3b0ca5e1 size = 1, maxSize = 32, parentContextCount = 0, hitCount = 3, missCount = 1]
[DEBUG], 2022-06-16 14:26:17 UserDaoImpl:199 - ============================
[DEBUG], 2022-06-16 14:26:17 UserDaoImpl:200 - param : SearchVO [pageSize=10, pageNum=1, searchDiv=20, searchWord=김, toString()=DTO [num=0, totalCnt=0]]
[DEBUG], 2022-06-16 14:26:17 UserDaoImpl:201 - statement : com.pcwk.ehr.user.doRetrieve
[DEBUG], 2022-06-16 14:26:17 UserDaoImpl:202 - ============================
[DEBUG], 2022-06-16 14:26:17 SqlSessionUtils:49 - Creating a new SqlSession
[DEBUG], 2022-06-16 14:26:17 SqlSessionUtils:49 - SqlSession [org.apache.ibatis.session.defaults.DefaultSqlSession@6579c3d9] was not registered for synchronization because synchronization is not active
[DEBUG], 2022-06-16 14:26:17 DataSourceUtils:116 - Fetching JDBC Connection from DataSource
[DEBUG], 2022-06-16 14:26:20 SpringManagedTransaction:49 - JDBC Connection [jdbc:oracle:thin:@192.168.3.101:1521:xe, UserName=SPRING, Oracle JDBC driver] will not be managed by Spring
[DEBUG], 2022-06-16 14:26:20 doRetrieve:137 - ==>  Preparing: SELECT A.*, B.* FROM( SELECT TT1.rnum AS num, TT1.u_id AS "uId", TT1.name, TT1.passwd, TT1.u_level AS intLevel, TT1.recommend, TT1.email, --reg_dt가 당일이면 HH24:MI DECODE(TO_CHAR(SYSDATE, 'YYYYMMDD'),TO_CHAR(TT1.reg_dt,'YYYYMMDD') ,TO_CHAR(TT1.reg_dt,'HH24:MI') ,TO_CHAR(TT1.reg_dt,'YYYY-MM-DD') ) regDt FROM( SELECT ROWNUM AS RNUM, T1.* FROM( SELECT * FROM hr_member --검색조건 WHERE name LIKE ? || '%' ORDER BY reg_dt DESC )T1 WHERE ROWNUM < = ? *(?-1)+? )TT1 WHERE rnum >= (?*(?-1)+1) )A CROSS JOIN ( SELECT COUNT(*) AS totalCnt FROM hr_member --검색조건 WHERE name LIKE ? || '%' )B
[DEBUG], 2022-06-16 14:26:20 doRetrieve:137 - ==> Parameters: 김(String), 10(Integer), 1(Integer), 10(Integer), 10(Integer), 1(Integer), 김(String)
[DEBUG], 2022-06-16 14:26:20 doRetrieve:137 - <==      Total: 0
[DEBUG], 2022-06-16 14:26:20 SqlSessionUtils:49 - Closing non transactional SqlSession [org.apache.ibatis.session.defaults.DefaultSqlSession@6579c3d9]
[DEBUG], 2022-06-16 14:26:20 DefaultCacheAwareContextLoaderDelegate:137 - Retrieved ApplicationContext [1631086936] from cache with key [[MergedContextConfiguration@3cc1435c testClass = JunitUserDaoTest, locations = '{file:src/main/webapp/WEB-INF/spring/root-context.xml, file:src/main/webapp/WEB-INF/spring/appServlet/servlet-context.xml}', classes = '{}', contextInitializerClasses = '[]', activeProfiles = '{}', propertySourceLocations = '{}', propertySourceProperties = '{}', contextCustomizers = set[[empty]], contextLoader = 'org.springframework.test.context.support.DelegatingSmartContextLoader', parent = [null]]]
[DEBUG], 2022-06-16 14:26:20 cache:290 - Spring test ApplicationContext cache statistics: [DefaultContextCache@3b0ca5e1 size = 1, maxSize = 32, parentContextCount = 0, hitCount = 4, missCount = 1]
[DEBUG], 2022-06-16 14:26:20 JunitUserDaoTest:220 - =======================
[DEBUG], 2022-06-16 14:26:20 JunitUserDaoTest:221 - =9. tearDown()=
[DEBUG], 2022-06-16 14:26:20 JunitUserDaoTest:222 - =======================
[DEBUG], 2022-06-16 14:26:20 DefaultCacheAwareContextLoaderDelegate:137 - Retrieved ApplicationContext [1631086936] from cache with key [[MergedContextConfiguration@3cc1435c testClass = JunitUserDaoTest, locations = '{file:src/main/webapp/WEB-INF/spring/root-context.xml, file:src/main/webapp/WEB-INF/spring/appServlet/servlet-context.xml}', classes = '{}', contextInitializerClasses = '[]', activeProfiles = '{}', propertySourceLocations = '{}', propertySourceProperties = '{}', contextCustomizers = set[[empty]], contextLoader = 'org.springframework.test.context.support.DelegatingSmartContextLoader', parent = [null]]]
[DEBUG], 2022-06-16 14:26:20 cache:290 - Spring test ApplicationContext cache statistics: [DefaultContextCache@3b0ca5e1 size = 1, maxSize = 32, parentContextCount = 0, hitCount = 5, missCount = 1]
[DEBUG], 2022-06-16 14:26:20 AbstractDirtiesContextTestExecutionListener:108 - After test method: context [DefaultTestContext@236e3f4e testClass = JunitUserDaoTest, testInstance = com.pcwk.ehr.JunitUserDaoTest@53aad5d5, testMethod = doRetrieve@JunitUserDaoTest, testException = [null], mergedContextConfiguration = [MergedContextConfiguration@3cc1435c testClass = JunitUserDaoTest, locations = '{file:src/main/webapp/WEB-INF/spring/root-context.xml, file:src/main/webapp/WEB-INF/spring/appServlet/servlet-context.xml}', classes = '{}', contextInitializerClasses = '[]', activeProfiles = '{}', propertySourceLocations = '{}', propertySourceProperties = '{}', contextCustomizers = set[[empty]], contextLoader = 'org.springframework.test.context.support.DelegatingSmartContextLoader', parent = [null]], attributes = map['org.springframework.test.context.event.ApplicationEventsTestExecutionListener.recordApplicationEvents' -> false]], class annotated with @DirtiesContext [false] with mode [null], method annotated with @DirtiesContext [false] with mode [null].
[DEBUG], 2022-06-16 14:26:20 DefaultCacheAwareContextLoaderDelegate:137 - Retrieved ApplicationContext [1631086936] from cache with key [[MergedContextConfiguration@3cc1435c testClass = JunitUserDaoTest, locations = '{file:src/main/webapp/WEB-INF/spring/root-context.xml, file:src/main/webapp/WEB-INF/spring/appServlet/servlet-context.xml}', classes = '{}', contextInitializerClasses = '[]', activeProfiles = '{}', propertySourceLocations = '{}', propertySourceProperties = '{}', contextCustomizers = set[[empty]], contextLoader = 'org.springframework.test.context.support.DelegatingSmartContextLoader', parent = [null]]]
[DEBUG], 2022-06-16 14:26:20 cache:290 - Spring test ApplicationContext cache statistics: [DefaultContextCache@3b0ca5e1 size = 1, maxSize = 32, parentContextCount = 0, hitCount = 6, missCount = 1]
[DEBUG], 2022-06-16 14:26:20 AbstractDirtiesContextTestExecutionListener:143 - After test class: context [DefaultTestContext@236e3f4e testClass = JunitUserDaoTest, testInstance = [null], testMethod = [null], testException = [null], mergedContextConfiguration = [MergedContextConfiguration@3cc1435c testClass = JunitUserDaoTest, locations = '{file:src/main/webapp/WEB-INF/spring/root-context.xml, file:src/main/webapp/WEB-INF/spring/appServlet/servlet-context.xml}', classes = '{}', contextInitializerClasses = '[]', activeProfiles = '{}', propertySourceLocations = '{}', propertySourceProperties = '{}', contextCustomizers = set[[empty]], contextLoader = 'org.springframework.test.context.support.DelegatingSmartContextLoader', parent = [null]], attributes = map['org.springframework.test.context.event.ApplicationEventsTestExecutionListener.recordApplicationEvents' -> false]], class annotated with @DirtiesContext [false] with mode [null].
[DEBUG], 2022-06-16 14:26:20 GenericApplicationContext:1049 - Closing org.springframework.context.support.GenericApplicationContext@61386958, started on Thu Jun 16 14:26:14 KST 2022
