[2022-06-24 15:20:35.718] INFO  Log4j2SpyLogDelegator.sqlTimingOccurred(Log4j2SpyLogDelegator.java:243) -  org.apache.commons.dbcp.DelegatingPreparedStatement.execute(DelegatingPreparedStatement.java:172)
2. DELETE FROM pc_board WHERE seq = 270  {executed in 35 ms}
[2022-06-24 15:20:35.759] INFO  Log4j2SpyLogDelegator.methodReturned(Log4j2SpyLogDelegator.java:197) -  org.apache.commons.dbcp.DelegatingPreparedStatement.execute(DelegatingPreparedStatement.java:172)
2. PreparedStatement.execute() returned false
[2022-06-24 15:20:35.759] INFO  Log4j2SpyLogDelegator.methodReturned(Log4j2SpyLogDelegator.java:197) -  org.apache.commons.dbcp.DelegatingStatement.getUpdateCount(DelegatingStatement.java:267)
2. PreparedStatement.getUpdateCount() returned 1
[2022-06-24 15:20:35.760] DEBUG BaseJdbcLogger.debug(BaseJdbcLogger.java:137) - <==    Updates: 1
[2022-06-24 15:20:35.760] INFO  Log4j2SpyLogDelegator.methodReturned(Log4j2SpyLogDelegator.java:197) -  org.apache.commons.dbcp.DelegatingStatement.close(DelegatingStatement.java:168)
2. PreparedStatement.close() returned 
[2022-06-24 15:20:35.761] DEBUG Logger.debug(Logger.java:49) - Closing non transactional SqlSession [org.apache.ibatis.session.defaults.DefaultSqlSession@4b2e3e8f]
[2022-06-24 15:20:35.761] INFO  Log4j2SpyLogDelegator.methodReturned(Log4j2SpyLogDelegator.java:197) -  org.apache.commons.dbcp.PoolableConnection.close(PoolableConnection.java:72)
2. Connection.isClosed() returned false
[2022-06-24 15:20:35.761] INFO  Log4j2SpyLogDelegator.methodReturned(Log4j2SpyLogDelegator.java:197) -  org.apache.commons.dbcp.DelegatingConnection.getAutoCommit(DelegatingConnection.java:337)
2. Connection.getAutoCommit() returned true
[2022-06-24 15:20:35.762] INFO  Log4j2SpyLogDelegator.methodReturned(Log4j2SpyLogDelegator.java:197) -  org.apache.commons.dbcp.DelegatingConnection.clearWarnings(DelegatingConnection.java:331)
2. Connection.clearWarnings() returned 
[2022-06-24 15:20:35.762] INFO  Log4j2SpyLogDelegator.methodReturned(Log4j2SpyLogDelegator.java:197) -  org.apache.commons.dbcp.DelegatingConnection.getAutoCommit(DelegatingConnection.java:337)
2. Connection.getAutoCommit() returned true
[2022-06-24 15:20:35.762] DEBUG BoardDaoImpl.doDelete(BoardDaoImpl.java:49) - flag:1
[2022-06-24 15:20:35.762] DEBUG BoardDaoImpl.doDelete(BoardDaoImpl.java:43) - ==============================
[2022-06-24 15:20:35.762] DEBUG BoardDaoImpl.doDelete(BoardDaoImpl.java:44) - param:BoardVO [seq=2700, title=제목_2700, contents=내용_2700, readCnt=0, div=10, regDt=날짜_사용안함, regId=최유빈, modDt=날짜_사용안함, modId=최유빈, toString()=DTO [num=0, totalCnt=0]]
[2022-06-24 15:20:35.763] DEBUG BoardDaoImpl.doDelete(BoardDaoImpl.java:45) - statement:com.pcwk.ehr.board.doDelete
[2022-06-24 15:20:35.763] DEBUG BoardDaoImpl.doDelete(BoardDaoImpl.java:46) - ==============================
[2022-06-24 15:20:35.763] DEBUG Logger.debug(Logger.java:49) - Creating a new SqlSession
[2022-06-24 15:20:35.763] DEBUG Logger.debug(Logger.java:49) - SqlSession [org.apache.ibatis.session.defaults.DefaultSqlSession@7aa9e414] was not registered for synchronization because synchronization is not active
[2022-06-24 15:20:35.763] DEBUG DataSourceUtils.doGetConnection(DataSourceUtils.java:116) - Fetching JDBC Connection from DataSource
[2022-06-24 15:20:35.763] INFO  Log4j2SpyLogDelegator.methodReturned(Log4j2SpyLogDelegator.java:197) -  org.apache.commons.dbcp.DelegatingConnection.getAutoCommit(DelegatingConnection.java:337)
2. Connection.getAutoCommit() returned true
[2022-06-24 15:20:35.764] INFO  Log4j2SpyLogDelegator.methodReturned(Log4j2SpyLogDelegator.java:197) -  org.apache.commons.dbcp.DelegatingConnection.getAutoCommit(DelegatingConnection.java:337)
2. Connection.getAutoCommit() returned true
[2022-06-24 15:20:35.764] INFO  Log4j2SpyLogDelegator.methodReturned(Log4j2SpyLogDelegator.java:197) -  org.apache.commons.dbcp.DelegatingConnection.toString(DelegatingConnection.java:114)
2. Connection.isClosed() returned false
[2022-06-24 15:20:35.764] INFO  Log4j2SpyLogDelegator.methodReturned(Log4j2SpyLogDelegator.java:197) -  org.apache.commons.dbcp.DelegatingConnection.toString(DelegatingConnection.java:118)
2. Connection.getMetaData() returned oracle.jdbc.driver.OracleDatabaseMetaData@b965857
[2022-06-24 15:20:35.765] DEBUG Logger.debug(Logger.java:49) - JDBC Connection [jdbc:oracle:thin:@192.168.3.101:1521:xe, UserName=SPRING, Oracle JDBC driver] will not be managed by Spring
[2022-06-24 15:20:35.765] DEBUG BaseJdbcLogger.debug(BaseJdbcLogger.java:137) - ==>  Preparing: DELETE FROM pc_board WHERE seq = ?
[2022-06-24 15:20:35.765] INFO  Log4j2SpyLogDelegator.methodReturned(Log4j2SpyLogDelegator.java:197) -  org.apache.commons.dbcp.DelegatingConnection.prepareStatement(DelegatingConnection.java:281)
2. PreparedStatement.new PreparedStatement returned 
[2022-06-24 15:20:35.766] INFO  Log4j2SpyLogDelegator.methodReturned(Log4j2SpyLogDelegator.java:197) -  org.apache.commons.dbcp.DelegatingConnection.prepareStatement(DelegatingConnection.java:281)
2. Connection.prepareStatement(DELETE FROM pc_board
        WHERE seq = ?) returned net.sf.log4jdbc.sql.jdbcapi.PreparedStatementSpy@53a5e217
[2022-06-24 15:20:35.766] INFO  Log4j2SpyLogDelegator.methodReturned(Log4j2SpyLogDelegator.java:197) -  org.apache.commons.dbcp.DelegatingPreparedStatement.setInt(DelegatingPreparedStatement.java:120)
2. PreparedStatement.setInt(1, 2700) returned 
[2022-06-24 15:20:35.766] DEBUG BaseJdbcLogger.debug(BaseJdbcLogger.java:137) - ==> Parameters: 2700(Integer)
[2022-06-24 15:20:36.091] INFO  Log4j2SpyLogDelegator.sqlTimingOccurred(Log4j2SpyLogDelegator.java:243) -  org.apache.commons.dbcp.DelegatingPreparedStatement.execute(DelegatingPreparedStatement.java:172)
2. DELETE FROM pc_board WHERE seq = 2700  {executed in 324 ms}
[2022-06-24 15:20:36.092] INFO  Log4j2SpyLogDelegator.methodReturned(Log4j2SpyLogDelegator.java:197) -  org.apache.commons.dbcp.DelegatingPreparedStatement.execute(DelegatingPreparedStatement.java:172)
2. PreparedStatement.execute() returned false
[2022-06-24 15:20:36.093] INFO  Log4j2SpyLogDelegator.methodReturned(Log4j2SpyLogDelegator.java:197) -  org.apache.commons.dbcp.DelegatingStatement.getUpdateCount(DelegatingStatement.java:267)
2. PreparedStatement.getUpdateCount() returned 0
[2022-06-24 15:20:36.094] DEBUG BaseJdbcLogger.debug(BaseJdbcLogger.java:137) - <==    Updates: 0
[2022-06-24 15:20:36.095] INFO  Log4j2SpyLogDelegator.methodReturned(Log4j2SpyLogDelegator.java:197) -  org.apache.commons.dbcp.DelegatingStatement.close(DelegatingStatement.java:168)
2. PreparedStatement.close() returned 
[2022-06-24 15:20:36.096] DEBUG Logger.debug(Logger.java:49) - Closing non transactional SqlSession [org.apache.ibatis.session.defaults.DefaultSqlSession@7aa9e414]
[2022-06-24 15:20:36.097] INFO  Log4j2SpyLogDelegator.methodReturned(Log4j2SpyLogDelegator.java:197) -  org.apache.commons.dbcp.PoolableConnection.close(PoolableConnection.java:72)
2. Connection.isClosed() returned false
[2022-06-24 15:20:36.098] INFO  Log4j2SpyLogDelegator.methodReturned(Log4j2SpyLogDelegator.java:197) -  org.apache.commons.dbcp.DelegatingConnection.getAutoCommit(DelegatingConnection.java:337)
2. Connection.getAutoCommit() returned true
[2022-06-24 15:20:36.099] INFO  Log4j2SpyLogDelegator.methodReturned(Log4j2SpyLogDelegator.java:197) -  org.apache.commons.dbcp.DelegatingConnection.clearWarnings(DelegatingConnection.java:331)
2. Connection.clearWarnings() returned 
[2022-06-24 15:20:36.100] INFO  Log4j2SpyLogDelegator.methodReturned(Log4j2SpyLogDelegator.java:197) -  org.apache.commons.dbcp.DelegatingConnection.getAutoCommit(DelegatingConnection.java:337)
2. Connection.getAutoCommit() returned true
[2022-06-24 15:20:36.101] DEBUG BoardDaoImpl.doDelete(BoardDaoImpl.java:49) - flag:0
[2022-06-24 15:20:36.101] DEBUG BoardDaoImpl.getCount(BoardDaoImpl.java:73) - ==============================
[2022-06-24 15:20:36.102] DEBUG BoardDaoImpl.getCount(BoardDaoImpl.java:74) - param:BoardVO [seq=27, title=제목_27, contents=내용_27, readCnt=0, div=10, regDt=날짜_사용안함, regId=최유빈, modDt=날짜_사용안함, modId=최유빈, toString()=DTO [num=0, totalCnt=0]]
[2022-06-24 15:20:36.103] DEBUG BoardDaoImpl.getCount(BoardDaoImpl.java:75) - statement:com.pcwk.ehr.board.getCount
[2022-06-24 15:20:36.103] DEBUG BoardDaoImpl.getCount(BoardDaoImpl.java:76) - ==============================
[2022-06-24 15:20:36.104] DEBUG Logger.debug(Logger.java:49) - Creating a new SqlSession
[2022-06-24 15:20:36.105] DEBUG Logger.debug(Logger.java:49) - SqlSession [org.apache.ibatis.session.defaults.DefaultSqlSession@624a24f6] was not registered for synchronization because synchronization is not active
[2022-06-24 15:20:36.109] DEBUG DataSourceUtils.doGetConnection(DataSourceUtils.java:116) - Fetching JDBC Connection from DataSource
[2022-06-24 15:20:36.110] INFO  Log4j2SpyLogDelegator.methodReturned(Log4j2SpyLogDelegator.java:197) -  org.apache.commons.dbcp.DelegatingConnection.getAutoCommit(DelegatingConnection.java:337)
2. Connection.getAutoCommit() returned true
[2022-06-24 15:20:36.111] INFO  Log4j2SpyLogDelegator.methodReturned(Log4j2SpyLogDelegator.java:197) -  org.apache.commons.dbcp.DelegatingConnection.getAutoCommit(DelegatingConnection.java:337)
2. Connection.getAutoCommit() returned true
[2022-06-24 15:20:36.111] INFO  Log4j2SpyLogDelegator.methodReturned(Log4j2SpyLogDelegator.java:197) -  org.apache.commons.dbcp.DelegatingConnection.toString(DelegatingConnection.java:114)
2. Connection.isClosed() returned false
[2022-06-24 15:20:36.112] INFO  Log4j2SpyLogDelegator.methodReturned(Log4j2SpyLogDelegator.java:197) -  org.apache.commons.dbcp.DelegatingConnection.toString(DelegatingConnection.java:118)
2. Connection.getMetaData() returned oracle.jdbc.driver.OracleDatabaseMetaData@b965857
[2022-06-24 15:20:36.112] DEBUG Logger.debug(Logger.java:49) - JDBC Connection [jdbc:oracle:thin:@192.168.3.101:1521:xe, UserName=SPRING, Oracle JDBC driver] will not be managed by Spring
[2022-06-24 15:20:36.113] DEBUG BaseJdbcLogger.debug(BaseJdbcLogger.java:137) - ==>  Preparing: SELECT COUNT(*) CNT FROM pc_board WHERE seq LIKE ? || '%'
[2022-06-24 15:20:36.113] INFO  Log4j2SpyLogDelegator.methodReturned(Log4j2SpyLogDelegator.java:197) -  org.apache.commons.dbcp.DelegatingConnection.prepareStatement(DelegatingConnection.java:281)
2. PreparedStatement.new PreparedStatement returned 
[2022-06-24 15:20:36.114] INFO  Log4j2SpyLogDelegator.methodReturned(Log4j2SpyLogDelegator.java:197) -  org.apache.commons.dbcp.DelegatingConnection.prepareStatement(DelegatingConnection.java:281)
2. Connection.prepareStatement(SELECT COUNT(*) CNT
        FROM pc_board
        WHERE seq LIKE ? || '%') returned net.sf.log4jdbc.sql.jdbcapi.PreparedStatementSpy@4e73b552
[2022-06-24 15:20:36.114] INFO  Log4j2SpyLogDelegator.methodReturned(Log4j2SpyLogDelegator.java:197) -  org.apache.commons.dbcp.DelegatingPreparedStatement.setInt(DelegatingPreparedStatement.java:120)
2. PreparedStatement.setInt(1, 27) returned 
[2022-06-24 15:20:36.115] DEBUG BaseJdbcLogger.debug(BaseJdbcLogger.java:137) - ==> Parameters: 27(Integer)
[2022-06-24 15:20:36.167] INFO  Log4j2SpyLogDelegator.sqlTimingOccurred(Log4j2SpyLogDelegator.java:243) -  org.apache.commons.dbcp.DelegatingPreparedStatement.execute(DelegatingPreparedStatement.java:172)
2. SELECT COUNT(*) CNT FROM pc_board WHERE seq LIKE 27 || '%'  {executed in 52 ms}
[2022-06-24 15:20:36.169] INFO  Log4j2SpyLogDelegator.methodReturned(Log4j2SpyLogDelegator.java:197) -  org.apache.commons.dbcp.DelegatingPreparedStatement.execute(DelegatingPreparedStatement.java:172)
2. PreparedStatement.execute() returned true
[2022-06-24 15:20:36.176] INFO  Log4j2SpyLogDelegator.methodReturned(Log4j2SpyLogDelegator.java:197) -  org.apache.commons.dbcp.DelegatingStatement.getResultSet(DelegatingStatement.java:219)
2. ResultSet.new ResultSet returned 
[2022-06-24 15:20:36.177] INFO  Log4j2SpyLogDelegator.methodReturned(Log4j2SpyLogDelegator.java:197) -  org.apache.commons.dbcp.DelegatingStatement.getResultSet(DelegatingStatement.java:219)
2. PreparedStatement.getResultSet() returned net.sf.log4jdbc.sql.jdbcapi.ResultSetSpy@7942a854
[2022-06-24 15:20:36.187] INFO  Log4j2SpyLogDelegator.methodReturned(Log4j2SpyLogDelegator.java:197) -  org.apache.commons.dbcp.DelegatingResultSet.getMetaData(DelegatingResultSet.java:322)
2. ResultSet.getMetaData() returned oracle.jdbc.driver.OracleResultSetMetaData@2bebb74f
[2022-06-24 15:20:36.188] INFO  Log4j2SpyLogDelegator.methodReturned(Log4j2SpyLogDelegator.java:197) -  org.apache.commons.dbcp.DelegatingResultSet.getType(DelegatingResultSet.java:394)
2. ResultSet.getType() returned 1003
[2022-06-24 15:20:36.188] INFO  Log4j2SpyLogDelegator.methodReturned(Log4j2SpyLogDelegator.java:197) -  org.apache.commons.dbcp.DelegatingResultSet.isClosed(DelegatingResultSet.java:688)
2. ResultSet.isClosed() returned false
[2022-06-24 15:20:36.189] INFO  Log4j2SpyLogDelegator.methodReturned(Log4j2SpyLogDelegator.java:197) -  org.apache.commons.dbcp.DelegatingResultSet.next(DelegatingResultSet.java:207)
2. ResultSet.next() returned true
[2022-06-24 15:20:36.190] INFO  Log4j2SpyLogDelegator.methodReturned(Log4j2SpyLogDelegator.java:197) -  org.apache.commons.dbcp.DelegatingResultSet.getInt(DelegatingResultSet.java:275)
2. ResultSet.getInt(CNT) returned 0
[2022-06-24 15:20:36.191] INFO  Log4j2SpyLogDelegator.methodReturned(Log4j2SpyLogDelegator.java:197) -  org.apache.commons.dbcp.DelegatingResultSet.wasNull(DelegatingResultSet.java:210)
2. ResultSet.wasNull() returned false
[2022-06-24 15:20:36.191] INFO  Log4j2SpyLogDelegator.methodReturned(Log4j2SpyLogDelegator.java:197) -  org.apache.commons.dbcp.DelegatingResultSet.isClosed(DelegatingResultSet.java:688)
2. ResultSet.isClosed() returned false
[2022-06-24 15:20:36.192] INFO  Log4j2SpyLogDelegator.resultSetCollected(Log4j2SpyLogDelegator.java:390) - 
|----|
|cnt |
|----|
|0   |
|----|

[2022-06-24 15:20:36.193] INFO  Log4j2SpyLogDelegator.methodReturned(Log4j2SpyLogDelegator.java:197) -  org.apache.commons.dbcp.DelegatingResultSet.next(DelegatingResultSet.java:207)
2. ResultSet.next() returned false
[2022-06-24 15:20:36.193] DEBUG BaseJdbcLogger.debug(BaseJdbcLogger.java:137) - <==      Total: 1
[2022-06-24 15:20:36.193] INFO  Log4j2SpyLogDelegator.methodReturned(Log4j2SpyLogDelegator.java:197) -  org.apache.commons.dbcp.DelegatingResultSet.close(DelegatingResultSet.java:187)
2. ResultSet.close() returned void
[2022-06-24 15:20:36.196] INFO  Log4j2SpyLogDelegator.methodReturned(Log4j2SpyLogDelegator.java:197) -  org.apache.commons.dbcp.DelegatingConnection.getMetaData(DelegatingConnection.java:345)
2. Connection.getMetaData() returned oracle.jdbc.driver.OracleDatabaseMetaData@b965857
[2022-06-24 15:20:36.196] INFO  Log4j2SpyLogDelegator.methodReturned(Log4j2SpyLogDelegator.java:197) -  org.apache.commons.dbcp.DelegatingStatement.close(DelegatingStatement.java:168)
2. PreparedStatement.close() returned 
[2022-06-24 15:20:36.197] DEBUG Logger.debug(Logger.java:49) - Closing non transactional SqlSession [org.apache.ibatis.session.defaults.DefaultSqlSession@624a24f6]
[2022-06-24 15:20:36.197] INFO  Log4j2SpyLogDelegator.methodReturned(Log4j2SpyLogDelegator.java:197) -  org.apache.commons.dbcp.PoolableConnection.close(PoolableConnection.java:72)
2. Connection.isClosed() returned false
[2022-06-24 15:20:36.197] INFO  Log4j2SpyLogDelegator.methodReturned(Log4j2SpyLogDelegator.java:197) -  org.apache.commons.dbcp.DelegatingConnection.getAutoCommit(DelegatingConnection.java:337)
2. Connection.getAutoCommit() returned true
[2022-06-24 15:20:36.198] INFO  Log4j2SpyLogDelegator.methodReturned(Log4j2SpyLogDelegator.java:197) -  org.apache.commons.dbcp.DelegatingConnection.clearWarnings(DelegatingConnection.java:331)
2. Connection.clearWarnings() returned 
[2022-06-24 15:20:36.198] INFO  Log4j2SpyLogDelegator.methodReturned(Log4j2SpyLogDelegator.java:197) -  org.apache.commons.dbcp.DelegatingConnection.getAutoCommit(DelegatingConnection.java:337)
2. Connection.getAutoCommit() returned true
[2022-06-24 15:20:36.198] DEBUG BoardDaoImpl.getCount(BoardDaoImpl.java:79) - count:0
[2022-06-24 15:20:36.198] DEBUG BoardDaoImpl.doInsert(BoardDaoImpl.java:87) - ==============================
[2022-06-24 15:20:36.198] DEBUG BoardDaoImpl.doInsert(BoardDaoImpl.java:88) - param:BoardVO [seq=27, title=제목_27, contents=내용_27, readCnt=0, div=10, regDt=날짜_사용안함, regId=최유빈, modDt=날짜_사용안함, modId=최유빈, toString()=DTO [num=0, totalCnt=0]]
[2022-06-24 15:20:36.198] DEBUG BoardDaoImpl.doInsert(BoardDaoImpl.java:89) - statement:com.pcwk.ehr.board.doInsert
[2022-06-24 15:20:36.198] DEBUG BoardDaoImpl.doInsert(BoardDaoImpl.java:90) - ==============================
[2022-06-24 15:20:36.198] DEBUG Logger.debug(Logger.java:49) - Creating a new SqlSession
[2022-06-24 15:20:36.199] DEBUG Logger.debug(Logger.java:49) - SqlSession [org.apache.ibatis.session.defaults.DefaultSqlSession@58496c97] was not registered for synchronization because synchronization is not active
[2022-06-24 15:20:36.199] DEBUG DataSourceUtils.doGetConnection(DataSourceUtils.java:116) - Fetching JDBC Connection from DataSource
[2022-06-24 15:20:36.199] INFO  Log4j2SpyLogDelegator.methodReturned(Log4j2SpyLogDelegator.java:197) -  org.apache.commons.dbcp.DelegatingConnection.getAutoCommit(DelegatingConnection.java:337)
2. Connection.getAutoCommit() returned true
[2022-06-24 15:20:36.199] INFO  Log4j2SpyLogDelegator.methodReturned(Log4j2SpyLogDelegator.java:197) -  org.apache.commons.dbcp.DelegatingConnection.getAutoCommit(DelegatingConnection.java:337)
2. Connection.getAutoCommit() returned true
[2022-06-24 15:20:36.199] INFO  Log4j2SpyLogDelegator.methodReturned(Log4j2SpyLogDelegator.java:197) -  org.apache.commons.dbcp.DelegatingConnection.toString(DelegatingConnection.java:114)
2. Connection.isClosed() returned false
[2022-06-24 15:20:36.200] INFO  Log4j2SpyLogDelegator.methodReturned(Log4j2SpyLogDelegator.java:197) -  org.apache.commons.dbcp.DelegatingConnection.toString(DelegatingConnection.java:118)
2. Connection.getMetaData() returned oracle.jdbc.driver.OracleDatabaseMetaData@b965857
[2022-06-24 15:20:36.201] DEBUG Logger.debug(Logger.java:49) - JDBC Connection [jdbc:oracle:thin:@192.168.3.101:1521:xe, UserName=SPRING, Oracle JDBC driver] will not be managed by Spring
[2022-06-24 15:20:36.201] DEBUG BaseJdbcLogger.debug(BaseJdbcLogger.java:137) - ==>  Preparing: INSERT INTO pc_board( seq, title, contents, read_cnt, div, reg_id, mod_id ) VALUES ( ?, ?, ?, ?, ?, ?, ? )
[2022-06-24 15:20:36.201] INFO  Log4j2SpyLogDelegator.methodReturned(Log4j2SpyLogDelegator.java:197) -  org.apache.commons.dbcp.DelegatingConnection.prepareStatement(DelegatingConnection.java:281)
2. PreparedStatement.new PreparedStatement returned 
[2022-06-24 15:20:36.201] INFO  Log4j2SpyLogDelegator.methodReturned(Log4j2SpyLogDelegator.java:197) -  org.apache.commons.dbcp.DelegatingConnection.prepareStatement(DelegatingConnection.java:281)
2. Connection.prepareStatement(INSERT INTO pc_board(
            seq,
            title,
            contents,
            read_cnt,
            div,
            reg_id,
            mod_id
        ) VALUES (
            ?,
            ?,
            ?,
            ?,
            ?,
            ?,
            ?
        )) returned net.sf.log4jdbc.sql.jdbcapi.PreparedStatementSpy@ad3324b
[2022-06-24 15:20:36.201] INFO  Log4j2SpyLogDelegator.methodReturned(Log4j2SpyLogDelegator.java:197) -  org.apache.commons.dbcp.DelegatingPreparedStatement.setInt(DelegatingPreparedStatement.java:120)
2. PreparedStatement.setInt(1, 27) returned 
[2022-06-24 15:20:36.202] INFO  Log4j2SpyLogDelegator.methodReturned(Log4j2SpyLogDelegator.java:197) -  org.apache.commons.dbcp.DelegatingPreparedStatement.setString(DelegatingPreparedStatement.java:135)
2. PreparedStatement.setString(2, "제목_27") returned 
[2022-06-24 15:20:36.204] INFO  Log4j2SpyLogDelegator.methodReturned(Log4j2SpyLogDelegator.java:197) -  org.apache.commons.dbcp.DelegatingPreparedStatement.setString(DelegatingPreparedStatement.java:135)
2. PreparedStatement.setString(3, "내용_27") returned 
[2022-06-24 15:20:36.204] INFO  Log4j2SpyLogDelegator.methodReturned(Log4j2SpyLogDelegator.java:197) -  org.apache.commons.dbcp.DelegatingPreparedStatement.setInt(DelegatingPreparedStatement.java:120)
2. PreparedStatement.setInt(4, 0) returned 
[2022-06-24 15:20:36.204] INFO  Log4j2SpyLogDelegator.methodReturned(Log4j2SpyLogDelegator.java:197) -  org.apache.commons.dbcp.DelegatingPreparedStatement.setString(DelegatingPreparedStatement.java:135)
2. PreparedStatement.setString(5, "10") returned 
[2022-06-24 15:20:36.204] INFO  Log4j2SpyLogDelegator.methodReturned(Log4j2SpyLogDelegator.java:197) -  org.apache.commons.dbcp.DelegatingPreparedStatement.setString(DelegatingPreparedStatement.java:135)
2. PreparedStatement.setString(6, "최유빈") returned 
[2022-06-24 15:20:36.204] INFO  Log4j2SpyLogDelegator.methodReturned(Log4j2SpyLogDelegator.java:197) -  org.apache.commons.dbcp.DelegatingPreparedStatement.setString(DelegatingPreparedStatement.java:135)
2. PreparedStatement.setString(7, "최유빈") returned 
[2022-06-24 15:20:36.204] DEBUG BaseJdbcLogger.debug(BaseJdbcLogger.java:137) - ==> Parameters: 27(Integer), 제목_27(String), 내용_27(String), 0(Integer), 10(String), 최유빈(String), 최유빈(String)
[2022-06-24 15:20:36.216] INFO  Log4j2SpyLogDelegator.sqlTimingOccurred(Log4j2SpyLogDelegator.java:243) -  org.apache.commons.dbcp.DelegatingPreparedStatement.execute(DelegatingPreparedStatement.java:172)
2. INSERT INTO pc_board( seq, title, contents, read_cnt, div, reg_id, mod_id ) VALUES ( 27, '제목_27', 
'내용_27', 0, '10', '최유빈', '최유빈' )  {executed in 11 ms}
[2022-06-24 15:20:36.217] INFO  Log4j2SpyLogDelegator.methodReturned(Log4j2SpyLogDelegator.java:197) -  org.apache.commons.dbcp.DelegatingPreparedStatement.execute(DelegatingPreparedStatement.java:172)
2. PreparedStatement.execute() returned false
[2022-06-24 15:20:36.217] INFO  Log4j2SpyLogDelegator.methodReturned(Log4j2SpyLogDelegator.java:197) -  org.apache.commons.dbcp.DelegatingStatement.getUpdateCount(DelegatingStatement.java:267)
2. PreparedStatement.getUpdateCount() returned 1
[2022-06-24 15:20:36.217] DEBUG BaseJdbcLogger.debug(BaseJdbcLogger.java:137) - <==    Updates: 1
[2022-06-24 15:20:36.218] INFO  Log4j2SpyLogDelegator.methodReturned(Log4j2SpyLogDelegator.java:197) -  org.apache.commons.dbcp.DelegatingStatement.close(DelegatingStatement.java:168)
2. PreparedStatement.close() returned 
[2022-06-24 15:20:36.218] DEBUG Logger.debug(Logger.java:49) - Closing non transactional SqlSession [org.apache.ibatis.session.defaults.DefaultSqlSession@58496c97]
[2022-06-24 15:20:36.218] INFO  Log4j2SpyLogDelegator.methodReturned(Log4j2SpyLogDelegator.java:197) -  org.apache.commons.dbcp.PoolableConnection.close(PoolableConnection.java:72)
2. Connection.isClosed() returned false
[2022-06-24 15:20:36.219] INFO  Log4j2SpyLogDelegator.methodReturned(Log4j2SpyLogDelegator.java:197) -  org.apache.commons.dbcp.DelegatingConnection.getAutoCommit(DelegatingConnection.java:337)
2. Connection.getAutoCommit() returned true
[2022-06-24 15:20:36.219] INFO  Log4j2SpyLogDelegator.methodReturned(Log4j2SpyLogDelegator.java:197) -  org.apache.commons.dbcp.DelegatingConnection.clearWarnings(DelegatingConnection.java:331)
2. Connection.clearWarnings() returned 
[2022-06-24 15:20:36.220] INFO  Log4j2SpyLogDelegator.methodReturned(Log4j2SpyLogDelegator.java:197) -  org.apache.commons.dbcp.DelegatingConnection.getAutoCommit(DelegatingConnection.java:337)
2. Connection.getAutoCommit() returned true
[2022-06-24 15:20:36.220] DEBUG BoardDaoImpl.doInsert(BoardDaoImpl.java:93) - flag:1
[2022-06-24 15:20:36.220] DEBUG BoardDaoImpl.getCount(BoardDaoImpl.java:73) - ==============================
[2022-06-24 15:20:36.220] DEBUG BoardDaoImpl.getCount(BoardDaoImpl.java:74) - param:BoardVO [seq=27, title=제목_27, contents=내용_27, readCnt=0, div=10, regDt=날짜_사용안함, regId=최유빈, modDt=날짜_사용안함, modId=최유빈, toString()=DTO [num=0, totalCnt=0]]
[2022-06-24 15:20:36.220] DEBUG BoardDaoImpl.getCount(BoardDaoImpl.java:75) - statement:com.pcwk.ehr.board.getCount
[2022-06-24 15:20:36.221] DEBUG BoardDaoImpl.getCount(BoardDaoImpl.java:76) - ==============================
[2022-06-24 15:20:36.221] DEBUG Logger.debug(Logger.java:49) - Creating a new SqlSession
[2022-06-24 15:20:36.221] DEBUG Logger.debug(Logger.java:49) - SqlSession [org.apache.ibatis.session.defaults.DefaultSqlSession@2cfa2c4f] was not registered for synchronization because synchronization is not active
[2022-06-24 15:20:36.221] DEBUG DataSourceUtils.doGetConnection(DataSourceUtils.java:116) - Fetching JDBC Connection from DataSource
[2022-06-24 15:20:36.222] INFO  Log4j2SpyLogDelegator.methodReturned(Log4j2SpyLogDelegator.java:197) -  org.apache.commons.dbcp.DelegatingConnection.getAutoCommit(DelegatingConnection.java:337)
2. Connection.getAutoCommit() returned true
[2022-06-24 15:20:36.222] INFO  Log4j2SpyLogDelegator.methodReturned(Log4j2SpyLogDelegator.java:197) -  org.apache.commons.dbcp.DelegatingConnection.getAutoCommit(DelegatingConnection.java:337)
2. Connection.getAutoCommit() returned true
[2022-06-24 15:20:36.222] INFO  Log4j2SpyLogDelegator.methodReturned(Log4j2SpyLogDelegator.java:197) -  org.apache.commons.dbcp.DelegatingConnection.toString(DelegatingConnection.java:114)
2. Connection.isClosed() returned false
[2022-06-24 15:20:36.223] INFO  Log4j2SpyLogDelegator.methodReturned(Log4j2SpyLogDelegator.java:197) -  org.apache.commons.dbcp.DelegatingConnection.toString(DelegatingConnection.java:118)
2. Connection.getMetaData() returned oracle.jdbc.driver.OracleDatabaseMetaData@b965857
[2022-06-24 15:20:36.223] DEBUG Logger.debug(Logger.java:49) - JDBC Connection [jdbc:oracle:thin:@192.168.3.101:1521:xe, UserName=SPRING, Oracle JDBC driver] will not be managed by Spring
[2022-06-24 15:20:36.223] DEBUG BaseJdbcLogger.debug(BaseJdbcLogger.java:137) - ==>  Preparing: SELECT COUNT(*) CNT FROM pc_board WHERE seq LIKE ? || '%'
[2022-06-24 15:20:36.223] INFO  Log4j2SpyLogDelegator.methodReturned(Log4j2SpyLogDelegator.java:197) -  org.apache.commons.dbcp.DelegatingConnection.prepareStatement(DelegatingConnection.java:281)
2. PreparedStatement.new PreparedStatement returned 
[2022-06-24 15:20:36.224] INFO  Log4j2SpyLogDelegator.methodReturned(Log4j2SpyLogDelegator.java:197) -  org.apache.commons.dbcp.DelegatingConnection.prepareStatement(DelegatingConnection.java:281)
2. Connection.prepareStatement(SELECT COUNT(*) CNT
        FROM pc_board
        WHERE seq LIKE ? || '%') returned net.sf.log4jdbc.sql.jdbcapi.PreparedStatementSpy@6ecab872
[2022-06-24 15:20:36.224] INFO  Log4j2SpyLogDelegator.methodReturned(Log4j2SpyLogDelegator.java:197) -  org.apache.commons.dbcp.DelegatingPreparedStatement.setInt(DelegatingPreparedStatement.java:120)
2. PreparedStatement.setInt(1, 27) returned 
[2022-06-24 15:20:36.224] DEBUG BaseJdbcLogger.debug(BaseJdbcLogger.java:137) - ==> Parameters: 27(Integer)
[2022-06-24 15:20:36.229] INFO  Log4j2SpyLogDelegator.sqlTimingOccurred(Log4j2SpyLogDelegator.java:243) -  org.apache.commons.dbcp.DelegatingPreparedStatement.execute(DelegatingPreparedStatement.java:172)
2. SELECT COUNT(*) CNT FROM pc_board WHERE seq LIKE 27 || '%'  {executed in 4 ms}
[2022-06-24 15:20:36.230] INFO  Log4j2SpyLogDelegator.methodReturned(Log4j2SpyLogDelegator.java:197) -  org.apache.commons.dbcp.DelegatingPreparedStatement.execute(DelegatingPreparedStatement.java:172)
2. PreparedStatement.execute() returned true
[2022-06-24 15:20:36.230] INFO  Log4j2SpyLogDelegator.methodReturned(Log4j2SpyLogDelegator.java:197) -  org.apache.commons.dbcp.DelegatingStatement.getResultSet(DelegatingStatement.java:219)
2. ResultSet.new ResultSet returned 
[2022-06-24 15:20:36.231] INFO  Log4j2SpyLogDelegator.methodReturned(Log4j2SpyLogDelegator.java:197) -  org.apache.commons.dbcp.DelegatingStatement.getResultSet(DelegatingStatement.java:219)
2. PreparedStatement.getResultSet() returned net.sf.log4jdbc.sql.jdbcapi.ResultSetSpy@48eb9836
[2022-06-24 15:20:36.232] INFO  Log4j2SpyLogDelegator.methodReturned(Log4j2SpyLogDelegator.java:197) -  org.apache.commons.dbcp.DelegatingResultSet.getMetaData(DelegatingResultSet.java:322)
2. ResultSet.getMetaData() returned oracle.jdbc.driver.OracleResultSetMetaData@6c518474
[2022-06-24 15:20:36.232] INFO  Log4j2SpyLogDelegator.methodReturned(Log4j2SpyLogDelegator.java:197) -  org.apache.commons.dbcp.DelegatingResultSet.getType(DelegatingResultSet.java:394)
2. ResultSet.getType() returned 1003
[2022-06-24 15:20:36.233] INFO  Log4j2SpyLogDelegator.methodReturned(Log4j2SpyLogDelegator.java:197) -  org.apache.commons.dbcp.DelegatingResultSet.isClosed(DelegatingResultSet.java:688)
2. ResultSet.isClosed() returned false
[2022-06-24 15:20:36.233] INFO  Log4j2SpyLogDelegator.methodReturned(Log4j2SpyLogDelegator.java:197) -  org.apache.commons.dbcp.DelegatingResultSet.next(DelegatingResultSet.java:207)
2. ResultSet.next() returned true
[2022-06-24 15:20:36.234] INFO  Log4j2SpyLogDelegator.methodReturned(Log4j2SpyLogDelegator.java:197) -  org.apache.commons.dbcp.DelegatingResultSet.getInt(DelegatingResultSet.java:275)
2. ResultSet.getInt(CNT) returned 1
[2022-06-24 15:20:36.234] INFO  Log4j2SpyLogDelegator.methodReturned(Log4j2SpyLogDelegator.java:197) -  org.apache.commons.dbcp.DelegatingResultSet.isClosed(DelegatingResultSet.java:688)
2. ResultSet.isClosed() returned false
[2022-06-24 15:20:36.235] INFO  Log4j2SpyLogDelegator.resultSetCollected(Log4j2SpyLogDelegator.java:390) - 
|----|
|cnt |
|----|
|1   |
|----|

[2022-06-24 15:20:36.235] INFO  Log4j2SpyLogDelegator.methodReturned(Log4j2SpyLogDelegator.java:197) -  org.apache.commons.dbcp.DelegatingResultSet.next(DelegatingResultSet.java:207)
2. ResultSet.next() returned false
[2022-06-24 15:20:36.236] DEBUG BaseJdbcLogger.debug(BaseJdbcLogger.java:137) - <==      Total: 1
[2022-06-24 15:20:36.236] INFO  Log4j2SpyLogDelegator.methodReturned(Log4j2SpyLogDelegator.java:197) -  org.apache.commons.dbcp.DelegatingResultSet.close(DelegatingResultSet.java:187)
2. ResultSet.close() returned void
[2022-06-24 15:20:36.237] INFO  Log4j2SpyLogDelegator.methodReturned(Log4j2SpyLogDelegator.java:197) -  org.apache.commons.dbcp.DelegatingConnection.getMetaData(DelegatingConnection.java:345)
2. Connection.getMetaData() returned oracle.jdbc.driver.OracleDatabaseMetaData@b965857
[2022-06-24 15:20:36.238] INFO  Log4j2SpyLogDelegator.methodReturned(Log4j2SpyLogDelegator.java:197) -  org.apache.commons.dbcp.DelegatingStatement.close(DelegatingStatement.java:168)
2. PreparedStatement.close() returned 
[2022-06-24 15:20:36.239] DEBUG Logger.debug(Logger.java:49) - Closing non transactional SqlSession [org.apache.ibatis.session.defaults.DefaultSqlSession@2cfa2c4f]
[2022-06-24 15:20:36.239] INFO  Log4j2SpyLogDelegator.methodReturned(Log4j2SpyLogDelegator.java:197) -  org.apache.commons.dbcp.PoolableConnection.close(PoolableConnection.java:72)
2. Connection.isClosed() returned false
[2022-06-24 15:20:36.239] INFO  Log4j2SpyLogDelegator.methodReturned(Log4j2SpyLogDelegator.java:197) -  org.apache.commons.dbcp.DelegatingConnection.getAutoCommit(DelegatingConnection.java:337)
2. Connection.getAutoCommit() returned true
[2022-06-24 15:20:36.240] INFO  Log4j2SpyLogDelegator.methodReturned(Log4j2SpyLogDelegator.java:197) -  org.apache.commons.dbcp.DelegatingConnection.clearWarnings(DelegatingConnection.java:331)
2. Connection.clearWarnings() returned 
[2022-06-24 15:20:36.240] INFO  Log4j2SpyLogDelegator.methodReturned(Log4j2SpyLogDelegator.java:197) -  org.apache.commons.dbcp.DelegatingConnection.getAutoCommit(DelegatingConnection.java:337)
2. Connection.getAutoCommit() returned true
[2022-06-24 15:20:36.240] DEBUG BoardDaoImpl.getCount(BoardDaoImpl.java:79) - count:1
[2022-06-24 15:20:36.241] DEBUG BoardDaoImpl.doSelectOne(BoardDaoImpl.java:107) - ==============================
[2022-06-24 15:20:36.241] DEBUG BoardDaoImpl.doSelectOne(BoardDaoImpl.java:108) - param:BoardVO [seq=27, title=제목_27, contents=내용_27, readCnt=0, div=10, regDt=날짜_사용안함, regId=최유빈, modDt=날짜_사용안함, modId=최유빈, toString()=DTO [num=0, totalCnt=0]]
[2022-06-24 15:20:36.241] DEBUG BoardDaoImpl.doSelectOne(BoardDaoImpl.java:109) - statement:com.pcwk.ehr.board.doSelectOne
[2022-06-24 15:20:36.241] DEBUG BoardDaoImpl.doSelectOne(BoardDaoImpl.java:110) - ==============================
[2022-06-24 15:20:36.241] DEBUG Logger.debug(Logger.java:49) - Creating a new SqlSession
[2022-06-24 15:20:36.241] DEBUG Logger.debug(Logger.java:49) - SqlSession [org.apache.ibatis.session.defaults.DefaultSqlSession@2a066689] was not registered for synchronization because synchronization is not active
[2022-06-24 15:20:36.241] DEBUG DataSourceUtils.doGetConnection(DataSourceUtils.java:116) - Fetching JDBC Connection from DataSource
[2022-06-24 15:20:36.241] INFO  Log4j2SpyLogDelegator.methodReturned(Log4j2SpyLogDelegator.java:197) -  org.apache.commons.dbcp.DelegatingConnection.getAutoCommit(DelegatingConnection.java:337)
2. Connection.getAutoCommit() returned true
[2022-06-24 15:20:36.242] INFO  Log4j2SpyLogDelegator.methodReturned(Log4j2SpyLogDelegator.java:197) -  org.apache.commons.dbcp.DelegatingConnection.getAutoCommit(DelegatingConnection.java:337)
2. Connection.getAutoCommit() returned true
[2022-06-24 15:20:36.242] INFO  Log4j2SpyLogDelegator.methodReturned(Log4j2SpyLogDelegator.java:197) -  org.apache.commons.dbcp.DelegatingConnection.toString(DelegatingConnection.java:114)
2. Connection.isClosed() returned false
[2022-06-24 15:20:36.242] INFO  Log4j2SpyLogDelegator.methodReturned(Log4j2SpyLogDelegator.java:197) -  org.apache.commons.dbcp.DelegatingConnection.toString(DelegatingConnection.java:118)
2. Connection.getMetaData() returned oracle.jdbc.driver.OracleDatabaseMetaData@b965857
[2022-06-24 15:20:36.243] DEBUG Logger.debug(Logger.java:49) - JDBC Connection [jdbc:oracle:thin:@192.168.3.101:1521:xe, UserName=SPRING, Oracle JDBC driver] will not be managed by Spring
[2022-06-24 15:20:36.243] DEBUG BaseJdbcLogger.debug(BaseJdbcLogger.java:137) - ==>  Preparing: SELECT seq, title, contents, read_cnt as "readCnt", div, TO_CHAR(reg_dt,'yyyy-mm-dd hh24:mi:ss') as "regDt", reg_id as "regId", TO_CHAR(mod_dt,'yyyy-mm-dd hh24:mi:ss') as "modDt", mod_id as "modId" FROM pc_board WHERE seq=?
[2022-06-24 15:20:36.243] INFO  Log4j2SpyLogDelegator.methodReturned(Log4j2SpyLogDelegator.java:197) -  org.apache.commons.dbcp.DelegatingConnection.prepareStatement(DelegatingConnection.java:281)
2. PreparedStatement.new PreparedStatement returned 
[2022-06-24 15:20:36.244] INFO  Log4j2SpyLogDelegator.methodReturned(Log4j2SpyLogDelegator.java:197) -  org.apache.commons.dbcp.DelegatingConnection.prepareStatement(DelegatingConnection.java:281)
2. Connection.prepareStatement(SELECT seq,
            title,
            contents,
            read_cnt as "readCnt",
            div,
            TO_CHAR(reg_dt,'yyyy-mm-dd hh24:mi:ss') as "regDt",
            reg_id as "regId",
            TO_CHAR(mod_dt,'yyyy-mm-dd hh24:mi:ss') as "modDt",
            mod_id as "modId"
        FROM pc_board
        WHERE seq=?) returned net.sf.log4jdbc.sql.jdbcapi.PreparedStatementSpy@3e3861d7
[2022-06-24 15:20:36.244] INFO  Log4j2SpyLogDelegator.methodReturned(Log4j2SpyLogDelegator.java:197) -  org.apache.commons.dbcp.DelegatingPreparedStatement.setInt(DelegatingPreparedStatement.java:120)
2. PreparedStatement.setInt(1, 27) returned 
[2022-06-24 15:20:36.244] DEBUG BaseJdbcLogger.debug(BaseJdbcLogger.java:137) - ==> Parameters: 27(Integer)
[2022-06-24 15:20:36.574] INFO  Log4j2SpyLogDelegator.sqlTimingOccurred(Log4j2SpyLogDelegator.java:243) -  org.apache.commons.dbcp.DelegatingPreparedStatement.execute(DelegatingPreparedStatement.java:172)
2. SELECT seq, title, contents, read_cnt as "readCnt", div, TO_CHAR(reg_dt,'yyyy-mm-dd hh24:mi:ss') 
as "regDt", reg_id as "regId", TO_CHAR(mod_dt,'yyyy-mm-dd hh24:mi:ss') as "modDt", mod_id as 
"modId" FROM pc_board WHERE seq=27  {executed in 330 ms}
[2022-06-24 15:20:36.575] INFO  Log4j2SpyLogDelegator.methodReturned(Log4j2SpyLogDelegator.java:197) -  org.apache.commons.dbcp.DelegatingPreparedStatement.execute(DelegatingPreparedStatement.java:172)
2. PreparedStatement.execute() returned true
[2022-06-24 15:20:36.575] INFO  Log4j2SpyLogDelegator.methodReturned(Log4j2SpyLogDelegator.java:197) -  org.apache.commons.dbcp.DelegatingStatement.getResultSet(DelegatingStatement.java:219)
2. ResultSet.new ResultSet returned 
[2022-06-24 15:20:36.575] INFO  Log4j2SpyLogDelegator.methodReturned(Log4j2SpyLogDelegator.java:197) -  org.apache.commons.dbcp.DelegatingStatement.getResultSet(DelegatingStatement.java:219)
2. PreparedStatement.getResultSet() returned net.sf.log4jdbc.sql.jdbcapi.ResultSetSpy@3531f3ca
[2022-06-24 15:20:36.575] INFO  Log4j2SpyLogDelegator.methodReturned(Log4j2SpyLogDelegator.java:197) -  org.apache.commons.dbcp.DelegatingResultSet.getMetaData(DelegatingResultSet.java:322)
2. ResultSet.getMetaData() returned oracle.jdbc.driver.OracleResultSetMetaData@7fcf294e
[2022-06-24 15:20:36.576] INFO  Log4j2SpyLogDelegator.methodReturned(Log4j2SpyLogDelegator.java:197) -  org.apache.commons.dbcp.DelegatingResultSet.getType(DelegatingResultSet.java:394)
2. ResultSet.getType() returned 1003
[2022-06-24 15:20:36.576] INFO  Log4j2SpyLogDelegator.methodReturned(Log4j2SpyLogDelegator.java:197) -  org.apache.commons.dbcp.DelegatingResultSet.isClosed(DelegatingResultSet.java:688)
2. ResultSet.isClosed() returned false
[2022-06-24 15:20:36.576] INFO  Log4j2SpyLogDelegator.methodReturned(Log4j2SpyLogDelegator.java:197) -  org.apache.commons.dbcp.DelegatingResultSet.next(DelegatingResultSet.java:207)
2. ResultSet.next() returned true
[2022-06-24 15:20:36.578] INFO  Log4j2SpyLogDelegator.methodReturned(Log4j2SpyLogDelegator.java:197) -  org.apache.commons.dbcp.DelegatingResultSet.getInt(DelegatingResultSet.java:275)
2. ResultSet.getInt(SEQ) returned 27
[2022-06-24 15:20:36.578] INFO  Log4j2SpyLogDelegator.methodReturned(Log4j2SpyLogDelegator.java:197) -  org.apache.commons.dbcp.DelegatingResultSet.getString(DelegatingResultSet.java:263)
2. ResultSet.getString(TITLE) returned 제목_27
[2022-06-24 15:20:36.585] INFO  Log4j2SpyLogDelegator.methodReturned(Log4j2SpyLogDelegator.java:197) -  org.apache.commons.dbcp.DelegatingResultSet.getClob(DelegatingResultSet.java:568)
2. ResultSet.getClob(CONTENTS) returned oracle.sql.CLOB@25cd49a4
[2022-06-24 15:20:36.586] INFO  Log4j2SpyLogDelegator.methodReturned(Log4j2SpyLogDelegator.java:197) -  org.apache.commons.dbcp.DelegatingResultSet.getInt(DelegatingResultSet.java:275)
2. ResultSet.getInt(readCnt) returned 0
[2022-06-24 15:20:36.587] INFO  Log4j2SpyLogDelegator.methodReturned(Log4j2SpyLogDelegator.java:197) -  org.apache.commons.dbcp.DelegatingResultSet.wasNull(DelegatingResultSet.java:210)
2. ResultSet.wasNull() returned false
[2022-06-24 15:20:36.587] INFO  Log4j2SpyLogDelegator.methodReturned(Log4j2SpyLogDelegator.java:197) -  org.apache.commons.dbcp.DelegatingResultSet.getString(DelegatingResultSet.java:263)
2. ResultSet.getString(DIV) returned 10
[2022-06-24 15:20:36.587] INFO  Log4j2SpyLogDelegator.methodReturned(Log4j2SpyLogDelegator.java:197) -  org.apache.commons.dbcp.DelegatingResultSet.getString(DelegatingResultSet.java:263)
2. ResultSet.getString(regDt) returned 2022-06-24 15:20:36
[2022-06-24 15:20:36.588] INFO  Log4j2SpyLogDelegator.methodReturned(Log4j2SpyLogDelegator.java:197) -  org.apache.commons.dbcp.DelegatingResultSet.getString(DelegatingResultSet.java:263)
2. ResultSet.getString(regId) returned 최유빈
[2022-06-24 15:20:36.588] INFO  Log4j2SpyLogDelegator.methodReturned(Log4j2SpyLogDelegator.java:197) -  org.apache.commons.dbcp.DelegatingResultSet.getString(DelegatingResultSet.java:263)
2. ResultSet.getString(modDt) returned 2022-06-24 15:20:36
[2022-06-24 15:20:36.589] INFO  Log4j2SpyLogDelegator.methodReturned(Log4j2SpyLogDelegator.java:197) -  org.apache.commons.dbcp.DelegatingResultSet.getString(DelegatingResultSet.java:263)
2. ResultSet.getString(modId) returned 최유빈
[2022-06-24 15:20:36.589] INFO  Log4j2SpyLogDelegator.methodReturned(Log4j2SpyLogDelegator.java:197) -  org.apache.commons.dbcp.DelegatingResultSet.isClosed(DelegatingResultSet.java:688)
2. ResultSet.isClosed() returned false
[2022-06-24 15:20:36.592] INFO  Log4j2SpyLogDelegator.resultSetCollected(Log4j2SpyLogDelegator.java:390) - 
|----|------|---------|--------|----|--------------------|------|--------------------|------|
|seq |title |contents |readcnt |div |regdt               |regid |moddt               |modid |
|----|------|---------|--------|----|--------------------|------|--------------------|------|
|27  |제목_27 |내용_27    |0       |10  |2022-06-24 15:20:36 |최유빈   |2022-06-24 15:20:36 |최유빈   |
|----|------|---------|--------|----|--------------------|------|--------------------|------|

[2022-06-24 15:20:36.592] INFO  Log4j2SpyLogDelegator.methodReturned(Log4j2SpyLogDelegator.java:197) -  org.apache.commons.dbcp.DelegatingResultSet.next(DelegatingResultSet.java:207)
2. ResultSet.next() returned false
[2022-06-24 15:20:36.593] DEBUG BaseJdbcLogger.debug(BaseJdbcLogger.java:137) - <==      Total: 1
[2022-06-24 15:20:36.593] INFO  Log4j2SpyLogDelegator.methodReturned(Log4j2SpyLogDelegator.java:197) -  org.apache.commons.dbcp.DelegatingResultSet.close(DelegatingResultSet.java:187)
2. ResultSet.close() returned void
[2022-06-24 15:20:36.593] INFO  Log4j2SpyLogDelegator.methodReturned(Log4j2SpyLogDelegator.java:197) -  org.apache.commons.dbcp.DelegatingConnection.getMetaData(DelegatingConnection.java:345)
2. Connection.getMetaData() returned oracle.jdbc.driver.OracleDatabaseMetaData@b965857
[2022-06-24 15:20:36.594] INFO  Log4j2SpyLogDelegator.methodReturned(Log4j2SpyLogDelegator.java:197) -  org.apache.commons.dbcp.DelegatingStatement.close(DelegatingStatement.java:168)
2. PreparedStatement.close() returned 
[2022-06-24 15:20:36.594] DEBUG Logger.debug(Logger.java:49) - Closing non transactional SqlSession [org.apache.ibatis.session.defaults.DefaultSqlSession@2a066689]
[2022-06-24 15:20:36.594] INFO  Log4j2SpyLogDelegator.methodReturned(Log4j2SpyLogDelegator.java:197) -  org.apache.commons.dbcp.PoolableConnection.close(PoolableConnection.java:72)
2. Connection.isClosed() returned false
[2022-06-24 15:20:36.595] INFO  Log4j2SpyLogDelegator.methodReturned(Log4j2SpyLogDelegator.java:197) -  org.apache.commons.dbcp.DelegatingConnection.getAutoCommit(DelegatingConnection.java:337)
2. Connection.getAutoCommit() returned true
[2022-06-24 15:20:36.595] INFO  Log4j2SpyLogDelegator.methodReturned(Log4j2SpyLogDelegator.java:197) -  org.apache.commons.dbcp.DelegatingConnection.clearWarnings(DelegatingConnection.java:331)
2. Connection.clearWarnings() returned 
[2022-06-24 15:20:36.595] INFO  Log4j2SpyLogDelegator.methodReturned(Log4j2SpyLogDelegator.java:197) -  org.apache.commons.dbcp.DelegatingConnection.getAutoCommit(DelegatingConnection.java:337)
2. Connection.getAutoCommit() returned true
[2022-06-24 15:20:36.596] DEBUG BoardDaoImpl.doSelectOne(BoardDaoImpl.java:113) - outVO:BoardVO [seq=27, title=제목_27, contents=내용_27, readCnt=0, div=10, regDt=2022-06-24 15:20:36, regId=최유빈, modDt=2022-06-24 15:20:36, modId=최유빈, toString()=DTO [num=0, totalCnt=0]]
[2022-06-24 15:20:36.596] DEBUG BoardDaoImpl.doUpdate(BoardDaoImpl.java:59) - ==============================
[2022-06-24 15:20:36.596] DEBUG BoardDaoImpl.doUpdate(BoardDaoImpl.java:60) - param:BoardVO [seq=27, title=제목_27_U, contents=내용_27_U, readCnt=0, div=20, regDt=2022-06-24 15:20:36, regId=최유빈, modDt=2022-06-24 15:20:36, modId=최유빈_U, toString()=DTO [num=0, totalCnt=0]]
[2022-06-24 15:20:36.596] DEBUG BoardDaoImpl.doUpdate(BoardDaoImpl.java:61) - statement:com.pcwk.ehr.board.doUpdate
[2022-06-24 15:20:36.596] DEBUG BoardDaoImpl.doUpdate(BoardDaoImpl.java:62) - ==============================
[2022-06-24 15:20:36.596] DEBUG Logger.debug(Logger.java:49) - Creating a new SqlSession
[2022-06-24 15:20:36.596] DEBUG Logger.debug(Logger.java:49) - SqlSession [org.apache.ibatis.session.defaults.DefaultSqlSession@2e060819] was not registered for synchronization because synchronization is not active
[2022-06-24 15:20:36.597] DEBUG DataSourceUtils.doGetConnection(DataSourceUtils.java:116) - Fetching JDBC Connection from DataSource
[2022-06-24 15:20:36.597] INFO  Log4j2SpyLogDelegator.methodReturned(Log4j2SpyLogDelegator.java:197) -  org.apache.commons.dbcp.DelegatingConnection.getAutoCommit(DelegatingConnection.java:337)
2. Connection.getAutoCommit() returned true
[2022-06-24 15:20:36.597] INFO  Log4j2SpyLogDelegator.methodReturned(Log4j2SpyLogDelegator.java:197) -  org.apache.commons.dbcp.DelegatingConnection.getAutoCommit(DelegatingConnection.java:337)
2. Connection.getAutoCommit() returned true
[2022-06-24 15:20:36.597] INFO  Log4j2SpyLogDelegator.methodReturned(Log4j2SpyLogDelegator.java:197) -  org.apache.commons.dbcp.DelegatingConnection.toString(DelegatingConnection.java:114)
2. Connection.isClosed() returned false
[2022-06-24 15:20:36.598] INFO  Log4j2SpyLogDelegator.methodReturned(Log4j2SpyLogDelegator.java:197) -  org.apache.commons.dbcp.DelegatingConnection.toString(DelegatingConnection.java:118)
2. Connection.getMetaData() returned oracle.jdbc.driver.OracleDatabaseMetaData@b965857
[2022-06-24 15:20:36.598] DEBUG Logger.debug(Logger.java:49) - JDBC Connection [jdbc:oracle:thin:@192.168.3.101:1521:xe, UserName=SPRING, Oracle JDBC driver] will not be managed by Spring
[2022-06-24 15:20:36.598] DEBUG BaseJdbcLogger.debug(BaseJdbcLogger.java:137) - ==>  Preparing: UPDATE pc_board SET title = ?, contents = ?, read_cnt = ?, div = ?, mod_dt = SYSDATE, mod_id = ? WHERE seq = ?
[2022-06-24 15:20:36.598] INFO  Log4j2SpyLogDelegator.methodReturned(Log4j2SpyLogDelegator.java:197) -  org.apache.commons.dbcp.DelegatingConnection.prepareStatement(DelegatingConnection.java:281)
2. PreparedStatement.new PreparedStatement returned 
[2022-06-24 15:20:36.598] INFO  Log4j2SpyLogDelegator.methodReturned(Log4j2SpyLogDelegator.java:197) -  org.apache.commons.dbcp.DelegatingConnection.prepareStatement(DelegatingConnection.java:281)
2. Connection.prepareStatement(UPDATE pc_board
        SET title = ?,
            contents = ?,
            read_cnt = ?,
            div = ?,
            mod_dt = SYSDATE,
            mod_id = ?
        WHERE seq = ?) returned net.sf.log4jdbc.sql.jdbcapi.PreparedStatementSpy@42c28305
[2022-06-24 15:20:36.599] INFO  Log4j2SpyLogDelegator.methodReturned(Log4j2SpyLogDelegator.java:197) -  org.apache.commons.dbcp.DelegatingPreparedStatement.setString(DelegatingPreparedStatement.java:135)
2. PreparedStatement.setString(1, "제목_27_U") returned 
[2022-06-24 15:20:36.599] INFO  Log4j2SpyLogDelegator.methodReturned(Log4j2SpyLogDelegator.java:197) -  org.apache.commons.dbcp.DelegatingPreparedStatement.setString(DelegatingPreparedStatement.java:135)
2. PreparedStatement.setString(2, "내용_27_U") returned 
[2022-06-24 15:20:36.599] INFO  Log4j2SpyLogDelegator.methodReturned(Log4j2SpyLogDelegator.java:197) -  org.apache.commons.dbcp.DelegatingPreparedStatement.setInt(DelegatingPreparedStatement.java:120)
2. PreparedStatement.setInt(3, 0) returned 
[2022-06-24 15:20:36.600] INFO  Log4j2SpyLogDelegator.methodReturned(Log4j2SpyLogDelegator.java:197) -  org.apache.commons.dbcp.DelegatingPreparedStatement.setString(DelegatingPreparedStatement.java:135)
2. PreparedStatement.setString(4, "20") returned 
[2022-06-24 15:20:36.600] INFO  Log4j2SpyLogDelegator.methodReturned(Log4j2SpyLogDelegator.java:197) -  org.apache.commons.dbcp.DelegatingPreparedStatement.setString(DelegatingPreparedStatement.java:135)
2. PreparedStatement.setString(5, "최유빈_U") returned 
[2022-06-24 15:20:36.600] INFO  Log4j2SpyLogDelegator.methodReturned(Log4j2SpyLogDelegator.java:197) -  org.apache.commons.dbcp.DelegatingPreparedStatement.setInt(DelegatingPreparedStatement.java:120)
2. PreparedStatement.setInt(6, 27) returned 
[2022-06-24 15:20:36.600] DEBUG BaseJdbcLogger.debug(BaseJdbcLogger.java:137) - ==> Parameters: 제목_27_U(String), 내용_27_U(String), 0(Integer), 20(String), 최유빈_U(String), 27(Integer)
[2022-06-24 15:20:36.607] INFO  Log4j2SpyLogDelegator.sqlTimingOccurred(Log4j2SpyLogDelegator.java:243) -  org.apache.commons.dbcp.DelegatingPreparedStatement.execute(DelegatingPreparedStatement.java:172)
2. UPDATE pc_board SET title = '제목_27_U', contents = '내용_27_U', read_cnt = 0, div = '20', mod_dt 
= SYSDATE, mod_id = '최유빈_U' WHERE seq = 27  {executed in 7 ms}
[2022-06-24 15:20:36.608] INFO  Log4j2SpyLogDelegator.methodReturned(Log4j2SpyLogDelegator.java:197) -  org.apache.commons.dbcp.DelegatingPreparedStatement.execute(DelegatingPreparedStatement.java:172)
2. PreparedStatement.execute() returned false
[2022-06-24 15:20:36.609] INFO  Log4j2SpyLogDelegator.methodReturned(Log4j2SpyLogDelegator.java:197) -  org.apache.commons.dbcp.DelegatingStatement.getUpdateCount(DelegatingStatement.java:267)
2. PreparedStatement.getUpdateCount() returned 1
[2022-06-24 15:20:36.609] DEBUG BaseJdbcLogger.debug(BaseJdbcLogger.java:137) - <==    Updates: 1
[2022-06-24 15:20:36.609] INFO  Log4j2SpyLogDelegator.methodReturned(Log4j2SpyLogDelegator.java:197) -  org.apache.commons.dbcp.DelegatingStatement.close(DelegatingStatement.java:168)
2. PreparedStatement.close() returned 
[2022-06-24 15:20:36.609] DEBUG Logger.debug(Logger.java:49) - Closing non transactional SqlSession [org.apache.ibatis.session.defaults.DefaultSqlSession@2e060819]
[2022-06-24 15:20:36.609] INFO  Log4j2SpyLogDelegator.methodReturned(Log4j2SpyLogDelegator.java:197) -  org.apache.commons.dbcp.PoolableConnection.close(PoolableConnection.java:72)
2. Connection.isClosed() returned false
[2022-06-24 15:20:36.609] INFO  Log4j2SpyLogDelegator.methodReturned(Log4j2SpyLogDelegator.java:197) -  org.apache.commons.dbcp.DelegatingConnection.getAutoCommit(DelegatingConnection.java:337)
2. Connection.getAutoCommit() returned true
[2022-06-24 15:20:36.609] INFO  Log4j2SpyLogDelegator.methodReturned(Log4j2SpyLogDelegator.java:197) -  org.apache.commons.dbcp.DelegatingConnection.clearWarnings(DelegatingConnection.java:331)
2. Connection.clearWarnings() returned 
[2022-06-24 15:20:36.610] INFO  Log4j2SpyLogDelegator.methodReturned(Log4j2SpyLogDelegator.java:197) -  org.apache.commons.dbcp.DelegatingConnection.getAutoCommit(DelegatingConnection.java:337)
2. Connection.getAutoCommit() returned true
[2022-06-24 15:20:36.611] DEBUG BoardDaoImpl.doUpdate(BoardDaoImpl.java:65) - flag:1
[2022-06-24 15:20:36.611] DEBUG BoardDaoImpl.doSelectOne(BoardDaoImpl.java:107) - ==============================
[2022-06-24 15:20:36.611] DEBUG BoardDaoImpl.doSelectOne(BoardDaoImpl.java:108) - param:BoardVO [seq=27, title=제목_27_U, contents=내용_27_U, readCnt=0, div=20, regDt=2022-06-24 15:20:36, regId=최유빈, modDt=2022-06-24 15:20:36, modId=최유빈_U, toString()=DTO [num=0, totalCnt=0]]
[2022-06-24 15:20:36.611] DEBUG BoardDaoImpl.doSelectOne(BoardDaoImpl.java:109) - statement:com.pcwk.ehr.board.doSelectOne
[2022-06-24 15:20:36.611] DEBUG BoardDaoImpl.doSelectOne(BoardDaoImpl.java:110) - ==============================
[2022-06-24 15:20:36.611] DEBUG Logger.debug(Logger.java:49) - Creating a new SqlSession
[2022-06-24 15:20:36.611] DEBUG Logger.debug(Logger.java:49) - SqlSession [org.apache.ibatis.session.defaults.DefaultSqlSession@2184b4f4] was not registered for synchronization because synchronization is not active
[2022-06-24 15:20:36.611] DEBUG DataSourceUtils.doGetConnection(DataSourceUtils.java:116) - Fetching JDBC Connection from DataSource
[2022-06-24 15:20:36.611] INFO  Log4j2SpyLogDelegator.methodReturned(Log4j2SpyLogDelegator.java:197) -  org.apache.commons.dbcp.DelegatingConnection.getAutoCommit(DelegatingConnection.java:337)
2. Connection.getAutoCommit() returned true
[2022-06-24 15:20:36.612] INFO  Log4j2SpyLogDelegator.methodReturned(Log4j2SpyLogDelegator.java:197) -  org.apache.commons.dbcp.DelegatingConnection.getAutoCommit(DelegatingConnection.java:337)
2. Connection.getAutoCommit() returned true
[2022-06-24 15:20:36.612] INFO  Log4j2SpyLogDelegator.methodReturned(Log4j2SpyLogDelegator.java:197) -  org.apache.commons.dbcp.DelegatingConnection.toString(DelegatingConnection.java:114)
2. Connection.isClosed() returned false
[2022-06-24 15:20:36.612] INFO  Log4j2SpyLogDelegator.methodReturned(Log4j2SpyLogDelegator.java:197) -  org.apache.commons.dbcp.DelegatingConnection.toString(DelegatingConnection.java:118)
2. Connection.getMetaData() returned oracle.jdbc.driver.OracleDatabaseMetaData@b965857
[2022-06-24 15:20:36.612] DEBUG Logger.debug(Logger.java:49) - JDBC Connection [jdbc:oracle:thin:@192.168.3.101:1521:xe, UserName=SPRING, Oracle JDBC driver] will not be managed by Spring
[2022-06-24 15:20:36.612] DEBUG BaseJdbcLogger.debug(BaseJdbcLogger.java:137) - ==>  Preparing: SELECT seq, title, contents, read_cnt as "readCnt", div, TO_CHAR(reg_dt,'yyyy-mm-dd hh24:mi:ss') as "regDt", reg_id as "regId", TO_CHAR(mod_dt,'yyyy-mm-dd hh24:mi:ss') as "modDt", mod_id as "modId" FROM pc_board WHERE seq=?
[2022-06-24 15:20:36.613] INFO  Log4j2SpyLogDelegator.methodReturned(Log4j2SpyLogDelegator.java:197) -  org.apache.commons.dbcp.DelegatingConnection.prepareStatement(DelegatingConnection.java:281)
2. PreparedStatement.new PreparedStatement returned 
[2022-06-24 15:20:36.613] INFO  Log4j2SpyLogDelegator.methodReturned(Log4j2SpyLogDelegator.java:197) -  org.apache.commons.dbcp.DelegatingConnection.prepareStatement(DelegatingConnection.java:281)
2. Connection.prepareStatement(SELECT seq,
            title,
            contents,
            read_cnt as "readCnt",
            div,
            TO_CHAR(reg_dt,'yyyy-mm-dd hh24:mi:ss') as "regDt",
            reg_id as "regId",
            TO_CHAR(mod_dt,'yyyy-mm-dd hh24:mi:ss') as "modDt",
            mod_id as "modId"
        FROM pc_board
        WHERE seq=?) returned net.sf.log4jdbc.sql.jdbcapi.PreparedStatementSpy@7d199c68
[2022-06-24 15:20:36.613] INFO  Log4j2SpyLogDelegator.methodReturned(Log4j2SpyLogDelegator.java:197) -  org.apache.commons.dbcp.DelegatingPreparedStatement.setInt(DelegatingPreparedStatement.java:120)
2. PreparedStatement.setInt(1, 27) returned 
[2022-06-24 15:20:36.614] DEBUG BaseJdbcLogger.debug(BaseJdbcLogger.java:137) - ==> Parameters: 27(Integer)
[2022-06-24 15:20:36.732] INFO  Log4j2SpyLogDelegator.sqlTimingOccurred(Log4j2SpyLogDelegator.java:243) -  org.apache.commons.dbcp.DelegatingPreparedStatement.execute(DelegatingPreparedStatement.java:172)
2. SELECT seq, title, contents, read_cnt as "readCnt", div, TO_CHAR(reg_dt,'yyyy-mm-dd hh24:mi:ss') 
as "regDt", reg_id as "regId", TO_CHAR(mod_dt,'yyyy-mm-dd hh24:mi:ss') as "modDt", mod_id as 
"modId" FROM pc_board WHERE seq=27  {executed in 117 ms}
[2022-06-24 15:20:36.732] INFO  Log4j2SpyLogDelegator.methodReturned(Log4j2SpyLogDelegator.java:197) -  org.apache.commons.dbcp.DelegatingPreparedStatement.execute(DelegatingPreparedStatement.java:172)
2. PreparedStatement.execute() returned true
[2022-06-24 15:20:36.732] INFO  Log4j2SpyLogDelegator.methodReturned(Log4j2SpyLogDelegator.java:197) -  org.apache.commons.dbcp.DelegatingStatement.getResultSet(DelegatingStatement.java:219)
2. ResultSet.new ResultSet returned 
[2022-06-24 15:20:36.732] INFO  Log4j2SpyLogDelegator.methodReturned(Log4j2SpyLogDelegator.java:197) -  org.apache.commons.dbcp.DelegatingStatement.getResultSet(DelegatingStatement.java:219)
2. PreparedStatement.getResultSet() returned net.sf.log4jdbc.sql.jdbcapi.ResultSetSpy@63411512
[2022-06-24 15:20:36.733] INFO  Log4j2SpyLogDelegator.methodReturned(Log4j2SpyLogDelegator.java:197) -  org.apache.commons.dbcp.DelegatingResultSet.getMetaData(DelegatingResultSet.java:322)
2. ResultSet.getMetaData() returned oracle.jdbc.driver.OracleResultSetMetaData@35cd68d4
[2022-06-24 15:20:36.733] INFO  Log4j2SpyLogDelegator.methodReturned(Log4j2SpyLogDelegator.java:197) -  org.apache.commons.dbcp.DelegatingResultSet.getType(DelegatingResultSet.java:394)
2. ResultSet.getType() returned 1003
[2022-06-24 15:20:36.733] INFO  Log4j2SpyLogDelegator.methodReturned(Log4j2SpyLogDelegator.java:197) -  org.apache.commons.dbcp.DelegatingResultSet.isClosed(DelegatingResultSet.java:688)
2. ResultSet.isClosed() returned false
[2022-06-24 15:20:36.734] INFO  Log4j2SpyLogDelegator.methodReturned(Log4j2SpyLogDelegator.java:197) -  org.apache.commons.dbcp.DelegatingResultSet.next(DelegatingResultSet.java:207)
2. ResultSet.next() returned true
[2022-06-24 15:20:36.734] INFO  Log4j2SpyLogDelegator.methodReturned(Log4j2SpyLogDelegator.java:197) -  org.apache.commons.dbcp.DelegatingResultSet.getInt(DelegatingResultSet.java:275)
2. ResultSet.getInt(SEQ) returned 27
[2022-06-24 15:20:36.734] INFO  Log4j2SpyLogDelegator.methodReturned(Log4j2SpyLogDelegator.java:197) -  org.apache.commons.dbcp.DelegatingResultSet.getString(DelegatingResultSet.java:263)
2. ResultSet.getString(TITLE) returned 제목_27_U
[2022-06-24 15:20:36.735] INFO  Log4j2SpyLogDelegator.methodReturned(Log4j2SpyLogDelegator.java:197) -  org.apache.commons.dbcp.DelegatingResultSet.getClob(DelegatingResultSet.java:568)
2. ResultSet.getClob(CONTENTS) returned oracle.sql.CLOB@35764bef
[2022-06-24 15:20:36.735] INFO  Log4j2SpyLogDelegator.methodReturned(Log4j2SpyLogDelegator.java:197) -  org.apache.commons.dbcp.DelegatingResultSet.getInt(DelegatingResultSet.java:275)
2. ResultSet.getInt(readCnt) returned 0
[2022-06-24 15:20:36.735] INFO  Log4j2SpyLogDelegator.methodReturned(Log4j2SpyLogDelegator.java:197) -  org.apache.commons.dbcp.DelegatingResultSet.wasNull(DelegatingResultSet.java:210)
2. ResultSet.wasNull() returned false
[2022-06-24 15:20:36.736] INFO  Log4j2SpyLogDelegator.methodReturned(Log4j2SpyLogDelegator.java:197) -  org.apache.commons.dbcp.DelegatingResultSet.getString(DelegatingResultSet.java:263)
2. ResultSet.getString(DIV) returned 20
[2022-06-24 15:20:36.736] INFO  Log4j2SpyLogDelegator.methodReturned(Log4j2SpyLogDelegator.java:197) -  org.apache.commons.dbcp.DelegatingResultSet.getString(DelegatingResultSet.java:263)
2. ResultSet.getString(regDt) returned 2022-06-24 15:20:36
[2022-06-24 15:20:36.736] INFO  Log4j2SpyLogDelegator.methodReturned(Log4j2SpyLogDelegator.java:197) -  org.apache.commons.dbcp.DelegatingResultSet.getString(DelegatingResultSet.java:263)
2. ResultSet.getString(regId) returned 최유빈
[2022-06-24 15:20:36.737] INFO  Log4j2SpyLogDelegator.methodReturned(Log4j2SpyLogDelegator.java:197) -  org.apache.commons.dbcp.DelegatingResultSet.getString(DelegatingResultSet.java:263)
2. ResultSet.getString(modDt) returned 2022-06-24 15:20:36
[2022-06-24 15:20:36.738] INFO  Log4j2SpyLogDelegator.methodReturned(Log4j2SpyLogDelegator.java:197) -  org.apache.commons.dbcp.DelegatingResultSet.getString(DelegatingResultSet.java:263)
2. ResultSet.getString(modId) returned 최유빈_U
[2022-06-24 15:20:36.738] INFO  Log4j2SpyLogDelegator.methodReturned(Log4j2SpyLogDelegator.java:197) -  org.apache.commons.dbcp.DelegatingResultSet.isClosed(DelegatingResultSet.java:688)
2. ResultSet.isClosed() returned false
[2022-06-24 15:20:36.739] INFO  Log4j2SpyLogDelegator.resultSetCollected(Log4j2SpyLogDelegator.java:390) - 
|----|--------|---------|--------|----|--------------------|------|--------------------|------|
|seq |title   |contents |readcnt |div |regdt               |regid |moddt               |modid |
|----|--------|---------|--------|----|--------------------|------|--------------------|------|
|27  |제목_27_U |내용_27_U  |0       |20  |2022-06-24 15:20:36 |최유빈   |2022-06-24 15:20:36 |최유빈_U |
|----|--------|---------|--------|----|--------------------|------|--------------------|------|

[2022-06-24 15:20:36.739] INFO  Log4j2SpyLogDelegator.methodReturned(Log4j2SpyLogDelegator.java:197) -  org.apache.commons.dbcp.DelegatingResultSet.next(DelegatingResultSet.java:207)
2. ResultSet.next() returned false
[2022-06-24 15:20:36.740] DEBUG BaseJdbcLogger.debug(BaseJdbcLogger.java:137) - <==      Total: 1
[2022-06-24 15:20:36.740] INFO  Log4j2SpyLogDelegator.methodReturned(Log4j2SpyLogDelegator.java:197) -  org.apache.commons.dbcp.DelegatingResultSet.close(DelegatingResultSet.java:187)
2. ResultSet.close() returned void
[2022-06-24 15:20:36.740] INFO  Log4j2SpyLogDelegator.methodReturned(Log4j2SpyLogDelegator.java:197) -  org.apache.commons.dbcp.DelegatingConnection.getMetaData(DelegatingConnection.java:345)
2. Connection.getMetaData() returned oracle.jdbc.driver.OracleDatabaseMetaData@b965857
[2022-06-24 15:20:36.740] INFO  Log4j2SpyLogDelegator.methodReturned(Log4j2SpyLogDelegator.java:197) -  org.apache.commons.dbcp.DelegatingStatement.close(DelegatingStatement.java:168)
2. PreparedStatement.close() returned 
[2022-06-24 15:20:36.741] DEBUG Logger.debug(Logger.java:49) - Closing non transactional SqlSession [org.apache.ibatis.session.defaults.DefaultSqlSession@2184b4f4]
[2022-06-24 15:20:36.741] INFO  Log4j2SpyLogDelegator.methodReturned(Log4j2SpyLogDelegator.java:197) -  org.apache.commons.dbcp.PoolableConnection.close(PoolableConnection.java:72)
2. Connection.isClosed() returned false
[2022-06-24 15:20:36.741] INFO  Log4j2SpyLogDelegator.methodReturned(Log4j2SpyLogDelegator.java:197) -  org.apache.commons.dbcp.DelegatingConnection.getAutoCommit(DelegatingConnection.java:337)
2. Connection.getAutoCommit() returned true
[2022-06-24 15:20:36.741] INFO  Log4j2SpyLogDelegator.methodReturned(Log4j2SpyLogDelegator.java:197) -  org.apache.commons.dbcp.DelegatingConnection.clearWarnings(DelegatingConnection.java:331)
2. Connection.clearWarnings() returned 
[2022-06-24 15:20:36.741] INFO  Log4j2SpyLogDelegator.methodReturned(Log4j2SpyLogDelegator.java:197) -  org.apache.commons.dbcp.DelegatingConnection.getAutoCommit(DelegatingConnection.java:337)
2. Connection.getAutoCommit() returned true
[2022-06-24 15:20:36.741] DEBUG BoardDaoImpl.doSelectOne(BoardDaoImpl.java:113) - outVO:BoardVO [seq=27, title=제목_27_U, contents=내용_27_U, readCnt=0, div=20, regDt=2022-06-24 15:20:36, regId=최유빈, modDt=2022-06-24 15:20:36, modId=최유빈_U, toString()=DTO [num=0, totalCnt=0]]
[2022-06-24 15:20:36.743] DEBUG DefaultCacheAwareContextLoaderDelegate.loadContext(DefaultCacheAwareContextLoaderDelegate.java:137) - Retrieved ApplicationContext [409962262] from cache with key [[MergedContextConfiguration@10aa41f2 testClass = JunitBoardDaoTest, locations = '{file:src/main/webapp/WEB-INF/spring/root-context.xml, file:src/main/webapp/WEB-INF/spring/appServlet/servlet-context.xml}', classes = '{}', contextInitializerClasses = '[]', activeProfiles = '{}', propertySourceLocations = '{}', propertySourceProperties = '{}', contextCustomizers = set[[empty]], contextLoader = 'org.springframework.test.context.support.DelegatingSmartContextLoader', parent = [null]]]
[2022-06-24 15:20:36.743] DEBUG DefaultContextCache.logStatistics(DefaultContextCache.java:290) - Spring test ApplicationContext cache statistics: [DefaultContextCache@5395ea39 size = 1, maxSize = 32, parentContextCount = 0, hitCount = 4, missCount = 1]
[2022-06-24 15:20:36.744] DEBUG DefaultCacheAwareContextLoaderDelegate.loadContext(DefaultCacheAwareContextLoaderDelegate.java:137) - Retrieved ApplicationContext [409962262] from cache with key [[MergedContextConfiguration@10aa41f2 testClass = JunitBoardDaoTest, locations = '{file:src/main/webapp/WEB-INF/spring/root-context.xml, file:src/main/webapp/WEB-INF/spring/appServlet/servlet-context.xml}', classes = '{}', contextInitializerClasses = '[]', activeProfiles = '{}', propertySourceLocations = '{}', propertySourceProperties = '{}', contextCustomizers = set[[empty]], contextLoader = 'org.springframework.test.context.support.DelegatingSmartContextLoader', parent = [null]]]
[2022-06-24 15:20:36.745] DEBUG DefaultContextCache.logStatistics(DefaultContextCache.java:290) - Spring test ApplicationContext cache statistics: [DefaultContextCache@5395ea39 size = 1, maxSize = 32, parentContextCount = 0, hitCount = 5, missCount = 1]
[2022-06-24 15:20:36.745] DEBUG AbstractDirtiesContextTestExecutionListener.beforeOrAfterTestMethod(AbstractDirtiesContextTestExecutionListener.java:108) - After test method: context [DefaultTestContext@c86b9e3 testClass = JunitBoardDaoTest, testInstance = com.pcwk.ehr.board.JunitBoardDaoTest@10d68fcd, testMethod = doupdate@JunitBoardDaoTest, testException = [null], mergedContextConfiguration = [MergedContextConfiguration@10aa41f2 testClass = JunitBoardDaoTest, locations = '{file:src/main/webapp/WEB-INF/spring/root-context.xml, file:src/main/webapp/WEB-INF/spring/appServlet/servlet-context.xml}', classes = '{}', contextInitializerClasses = '[]', activeProfiles = '{}', propertySourceLocations = '{}', propertySourceProperties = '{}', contextCustomizers = set[[empty]], contextLoader = 'org.springframework.test.context.support.DelegatingSmartContextLoader', parent = [null]], attributes = map['org.springframework.test.context.event.ApplicationEventsTestExecutionListener.recordApplicationEvents' -> false]], class annotated with @DirtiesContext [false] with mode [null], method annotated with @DirtiesContext [false] with mode [null].
[2022-06-24 15:20:36.746] DEBUG DefaultCacheAwareContextLoaderDelegate.loadContext(DefaultCacheAwareContextLoaderDelegate.java:137) - Retrieved ApplicationContext [409962262] from cache with key [[MergedContextConfiguration@10aa41f2 testClass = JunitBoardDaoTest, locations = '{file:src/main/webapp/WEB-INF/spring/root-context.xml, file:src/main/webapp/WEB-INF/spring/appServlet/servlet-context.xml}', classes = '{}', contextInitializerClasses = '[]', activeProfiles = '{}', propertySourceLocations = '{}', propertySourceProperties = '{}', contextCustomizers = set[[empty]], contextLoader = 'org.springframework.test.context.support.DelegatingSmartContextLoader', parent = [null]]]
[2022-06-24 15:20:36.746] DEBUG DefaultContextCache.logStatistics(DefaultContextCache.java:290) - Spring test ApplicationContext cache statistics: [DefaultContextCache@5395ea39 size = 1, maxSize = 32, parentContextCount = 0, hitCount = 6, missCount = 1]
[2022-06-24 15:20:36.747] DEBUG AbstractDirtiesContextTestExecutionListener.beforeOrAfterTestClass(AbstractDirtiesContextTestExecutionListener.java:143) - After test class: context [DefaultTestContext@c86b9e3 testClass = JunitBoardDaoTest, testInstance = [null], testMethod = [null], testException = [null], mergedContextConfiguration = [MergedContextConfiguration@10aa41f2 testClass = JunitBoardDaoTest, locations = '{file:src/main/webapp/WEB-INF/spring/root-context.xml, file:src/main/webapp/WEB-INF/spring/appServlet/servlet-context.xml}', classes = '{}', contextInitializerClasses = '[]', activeProfiles = '{}', propertySourceLocations = '{}', propertySourceProperties = '{}', contextCustomizers = set[[empty]], contextLoader = 'org.springframework.test.context.support.DelegatingSmartContextLoader', parent = [null]], attributes = map['org.springframework.test.context.event.ApplicationEventsTestExecutionListener.recordApplicationEvents' -> false]], class annotated with @DirtiesContext [false] with mode [null].
[2022-06-24 15:20:36.748] DEBUG AbstractApplicationContext.doClose(AbstractApplicationContext.java:1049) - Closing org.springframework.context.support.GenericApplicationContext@186f8716, started on Fri Jun 24 15:20:25 KST 2022
[2022-06-24 15:20:36.774] INFO  Log4j2SpyLogDelegator.connectionModified(Log4j2SpyLogDelegator.java:365) -  org.apache.commons.dbcp.DelegatingConnection.close(DelegatingConnection.java:247)
2. Connection closed. {executed in 24ms} 
open connections:  none
[2022-06-24 15:20:36.774] INFO  Log4j2SpyLogDelegator.methodReturned(Log4j2SpyLogDelegator.java:197) -  org.apache.commons.dbcp.DelegatingConnection.close(DelegatingConnection.java:247)
2. Connection.close() returned 
